CRITICAL - 2023-10-25 20:30:48 --> Undefined property: stdClass::$id
#0 C:\Users\juanp\Desktop\exa_adopciones\app\Views\adoptador\mostrar.php(26): CodeIgniter\Debug\Exceptions->errorHandler(2, 'Undefined prope...', 'C:\\Users\\juanp\\...', 26)
#1 C:\Users\juanp\Desktop\exa_adopciones\system\View\View.php(210): include('C:\\Users\\juanp\\...')
#2 C:\Users\juanp\Desktop\exa_adopciones\system\View\View.php(213): CodeIgniter\View\View->CodeIgniter\View\{closure}()
#3 C:\Users\juanp\Desktop\exa_adopciones\system\Common.php(1089): CodeIgniter\View\View->render('adoptador/mostr...', Array, true)
#4 C:\Users\juanp\Desktop\exa_adopciones\app\Controllers\Adoptador.php(20): view('adoptador/mostr...', Array)
#5 C:\Users\juanp\Desktop\exa_adopciones\system\CodeIgniter.php(832): App\Controllers\Adoptador->mostrar()
#6 C:\Users\juanp\Desktop\exa_adopciones\system\CodeIgniter.php(419): CodeIgniter\CodeIgniter->runController(Object(App\Controllers\Adoptador))
#7 C:\Users\juanp\Desktop\exa_adopciones\system\CodeIgniter.php(326): CodeIgniter\CodeIgniter->handleRequest(NULL, Object(Config\Cache), false)
#8 C:\Users\juanp\Desktop\exa_adopciones\public\index.php(37): CodeIgniter\CodeIgniter->run()
#9 C:\Users\juanp\Desktop\exa_adopciones\system\Commands\Server\rewrite.php(43): require_once('C:\\Users\\juanp\\...')
#10 {main}
CRITICAL - 2023-10-25 20:37:20 --> Undefined property: stdClass::$id
#0 C:\Users\juanp\Desktop\exa_adopciones\app\Views\adoptador\mostrar.php(26): CodeIgniter\Debug\Exceptions->errorHandler(2, 'Undefined prope...', 'C:\\Users\\juanp\\...', 26)
#1 C:\Users\juanp\Desktop\exa_adopciones\system\View\View.php(210): include('C:\\Users\\juanp\\...')
#2 C:\Users\juanp\Desktop\exa_adopciones\system\View\View.php(213): CodeIgniter\View\View->CodeIgniter\View\{closure}()
#3 C:\Users\juanp\Desktop\exa_adopciones\system\Common.php(1089): CodeIgniter\View\View->render('adoptador/mostr...', Array, true)
#4 C:\Users\juanp\Desktop\exa_adopciones\app\Controllers\Adoptador.php(20): view('adoptador/mostr...', Array)
#5 C:\Users\juanp\Desktop\exa_adopciones\system\CodeIgniter.php(832): App\Controllers\Adoptador->mostrar()
#6 C:\Users\juanp\Desktop\exa_adopciones\system\CodeIgniter.php(419): CodeIgniter\CodeIgniter->runController(Object(App\Controllers\Adoptador))
#7 C:\Users\juanp\Desktop\exa_adopciones\system\CodeIgniter.php(326): CodeIgniter\CodeIgniter->handleRequest(NULL, Object(Config\Cache), false)
#8 C:\Users\juanp\Desktop\exa_adopciones\public\index.php(37): CodeIgniter\CodeIgniter->run()
#9 C:\Users\juanp\Desktop\exa_adopciones\system\Commands\Server\rewrite.php(43): require_once('C:\\Users\\juanp\\...')
#10 {main}
CRITICAL - 2023-10-25 20:37:21 --> Undefined property: stdClass::$id
#0 C:\Users\juanp\Desktop\exa_adopciones\app\Views\adoptador\mostrar.php(26): CodeIgniter\Debug\Exceptions->errorHandler(2, 'Undefined prope...', 'C:\\Users\\juanp\\...', 26)
#1 C:\Users\juanp\Desktop\exa_adopciones\system\View\View.php(210): include('C:\\Users\\juanp\\...')
#2 C:\Users\juanp\Desktop\exa_adopciones\system\View\View.php(213): CodeIgniter\View\View->CodeIgniter\View\{closure}()
#3 C:\Users\juanp\Desktop\exa_adopciones\system\Common.php(1089): CodeIgniter\View\View->render('adoptador/mostr...', Array, true)
#4 C:\Users\juanp\Desktop\exa_adopciones\app\Controllers\Adoptador.php(20): view('adoptador/mostr...', Array)
#5 C:\Users\juanp\Desktop\exa_adopciones\system\CodeIgniter.php(832): App\Controllers\Adoptador->mostrar()
#6 C:\Users\juanp\Desktop\exa_adopciones\system\CodeIgniter.php(419): CodeIgniter\CodeIgniter->runController(Object(App\Controllers\Adoptador))
#7 C:\Users\juanp\Desktop\exa_adopciones\system\CodeIgniter.php(326): CodeIgniter\CodeIgniter->handleRequest(NULL, Object(Config\Cache), false)
#8 C:\Users\juanp\Desktop\exa_adopciones\public\index.php(37): CodeIgniter\CodeIgniter->run()
#9 C:\Users\juanp\Desktop\exa_adopciones\system\Commands\Server\rewrite.php(43): require_once('C:\\Users\\juanp\\...')
#10 {main}
CRITICAL - 2023-10-25 20:37:22 --> Undefined property: stdClass::$id
#0 C:\Users\juanp\Desktop\exa_adopciones\app\Views\adoptador\mostrar.php(26): CodeIgniter\Debug\Exceptions->errorHandler(2, 'Undefined prope...', 'C:\\Users\\juanp\\...', 26)
#1 C:\Users\juanp\Desktop\exa_adopciones\system\View\View.php(210): include('C:\\Users\\juanp\\...')
#2 C:\Users\juanp\Desktop\exa_adopciones\system\View\View.php(213): CodeIgniter\View\View->CodeIgniter\View\{closure}()
#3 C:\Users\juanp\Desktop\exa_adopciones\system\Common.php(1089): CodeIgniter\View\View->render('adoptador/mostr...', Array, true)
#4 C:\Users\juanp\Desktop\exa_adopciones\app\Controllers\Adoptador.php(20): view('adoptador/mostr...', Array)
#5 C:\Users\juanp\Desktop\exa_adopciones\system\CodeIgniter.php(832): App\Controllers\Adoptador->mostrar()
#6 C:\Users\juanp\Desktop\exa_adopciones\system\CodeIgniter.php(419): CodeIgniter\CodeIgniter->runController(Object(App\Controllers\Adoptador))
#7 C:\Users\juanp\Desktop\exa_adopciones\system\CodeIgniter.php(326): CodeIgniter\CodeIgniter->handleRequest(NULL, Object(Config\Cache), false)
#8 C:\Users\juanp\Desktop\exa_adopciones\public\index.php(37): CodeIgniter\CodeIgniter->run()
#9 C:\Users\juanp\Desktop\exa_adopciones\system\Commands\Server\rewrite.php(43): require_once('C:\\Users\\juanp\\...')
#10 {main}
CRITICAL - 2023-10-25 20:37:22 --> Undefined property: stdClass::$id
#0 C:\Users\juanp\Desktop\exa_adopciones\app\Views\adoptador\mostrar.php(26): CodeIgniter\Debug\Exceptions->errorHandler(2, 'Undefined prope...', 'C:\\Users\\juanp\\...', 26)
#1 C:\Users\juanp\Desktop\exa_adopciones\system\View\View.php(210): include('C:\\Users\\juanp\\...')
#2 C:\Users\juanp\Desktop\exa_adopciones\system\View\View.php(213): CodeIgniter\View\View->CodeIgniter\View\{closure}()
#3 C:\Users\juanp\Desktop\exa_adopciones\system\Common.php(1089): CodeIgniter\View\View->render('adoptador/mostr...', Array, true)
#4 C:\Users\juanp\Desktop\exa_adopciones\app\Controllers\Adoptador.php(20): view('adoptador/mostr...', Array)
#5 C:\Users\juanp\Desktop\exa_adopciones\system\CodeIgniter.php(832): App\Controllers\Adoptador->mostrar()
#6 C:\Users\juanp\Desktop\exa_adopciones\system\CodeIgniter.php(419): CodeIgniter\CodeIgniter->runController(Object(App\Controllers\Adoptador))
#7 C:\Users\juanp\Desktop\exa_adopciones\system\CodeIgniter.php(326): CodeIgniter\CodeIgniter->handleRequest(NULL, Object(Config\Cache), false)
#8 C:\Users\juanp\Desktop\exa_adopciones\public\index.php(37): CodeIgniter\CodeIgniter->run()
#9 C:\Users\juanp\Desktop\exa_adopciones\system\Commands\Server\rewrite.php(43): require_once('C:\\Users\\juanp\\...')
#10 {main}
CRITICAL - 2023-10-25 20:39:00 --> Undefined property: stdClass::$id
#0 C:\Users\juanp\Desktop\exa_adopciones\app\Views\adoptador\mostrar.php(26): CodeIgniter\Debug\Exceptions->errorHandler(2, 'Undefined prope...', 'C:\\Users\\juanp\\...', 26)
#1 C:\Users\juanp\Desktop\exa_adopciones\system\View\View.php(210): include('C:\\Users\\juanp\\...')
#2 C:\Users\juanp\Desktop\exa_adopciones\system\View\View.php(213): CodeIgniter\View\View->CodeIgniter\View\{closure}()
#3 C:\Users\juanp\Desktop\exa_adopciones\system\Common.php(1089): CodeIgniter\View\View->render('adoptador/mostr...', Array, true)
#4 C:\Users\juanp\Desktop\exa_adopciones\app\Controllers\Adoptador.php(20): view('adoptador/mostr...', Array)
#5 C:\Users\juanp\Desktop\exa_adopciones\system\CodeIgniter.php(832): App\Controllers\Adoptador->mostrar()
#6 C:\Users\juanp\Desktop\exa_adopciones\system\CodeIgniter.php(419): CodeIgniter\CodeIgniter->runController(Object(App\Controllers\Adoptador))
#7 C:\Users\juanp\Desktop\exa_adopciones\system\CodeIgniter.php(326): CodeIgniter\CodeIgniter->handleRequest(NULL, Object(Config\Cache), false)
#8 C:\Users\juanp\Desktop\exa_adopciones\public\index.php(37): CodeIgniter\CodeIgniter->run()
#9 C:\Users\juanp\Desktop\exa_adopciones\system\Commands\Server\rewrite.php(43): require_once('C:\\Users\\juanp\\...')
#10 {main}
CRITICAL - 2023-10-25 20:39:01 --> Undefined property: stdClass::$id
#0 C:\Users\juanp\Desktop\exa_adopciones\app\Views\adoptador\mostrar.php(26): CodeIgniter\Debug\Exceptions->errorHandler(2, 'Undefined prope...', 'C:\\Users\\juanp\\...', 26)
#1 C:\Users\juanp\Desktop\exa_adopciones\system\View\View.php(210): include('C:\\Users\\juanp\\...')
#2 C:\Users\juanp\Desktop\exa_adopciones\system\View\View.php(213): CodeIgniter\View\View->CodeIgniter\View\{closure}()
#3 C:\Users\juanp\Desktop\exa_adopciones\system\Common.php(1089): CodeIgniter\View\View->render('adoptador/mostr...', Array, true)
#4 C:\Users\juanp\Desktop\exa_adopciones\app\Controllers\Adoptador.php(20): view('adoptador/mostr...', Array)
#5 C:\Users\juanp\Desktop\exa_adopciones\system\CodeIgniter.php(832): App\Controllers\Adoptador->mostrar()
#6 C:\Users\juanp\Desktop\exa_adopciones\system\CodeIgniter.php(419): CodeIgniter\CodeIgniter->runController(Object(App\Controllers\Adoptador))
#7 C:\Users\juanp\Desktop\exa_adopciones\system\CodeIgniter.php(326): CodeIgniter\CodeIgniter->handleRequest(NULL, Object(Config\Cache), false)
#8 C:\Users\juanp\Desktop\exa_adopciones\public\index.php(37): CodeIgniter\CodeIgniter->run()
#9 C:\Users\juanp\Desktop\exa_adopciones\system\Commands\Server\rewrite.php(43): require_once('C:\\Users\\juanp\\...')
#10 {main}
CRITICAL - 2023-10-25 20:39:01 --> Undefined property: stdClass::$id
#0 C:\Users\juanp\Desktop\exa_adopciones\app\Views\adoptador\mostrar.php(26): CodeIgniter\Debug\Exceptions->errorHandler(2, 'Undefined prope...', 'C:\\Users\\juanp\\...', 26)
#1 C:\Users\juanp\Desktop\exa_adopciones\system\View\View.php(210): include('C:\\Users\\juanp\\...')
#2 C:\Users\juanp\Desktop\exa_adopciones\system\View\View.php(213): CodeIgniter\View\View->CodeIgniter\View\{closure}()
#3 C:\Users\juanp\Desktop\exa_adopciones\system\Common.php(1089): CodeIgniter\View\View->render('adoptador/mostr...', Array, true)
#4 C:\Users\juanp\Desktop\exa_adopciones\app\Controllers\Adoptador.php(20): view('adoptador/mostr...', Array)
#5 C:\Users\juanp\Desktop\exa_adopciones\system\CodeIgniter.php(832): App\Controllers\Adoptador->mostrar()
#6 C:\Users\juanp\Desktop\exa_adopciones\system\CodeIgniter.php(419): CodeIgniter\CodeIgniter->runController(Object(App\Controllers\Adoptador))
#7 C:\Users\juanp\Desktop\exa_adopciones\system\CodeIgniter.php(326): CodeIgniter\CodeIgniter->handleRequest(NULL, Object(Config\Cache), false)
#8 C:\Users\juanp\Desktop\exa_adopciones\public\index.php(37): CodeIgniter\CodeIgniter->run()
#9 C:\Users\juanp\Desktop\exa_adopciones\system\Commands\Server\rewrite.php(43): require_once('C:\\Users\\juanp\\...')
#10 {main}
CRITICAL - 2023-10-25 20:39:01 --> Undefined property: stdClass::$id
#0 C:\Users\juanp\Desktop\exa_adopciones\app\Views\adoptador\mostrar.php(26): CodeIgniter\Debug\Exceptions->errorHandler(2, 'Undefined prope...', 'C:\\Users\\juanp\\...', 26)
#1 C:\Users\juanp\Desktop\exa_adopciones\system\View\View.php(210): include('C:\\Users\\juanp\\...')
#2 C:\Users\juanp\Desktop\exa_adopciones\system\View\View.php(213): CodeIgniter\View\View->CodeIgniter\View\{closure}()
#3 C:\Users\juanp\Desktop\exa_adopciones\system\Common.php(1089): CodeIgniter\View\View->render('adoptador/mostr...', Array, true)
#4 C:\Users\juanp\Desktop\exa_adopciones\app\Controllers\Adoptador.php(20): view('adoptador/mostr...', Array)
#5 C:\Users\juanp\Desktop\exa_adopciones\system\CodeIgniter.php(832): App\Controllers\Adoptador->mostrar()
#6 C:\Users\juanp\Desktop\exa_adopciones\system\CodeIgniter.php(419): CodeIgniter\CodeIgniter->runController(Object(App\Controllers\Adoptador))
#7 C:\Users\juanp\Desktop\exa_adopciones\system\CodeIgniter.php(326): CodeIgniter\CodeIgniter->handleRequest(NULL, Object(Config\Cache), false)
#8 C:\Users\juanp\Desktop\exa_adopciones\public\index.php(37): CodeIgniter\CodeIgniter->run()
#9 C:\Users\juanp\Desktop\exa_adopciones\system\Commands\Server\rewrite.php(43): require_once('C:\\Users\\juanp\\...')
#10 {main}
CRITICAL - 2023-10-25 20:40:14 --> Undefined property: stdClass::$id
#0 C:\Users\juanp\Desktop\exa_adopciones\app\Views\adoptador\mostrar.php(26): CodeIgniter\Debug\Exceptions->errorHandler(2, 'Undefined prope...', 'C:\\Users\\juanp\\...', 26)
#1 C:\Users\juanp\Desktop\exa_adopciones\system\View\View.php(210): include('C:\\Users\\juanp\\...')
#2 C:\Users\juanp\Desktop\exa_adopciones\system\View\View.php(213): CodeIgniter\View\View->CodeIgniter\View\{closure}()
#3 C:\Users\juanp\Desktop\exa_adopciones\system\Common.php(1089): CodeIgniter\View\View->render('adoptador/mostr...', Array, true)
#4 C:\Users\juanp\Desktop\exa_adopciones\app\Controllers\Adoptador.php(20): view('adoptador/mostr...', Array)
#5 C:\Users\juanp\Desktop\exa_adopciones\system\CodeIgniter.php(832): App\Controllers\Adoptador->mostrar()
#6 C:\Users\juanp\Desktop\exa_adopciones\system\CodeIgniter.php(419): CodeIgniter\CodeIgniter->runController(Object(App\Controllers\Adoptador))
#7 C:\Users\juanp\Desktop\exa_adopciones\system\CodeIgniter.php(326): CodeIgniter\CodeIgniter->handleRequest(NULL, Object(Config\Cache), false)
#8 C:\Users\juanp\Desktop\exa_adopciones\public\index.php(37): CodeIgniter\CodeIgniter->run()
#9 C:\Users\juanp\Desktop\exa_adopciones\system\Commands\Server\rewrite.php(43): require_once('C:\\Users\\juanp\\...')
#10 {main}
CRITICAL - 2023-10-25 20:40:16 --> Undefined property: stdClass::$id
#0 C:\Users\juanp\Desktop\exa_adopciones\app\Views\adoptador\mostrar.php(26): CodeIgniter\Debug\Exceptions->errorHandler(2, 'Undefined prope...', 'C:\\Users\\juanp\\...', 26)
#1 C:\Users\juanp\Desktop\exa_adopciones\system\View\View.php(210): include('C:\\Users\\juanp\\...')
#2 C:\Users\juanp\Desktop\exa_adopciones\system\View\View.php(213): CodeIgniter\View\View->CodeIgniter\View\{closure}()
#3 C:\Users\juanp\Desktop\exa_adopciones\system\Common.php(1089): CodeIgniter\View\View->render('adoptador/mostr...', Array, true)
#4 C:\Users\juanp\Desktop\exa_adopciones\app\Controllers\Adoptador.php(20): view('adoptador/mostr...', Array)
#5 C:\Users\juanp\Desktop\exa_adopciones\system\CodeIgniter.php(832): App\Controllers\Adoptador->mostrar()
#6 C:\Users\juanp\Desktop\exa_adopciones\system\CodeIgniter.php(419): CodeIgniter\CodeIgniter->runController(Object(App\Controllers\Adoptador))
#7 C:\Users\juanp\Desktop\exa_adopciones\system\CodeIgniter.php(326): CodeIgniter\CodeIgniter->handleRequest(NULL, Object(Config\Cache), false)
#8 C:\Users\juanp\Desktop\exa_adopciones\public\index.php(37): CodeIgniter\CodeIgniter->run()
#9 C:\Users\juanp\Desktop\exa_adopciones\system\Commands\Server\rewrite.php(43): require_once('C:\\Users\\juanp\\...')
#10 {main}
CRITICAL - 2023-10-25 20:49:29 --> Undefined property: stdClass::$id
#0 C:\Users\juanp\Desktop\exa_adopciones\app\Views\adoptador\mostrar.php(26): CodeIgniter\Debug\Exceptions->errorHandler(2, 'Undefined prope...', 'C:\\Users\\juanp\\...', 26)
#1 C:\Users\juanp\Desktop\exa_adopciones\system\View\View.php(210): include('C:\\Users\\juanp\\...')
#2 C:\Users\juanp\Desktop\exa_adopciones\system\View\View.php(213): CodeIgniter\View\View->CodeIgniter\View\{closure}()
#3 C:\Users\juanp\Desktop\exa_adopciones\system\Common.php(1089): CodeIgniter\View\View->render('adoptador/mostr...', Array, true)
#4 C:\Users\juanp\Desktop\exa_adopciones\app\Controllers\Adoptador.php(20): view('adoptador/mostr...', Array)
#5 C:\Users\juanp\Desktop\exa_adopciones\system\CodeIgniter.php(832): App\Controllers\Adoptador->mostrar()
#6 C:\Users\juanp\Desktop\exa_adopciones\system\CodeIgniter.php(419): CodeIgniter\CodeIgniter->runController(Object(App\Controllers\Adoptador))
#7 C:\Users\juanp\Desktop\exa_adopciones\system\CodeIgniter.php(326): CodeIgniter\CodeIgniter->handleRequest(NULL, Object(Config\Cache), false)
#8 C:\Users\juanp\Desktop\exa_adopciones\public\index.php(37): CodeIgniter\CodeIgniter->run()
#9 C:\Users\juanp\Desktop\exa_adopciones\system\Commands\Server\rewrite.php(43): require_once('C:\\Users\\juanp\\...')
#10 {main}
CRITICAL - 2023-10-25 20:49:30 --> Undefined property: stdClass::$id
#0 C:\Users\juanp\Desktop\exa_adopciones\app\Views\adoptador\mostrar.php(26): CodeIgniter\Debug\Exceptions->errorHandler(2, 'Undefined prope...', 'C:\\Users\\juanp\\...', 26)
#1 C:\Users\juanp\Desktop\exa_adopciones\system\View\View.php(210): include('C:\\Users\\juanp\\...')
#2 C:\Users\juanp\Desktop\exa_adopciones\system\View\View.php(213): CodeIgniter\View\View->CodeIgniter\View\{closure}()
#3 C:\Users\juanp\Desktop\exa_adopciones\system\Common.php(1089): CodeIgniter\View\View->render('adoptador/mostr...', Array, true)
#4 C:\Users\juanp\Desktop\exa_adopciones\app\Controllers\Adoptador.php(20): view('adoptador/mostr...', Array)
#5 C:\Users\juanp\Desktop\exa_adopciones\system\CodeIgniter.php(832): App\Controllers\Adoptador->mostrar()
#6 C:\Users\juanp\Desktop\exa_adopciones\system\CodeIgniter.php(419): CodeIgniter\CodeIgniter->runController(Object(App\Controllers\Adoptador))
#7 C:\Users\juanp\Desktop\exa_adopciones\system\CodeIgniter.php(326): CodeIgniter\CodeIgniter->handleRequest(NULL, Object(Config\Cache), false)
#8 C:\Users\juanp\Desktop\exa_adopciones\public\index.php(37): CodeIgniter\CodeIgniter->run()
#9 C:\Users\juanp\Desktop\exa_adopciones\system\Commands\Server\rewrite.php(43): require_once('C:\\Users\\juanp\\...')
#10 {main}
CRITICAL - 2023-10-25 20:49:30 --> Undefined property: stdClass::$id
#0 C:\Users\juanp\Desktop\exa_adopciones\app\Views\adoptador\mostrar.php(26): CodeIgniter\Debug\Exceptions->errorHandler(2, 'Undefined prope...', 'C:\\Users\\juanp\\...', 26)
#1 C:\Users\juanp\Desktop\exa_adopciones\system\View\View.php(210): include('C:\\Users\\juanp\\...')
#2 C:\Users\juanp\Desktop\exa_adopciones\system\View\View.php(213): CodeIgniter\View\View->CodeIgniter\View\{closure}()
#3 C:\Users\juanp\Desktop\exa_adopciones\system\Common.php(1089): CodeIgniter\View\View->render('adoptador/mostr...', Array, true)
#4 C:\Users\juanp\Desktop\exa_adopciones\app\Controllers\Adoptador.php(20): view('adoptador/mostr...', Array)
#5 C:\Users\juanp\Desktop\exa_adopciones\system\CodeIgniter.php(832): App\Controllers\Adoptador->mostrar()
#6 C:\Users\juanp\Desktop\exa_adopciones\system\CodeIgniter.php(419): CodeIgniter\CodeIgniter->runController(Object(App\Controllers\Adoptador))
#7 C:\Users\juanp\Desktop\exa_adopciones\system\CodeIgniter.php(326): CodeIgniter\CodeIgniter->handleRequest(NULL, Object(Config\Cache), false)
#8 C:\Users\juanp\Desktop\exa_adopciones\public\index.php(37): CodeIgniter\CodeIgniter->run()
#9 C:\Users\juanp\Desktop\exa_adopciones\system\Commands\Server\rewrite.php(43): require_once('C:\\Users\\juanp\\...')
#10 {main}
CRITICAL - 2023-10-25 20:49:30 --> Undefined property: stdClass::$id
#0 C:\Users\juanp\Desktop\exa_adopciones\app\Views\adoptador\mostrar.php(26): CodeIgniter\Debug\Exceptions->errorHandler(2, 'Undefined prope...', 'C:\\Users\\juanp\\...', 26)
#1 C:\Users\juanp\Desktop\exa_adopciones\system\View\View.php(210): include('C:\\Users\\juanp\\...')
#2 C:\Users\juanp\Desktop\exa_adopciones\system\View\View.php(213): CodeIgniter\View\View->CodeIgniter\View\{closure}()
#3 C:\Users\juanp\Desktop\exa_adopciones\system\Common.php(1089): CodeIgniter\View\View->render('adoptador/mostr...', Array, true)
#4 C:\Users\juanp\Desktop\exa_adopciones\app\Controllers\Adoptador.php(20): view('adoptador/mostr...', Array)
#5 C:\Users\juanp\Desktop\exa_adopciones\system\CodeIgniter.php(832): App\Controllers\Adoptador->mostrar()
#6 C:\Users\juanp\Desktop\exa_adopciones\system\CodeIgniter.php(419): CodeIgniter\CodeIgniter->runController(Object(App\Controllers\Adoptador))
#7 C:\Users\juanp\Desktop\exa_adopciones\system\CodeIgniter.php(326): CodeIgniter\CodeIgniter->handleRequest(NULL, Object(Config\Cache), false)
#8 C:\Users\juanp\Desktop\exa_adopciones\public\index.php(37): CodeIgniter\CodeIgniter->run()
#9 C:\Users\juanp\Desktop\exa_adopciones\system\Commands\Server\rewrite.php(43): require_once('C:\\Users\\juanp\\...')
#10 {main}
CRITICAL - 2023-10-25 20:53:34 --> Undefined property: stdClass::$id
#0 C:\Users\juanp\Desktop\exa_adopciones\app\Views\adoptador\mostrar.php(26): CodeIgniter\Debug\Exceptions->errorHandler(2, 'Undefined prope...', 'C:\\Users\\juanp\\...', 26)
#1 C:\Users\juanp\Desktop\exa_adopciones\system\View\View.php(210): include('C:\\Users\\juanp\\...')
#2 C:\Users\juanp\Desktop\exa_adopciones\system\View\View.php(213): CodeIgniter\View\View->CodeIgniter\View\{closure}()
#3 C:\Users\juanp\Desktop\exa_adopciones\system\Common.php(1089): CodeIgniter\View\View->render('adoptador/mostr...', Array, true)
#4 C:\Users\juanp\Desktop\exa_adopciones\app\Controllers\Adoptador.php(20): view('adoptador/mostr...', Array)
#5 C:\Users\juanp\Desktop\exa_adopciones\system\CodeIgniter.php(832): App\Controllers\Adoptador->mostrar()
#6 C:\Users\juanp\Desktop\exa_adopciones\system\CodeIgniter.php(419): CodeIgniter\CodeIgniter->runController(Object(App\Controllers\Adoptador))
#7 C:\Users\juanp\Desktop\exa_adopciones\system\CodeIgniter.php(326): CodeIgniter\CodeIgniter->handleRequest(NULL, Object(Config\Cache), false)
#8 C:\Users\juanp\Desktop\exa_adopciones\public\index.php(37): CodeIgniter\CodeIgniter->run()
#9 C:\Users\juanp\Desktop\exa_adopciones\system\Commands\Server\rewrite.php(43): require_once('C:\\Users\\juanp\\...')
#10 {main}
CRITICAL - 2023-10-25 20:53:35 --> Undefined property: stdClass::$id
#0 C:\Users\juanp\Desktop\exa_adopciones\app\Views\adoptador\mostrar.php(26): CodeIgniter\Debug\Exceptions->errorHandler(2, 'Undefined prope...', 'C:\\Users\\juanp\\...', 26)
#1 C:\Users\juanp\Desktop\exa_adopciones\system\View\View.php(210): include('C:\\Users\\juanp\\...')
#2 C:\Users\juanp\Desktop\exa_adopciones\system\View\View.php(213): CodeIgniter\View\View->CodeIgniter\View\{closure}()
#3 C:\Users\juanp\Desktop\exa_adopciones\system\Common.php(1089): CodeIgniter\View\View->render('adoptador/mostr...', Array, true)
#4 C:\Users\juanp\Desktop\exa_adopciones\app\Controllers\Adoptador.php(20): view('adoptador/mostr...', Array)
#5 C:\Users\juanp\Desktop\exa_adopciones\system\CodeIgniter.php(832): App\Controllers\Adoptador->mostrar()
#6 C:\Users\juanp\Desktop\exa_adopciones\system\CodeIgniter.php(419): CodeIgniter\CodeIgniter->runController(Object(App\Controllers\Adoptador))
#7 C:\Users\juanp\Desktop\exa_adopciones\system\CodeIgniter.php(326): CodeIgniter\CodeIgniter->handleRequest(NULL, Object(Config\Cache), false)
#8 C:\Users\juanp\Desktop\exa_adopciones\public\index.php(37): CodeIgniter\CodeIgniter->run()
#9 C:\Users\juanp\Desktop\exa_adopciones\system\Commands\Server\rewrite.php(43): require_once('C:\\Users\\juanp\\...')
#10 {main}
CRITICAL - 2023-10-25 20:56:06 --> Undefined property: stdClass::$id
#0 C:\Users\juanp\Desktop\exa_adopciones\app\Views\adoptador\mostrar.php(26): CodeIgniter\Debug\Exceptions->errorHandler(2, 'Undefined prope...', 'C:\\Users\\juanp\\...', 26)
#1 C:\Users\juanp\Desktop\exa_adopciones\system\View\View.php(210): include('C:\\Users\\juanp\\...')
#2 C:\Users\juanp\Desktop\exa_adopciones\system\View\View.php(213): CodeIgniter\View\View->CodeIgniter\View\{closure}()
#3 C:\Users\juanp\Desktop\exa_adopciones\system\Common.php(1089): CodeIgniter\View\View->render('adoptador/mostr...', Array, true)
#4 C:\Users\juanp\Desktop\exa_adopciones\app\Controllers\Adoptador.php(20): view('adoptador/mostr...', Array)
#5 C:\Users\juanp\Desktop\exa_adopciones\system\CodeIgniter.php(832): App\Controllers\Adoptador->mostrar()
#6 C:\Users\juanp\Desktop\exa_adopciones\system\CodeIgniter.php(419): CodeIgniter\CodeIgniter->runController(Object(App\Controllers\Adoptador))
#7 C:\Users\juanp\Desktop\exa_adopciones\system\CodeIgniter.php(326): CodeIgniter\CodeIgniter->handleRequest(NULL, Object(Config\Cache), false)
#8 C:\Users\juanp\Desktop\exa_adopciones\public\index.php(37): CodeIgniter\CodeIgniter->run()
#9 C:\Users\juanp\Desktop\exa_adopciones\system\Commands\Server\rewrite.php(43): require_once('C:\\Users\\juanp\\...')
#10 {main}
CRITICAL - 2023-10-25 20:56:07 --> Undefined property: stdClass::$id
#0 C:\Users\juanp\Desktop\exa_adopciones\app\Views\adoptador\mostrar.php(26): CodeIgniter\Debug\Exceptions->errorHandler(2, 'Undefined prope...', 'C:\\Users\\juanp\\...', 26)
#1 C:\Users\juanp\Desktop\exa_adopciones\system\View\View.php(210): include('C:\\Users\\juanp\\...')
#2 C:\Users\juanp\Desktop\exa_adopciones\system\View\View.php(213): CodeIgniter\View\View->CodeIgniter\View\{closure}()
#3 C:\Users\juanp\Desktop\exa_adopciones\system\Common.php(1089): CodeIgniter\View\View->render('adoptador/mostr...', Array, true)
#4 C:\Users\juanp\Desktop\exa_adopciones\app\Controllers\Adoptador.php(20): view('adoptador/mostr...', Array)
#5 C:\Users\juanp\Desktop\exa_adopciones\system\CodeIgniter.php(832): App\Controllers\Adoptador->mostrar()
#6 C:\Users\juanp\Desktop\exa_adopciones\system\CodeIgniter.php(419): CodeIgniter\CodeIgniter->runController(Object(App\Controllers\Adoptador))
#7 C:\Users\juanp\Desktop\exa_adopciones\system\CodeIgniter.php(326): CodeIgniter\CodeIgniter->handleRequest(NULL, Object(Config\Cache), false)
#8 C:\Users\juanp\Desktop\exa_adopciones\public\index.php(37): CodeIgniter\CodeIgniter->run()
#9 C:\Users\juanp\Desktop\exa_adopciones\system\Commands\Server\rewrite.php(43): require_once('C:\\Users\\juanp\\...')
#10 {main}
CRITICAL - 2023-10-25 21:03:39 --> Undefined property: stdClass::$id
#0 C:\Users\juanp\Desktop\exa_adopciones\app\Views\adoptador\mostrar.php(26): CodeIgniter\Debug\Exceptions->errorHandler(2, 'Undefined prope...', 'C:\\Users\\juanp\\...', 26)
#1 C:\Users\juanp\Desktop\exa_adopciones\system\View\View.php(210): include('C:\\Users\\juanp\\...')
#2 C:\Users\juanp\Desktop\exa_adopciones\system\View\View.php(213): CodeIgniter\View\View->CodeIgniter\View\{closure}()
#3 C:\Users\juanp\Desktop\exa_adopciones\system\Common.php(1089): CodeIgniter\View\View->render('adoptador/mostr...', Array, true)
#4 C:\Users\juanp\Desktop\exa_adopciones\app\Controllers\Adoptador.php(20): view('adoptador/mostr...', Array)
#5 C:\Users\juanp\Desktop\exa_adopciones\system\CodeIgniter.php(832): App\Controllers\Adoptador->mostrar()
#6 C:\Users\juanp\Desktop\exa_adopciones\system\CodeIgniter.php(419): CodeIgniter\CodeIgniter->runController(Object(App\Controllers\Adoptador))
#7 C:\Users\juanp\Desktop\exa_adopciones\system\CodeIgniter.php(326): CodeIgniter\CodeIgniter->handleRequest(NULL, Object(Config\Cache), false)
#8 C:\Users\juanp\Desktop\exa_adopciones\public\index.php(37): CodeIgniter\CodeIgniter->run()
#9 C:\Users\juanp\Desktop\exa_adopciones\system\Commands\Server\rewrite.php(43): require_once('C:\\Users\\juanp\\...')
#10 {main}
CRITICAL - 2023-10-25 21:03:39 --> Undefined property: stdClass::$id
#0 C:\Users\juanp\Desktop\exa_adopciones\app\Views\adoptador\mostrar.php(26): CodeIgniter\Debug\Exceptions->errorHandler(2, 'Undefined prope...', 'C:\\Users\\juanp\\...', 26)
#1 C:\Users\juanp\Desktop\exa_adopciones\system\View\View.php(210): include('C:\\Users\\juanp\\...')
#2 C:\Users\juanp\Desktop\exa_adopciones\system\View\View.php(213): CodeIgniter\View\View->CodeIgniter\View\{closure}()
#3 C:\Users\juanp\Desktop\exa_adopciones\system\Common.php(1089): CodeIgniter\View\View->render('adoptador/mostr...', Array, true)
#4 C:\Users\juanp\Desktop\exa_adopciones\app\Controllers\Adoptador.php(20): view('adoptador/mostr...', Array)
#5 C:\Users\juanp\Desktop\exa_adopciones\system\CodeIgniter.php(832): App\Controllers\Adoptador->mostrar()
#6 C:\Users\juanp\Desktop\exa_adopciones\system\CodeIgniter.php(419): CodeIgniter\CodeIgniter->runController(Object(App\Controllers\Adoptador))
#7 C:\Users\juanp\Desktop\exa_adopciones\system\CodeIgniter.php(326): CodeIgniter\CodeIgniter->handleRequest(NULL, Object(Config\Cache), false)
#8 C:\Users\juanp\Desktop\exa_adopciones\public\index.php(37): CodeIgniter\CodeIgniter->run()
#9 C:\Users\juanp\Desktop\exa_adopciones\system\Commands\Server\rewrite.php(43): require_once('C:\\Users\\juanp\\...')
#10 {main}
CRITICAL - 2023-10-25 21:03:40 --> Undefined property: stdClass::$id
#0 C:\Users\juanp\Desktop\exa_adopciones\app\Views\adoptador\mostrar.php(26): CodeIgniter\Debug\Exceptions->errorHandler(2, 'Undefined prope...', 'C:\\Users\\juanp\\...', 26)
#1 C:\Users\juanp\Desktop\exa_adopciones\system\View\View.php(210): include('C:\\Users\\juanp\\...')
#2 C:\Users\juanp\Desktop\exa_adopciones\system\View\View.php(213): CodeIgniter\View\View->CodeIgniter\View\{closure}()
#3 C:\Users\juanp\Desktop\exa_adopciones\system\Common.php(1089): CodeIgniter\View\View->render('adoptador/mostr...', Array, true)
#4 C:\Users\juanp\Desktop\exa_adopciones\app\Controllers\Adoptador.php(20): view('adoptador/mostr...', Array)
#5 C:\Users\juanp\Desktop\exa_adopciones\system\CodeIgniter.php(832): App\Controllers\Adoptador->mostrar()
#6 C:\Users\juanp\Desktop\exa_adopciones\system\CodeIgniter.php(419): CodeIgniter\CodeIgniter->runController(Object(App\Controllers\Adoptador))
#7 C:\Users\juanp\Desktop\exa_adopciones\system\CodeIgniter.php(326): CodeIgniter\CodeIgniter->handleRequest(NULL, Object(Config\Cache), false)
#8 C:\Users\juanp\Desktop\exa_adopciones\public\index.php(37): CodeIgniter\CodeIgniter->run()
#9 C:\Users\juanp\Desktop\exa_adopciones\system\Commands\Server\rewrite.php(43): require_once('C:\\Users\\juanp\\...')
#10 {main}
CRITICAL - 2023-10-25 21:03:40 --> Undefined property: stdClass::$id
#0 C:\Users\juanp\Desktop\exa_adopciones\app\Views\adoptador\mostrar.php(26): CodeIgniter\Debug\Exceptions->errorHandler(2, 'Undefined prope...', 'C:\\Users\\juanp\\...', 26)
#1 C:\Users\juanp\Desktop\exa_adopciones\system\View\View.php(210): include('C:\\Users\\juanp\\...')
#2 C:\Users\juanp\Desktop\exa_adopciones\system\View\View.php(213): CodeIgniter\View\View->CodeIgniter\View\{closure}()
#3 C:\Users\juanp\Desktop\exa_adopciones\system\Common.php(1089): CodeIgniter\View\View->render('adoptador/mostr...', Array, true)
#4 C:\Users\juanp\Desktop\exa_adopciones\app\Controllers\Adoptador.php(20): view('adoptador/mostr...', Array)
#5 C:\Users\juanp\Desktop\exa_adopciones\system\CodeIgniter.php(832): App\Controllers\Adoptador->mostrar()
#6 C:\Users\juanp\Desktop\exa_adopciones\system\CodeIgniter.php(419): CodeIgniter\CodeIgniter->runController(Object(App\Controllers\Adoptador))
#7 C:\Users\juanp\Desktop\exa_adopciones\system\CodeIgniter.php(326): CodeIgniter\CodeIgniter->handleRequest(NULL, Object(Config\Cache), false)
#8 C:\Users\juanp\Desktop\exa_adopciones\public\index.php(37): CodeIgniter\CodeIgniter->run()
#9 C:\Users\juanp\Desktop\exa_adopciones\system\Commands\Server\rewrite.php(43): require_once('C:\\Users\\juanp\\...')
#10 {main}
CRITICAL - 2023-10-25 21:03:40 --> Undefined property: stdClass::$id
#0 C:\Users\juanp\Desktop\exa_adopciones\app\Views\adoptador\mostrar.php(26): CodeIgniter\Debug\Exceptions->errorHandler(2, 'Undefined prope...', 'C:\\Users\\juanp\\...', 26)
#1 C:\Users\juanp\Desktop\exa_adopciones\system\View\View.php(210): include('C:\\Users\\juanp\\...')
#2 C:\Users\juanp\Desktop\exa_adopciones\system\View\View.php(213): CodeIgniter\View\View->CodeIgniter\View\{closure}()
#3 C:\Users\juanp\Desktop\exa_adopciones\system\Common.php(1089): CodeIgniter\View\View->render('adoptador/mostr...', Array, true)
#4 C:\Users\juanp\Desktop\exa_adopciones\app\Controllers\Adoptador.php(20): view('adoptador/mostr...', Array)
#5 C:\Users\juanp\Desktop\exa_adopciones\system\CodeIgniter.php(832): App\Controllers\Adoptador->mostrar()
#6 C:\Users\juanp\Desktop\exa_adopciones\system\CodeIgniter.php(419): CodeIgniter\CodeIgniter->runController(Object(App\Controllers\Adoptador))
#7 C:\Users\juanp\Desktop\exa_adopciones\system\CodeIgniter.php(326): CodeIgniter\CodeIgniter->handleRequest(NULL, Object(Config\Cache), false)
#8 C:\Users\juanp\Desktop\exa_adopciones\public\index.php(37): CodeIgniter\CodeIgniter->run()
#9 C:\Users\juanp\Desktop\exa_adopciones\system\Commands\Server\rewrite.php(43): require_once('C:\\Users\\juanp\\...')
#10 {main}
CRITICAL - 2023-10-25 21:03:40 --> Undefined property: stdClass::$id
#0 C:\Users\juanp\Desktop\exa_adopciones\app\Views\adoptador\mostrar.php(26): CodeIgniter\Debug\Exceptions->errorHandler(2, 'Undefined prope...', 'C:\\Users\\juanp\\...', 26)
#1 C:\Users\juanp\Desktop\exa_adopciones\system\View\View.php(210): include('C:\\Users\\juanp\\...')
#2 C:\Users\juanp\Desktop\exa_adopciones\system\View\View.php(213): CodeIgniter\View\View->CodeIgniter\View\{closure}()
#3 C:\Users\juanp\Desktop\exa_adopciones\system\Common.php(1089): CodeIgniter\View\View->render('adoptador/mostr...', Array, true)
#4 C:\Users\juanp\Desktop\exa_adopciones\app\Controllers\Adoptador.php(20): view('adoptador/mostr...', Array)
#5 C:\Users\juanp\Desktop\exa_adopciones\system\CodeIgniter.php(832): App\Controllers\Adoptador->mostrar()
#6 C:\Users\juanp\Desktop\exa_adopciones\system\CodeIgniter.php(419): CodeIgniter\CodeIgniter->runController(Object(App\Controllers\Adoptador))
#7 C:\Users\juanp\Desktop\exa_adopciones\system\CodeIgniter.php(326): CodeIgniter\CodeIgniter->handleRequest(NULL, Object(Config\Cache), false)
#8 C:\Users\juanp\Desktop\exa_adopciones\public\index.php(37): CodeIgniter\CodeIgniter->run()
#9 C:\Users\juanp\Desktop\exa_adopciones\system\Commands\Server\rewrite.php(43): require_once('C:\\Users\\juanp\\...')
#10 {main}
CRITICAL - 2023-10-25 21:03:40 --> Undefined property: stdClass::$id
#0 C:\Users\juanp\Desktop\exa_adopciones\app\Views\adoptador\mostrar.php(26): CodeIgniter\Debug\Exceptions->errorHandler(2, 'Undefined prope...', 'C:\\Users\\juanp\\...', 26)
#1 C:\Users\juanp\Desktop\exa_adopciones\system\View\View.php(210): include('C:\\Users\\juanp\\...')
#2 C:\Users\juanp\Desktop\exa_adopciones\system\View\View.php(213): CodeIgniter\View\View->CodeIgniter\View\{closure}()
#3 C:\Users\juanp\Desktop\exa_adopciones\system\Common.php(1089): CodeIgniter\View\View->render('adoptador/mostr...', Array, true)
#4 C:\Users\juanp\Desktop\exa_adopciones\app\Controllers\Adoptador.php(20): view('adoptador/mostr...', Array)
#5 C:\Users\juanp\Desktop\exa_adopciones\system\CodeIgniter.php(832): App\Controllers\Adoptador->mostrar()
#6 C:\Users\juanp\Desktop\exa_adopciones\system\CodeIgniter.php(419): CodeIgniter\CodeIgniter->runController(Object(App\Controllers\Adoptador))
#7 C:\Users\juanp\Desktop\exa_adopciones\system\CodeIgniter.php(326): CodeIgniter\CodeIgniter->handleRequest(NULL, Object(Config\Cache), false)
#8 C:\Users\juanp\Desktop\exa_adopciones\public\index.php(37): CodeIgniter\CodeIgniter->run()
#9 C:\Users\juanp\Desktop\exa_adopciones\system\Commands\Server\rewrite.php(43): require_once('C:\\Users\\juanp\\...')
#10 {main}
CRITICAL - 2023-10-25 21:03:41 --> Undefined property: stdClass::$id
#0 C:\Users\juanp\Desktop\exa_adopciones\app\Views\adoptador\mostrar.php(26): CodeIgniter\Debug\Exceptions->errorHandler(2, 'Undefined prope...', 'C:\\Users\\juanp\\...', 26)
#1 C:\Users\juanp\Desktop\exa_adopciones\system\View\View.php(210): include('C:\\Users\\juanp\\...')
#2 C:\Users\juanp\Desktop\exa_adopciones\system\View\View.php(213): CodeIgniter\View\View->CodeIgniter\View\{closure}()
#3 C:\Users\juanp\Desktop\exa_adopciones\system\Common.php(1089): CodeIgniter\View\View->render('adoptador/mostr...', Array, true)
#4 C:\Users\juanp\Desktop\exa_adopciones\app\Controllers\Adoptador.php(20): view('adoptador/mostr...', Array)
#5 C:\Users\juanp\Desktop\exa_adopciones\system\CodeIgniter.php(832): App\Controllers\Adoptador->mostrar()
#6 C:\Users\juanp\Desktop\exa_adopciones\system\CodeIgniter.php(419): CodeIgniter\CodeIgniter->runController(Object(App\Controllers\Adoptador))
#7 C:\Users\juanp\Desktop\exa_adopciones\system\CodeIgniter.php(326): CodeIgniter\CodeIgniter->handleRequest(NULL, Object(Config\Cache), false)
#8 C:\Users\juanp\Desktop\exa_adopciones\public\index.php(37): CodeIgniter\CodeIgniter->run()
#9 C:\Users\juanp\Desktop\exa_adopciones\system\Commands\Server\rewrite.php(43): require_once('C:\\Users\\juanp\\...')
#10 {main}
CRITICAL - 2023-10-25 21:03:41 --> Undefined property: stdClass::$id
#0 C:\Users\juanp\Desktop\exa_adopciones\app\Views\adoptador\mostrar.php(26): CodeIgniter\Debug\Exceptions->errorHandler(2, 'Undefined prope...', 'C:\\Users\\juanp\\...', 26)
#1 C:\Users\juanp\Desktop\exa_adopciones\system\View\View.php(210): include('C:\\Users\\juanp\\...')
#2 C:\Users\juanp\Desktop\exa_adopciones\system\View\View.php(213): CodeIgniter\View\View->CodeIgniter\View\{closure}()
#3 C:\Users\juanp\Desktop\exa_adopciones\system\Common.php(1089): CodeIgniter\View\View->render('adoptador/mostr...', Array, true)
#4 C:\Users\juanp\Desktop\exa_adopciones\app\Controllers\Adoptador.php(20): view('adoptador/mostr...', Array)
#5 C:\Users\juanp\Desktop\exa_adopciones\system\CodeIgniter.php(832): App\Controllers\Adoptador->mostrar()
#6 C:\Users\juanp\Desktop\exa_adopciones\system\CodeIgniter.php(419): CodeIgniter\CodeIgniter->runController(Object(App\Controllers\Adoptador))
#7 C:\Users\juanp\Desktop\exa_adopciones\system\CodeIgniter.php(326): CodeIgniter\CodeIgniter->handleRequest(NULL, Object(Config\Cache), false)
#8 C:\Users\juanp\Desktop\exa_adopciones\public\index.php(37): CodeIgniter\CodeIgniter->run()
#9 C:\Users\juanp\Desktop\exa_adopciones\system\Commands\Server\rewrite.php(43): require_once('C:\\Users\\juanp\\...')
#10 {main}
CRITICAL - 2023-10-25 21:03:41 --> Undefined property: stdClass::$id
#0 C:\Users\juanp\Desktop\exa_adopciones\app\Views\adoptador\mostrar.php(26): CodeIgniter\Debug\Exceptions->errorHandler(2, 'Undefined prope...', 'C:\\Users\\juanp\\...', 26)
#1 C:\Users\juanp\Desktop\exa_adopciones\system\View\View.php(210): include('C:\\Users\\juanp\\...')
#2 C:\Users\juanp\Desktop\exa_adopciones\system\View\View.php(213): CodeIgniter\View\View->CodeIgniter\View\{closure}()
#3 C:\Users\juanp\Desktop\exa_adopciones\system\Common.php(1089): CodeIgniter\View\View->render('adoptador/mostr...', Array, true)
#4 C:\Users\juanp\Desktop\exa_adopciones\app\Controllers\Adoptador.php(20): view('adoptador/mostr...', Array)
#5 C:\Users\juanp\Desktop\exa_adopciones\system\CodeIgniter.php(832): App\Controllers\Adoptador->mostrar()
#6 C:\Users\juanp\Desktop\exa_adopciones\system\CodeIgniter.php(419): CodeIgniter\CodeIgniter->runController(Object(App\Controllers\Adoptador))
#7 C:\Users\juanp\Desktop\exa_adopciones\system\CodeIgniter.php(326): CodeIgniter\CodeIgniter->handleRequest(NULL, Object(Config\Cache), false)
#8 C:\Users\juanp\Desktop\exa_adopciones\public\index.php(37): CodeIgniter\CodeIgniter->run()
#9 C:\Users\juanp\Desktop\exa_adopciones\system\Commands\Server\rewrite.php(43): require_once('C:\\Users\\juanp\\...')
#10 {main}
CRITICAL - 2023-10-25 21:03:41 --> Undefined property: stdClass::$id
#0 C:\Users\juanp\Desktop\exa_adopciones\app\Views\adoptador\mostrar.php(26): CodeIgniter\Debug\Exceptions->errorHandler(2, 'Undefined prope...', 'C:\\Users\\juanp\\...', 26)
#1 C:\Users\juanp\Desktop\exa_adopciones\system\View\View.php(210): include('C:\\Users\\juanp\\...')
#2 C:\Users\juanp\Desktop\exa_adopciones\system\View\View.php(213): CodeIgniter\View\View->CodeIgniter\View\{closure}()
#3 C:\Users\juanp\Desktop\exa_adopciones\system\Common.php(1089): CodeIgniter\View\View->render('adoptador/mostr...', Array, true)
#4 C:\Users\juanp\Desktop\exa_adopciones\app\Controllers\Adoptador.php(20): view('adoptador/mostr...', Array)
#5 C:\Users\juanp\Desktop\exa_adopciones\system\CodeIgniter.php(832): App\Controllers\Adoptador->mostrar()
#6 C:\Users\juanp\Desktop\exa_adopciones\system\CodeIgniter.php(419): CodeIgniter\CodeIgniter->runController(Object(App\Controllers\Adoptador))
#7 C:\Users\juanp\Desktop\exa_adopciones\system\CodeIgniter.php(326): CodeIgniter\CodeIgniter->handleRequest(NULL, Object(Config\Cache), false)
#8 C:\Users\juanp\Desktop\exa_adopciones\public\index.php(37): CodeIgniter\CodeIgniter->run()
#9 C:\Users\juanp\Desktop\exa_adopciones\system\Commands\Server\rewrite.php(43): require_once('C:\\Users\\juanp\\...')
#10 {main}
CRITICAL - 2023-10-25 21:03:42 --> Undefined property: stdClass::$id
#0 C:\Users\juanp\Desktop\exa_adopciones\app\Views\adoptador\mostrar.php(26): CodeIgniter\Debug\Exceptions->errorHandler(2, 'Undefined prope...', 'C:\\Users\\juanp\\...', 26)
#1 C:\Users\juanp\Desktop\exa_adopciones\system\View\View.php(210): include('C:\\Users\\juanp\\...')
#2 C:\Users\juanp\Desktop\exa_adopciones\system\View\View.php(213): CodeIgniter\View\View->CodeIgniter\View\{closure}()
#3 C:\Users\juanp\Desktop\exa_adopciones\system\Common.php(1089): CodeIgniter\View\View->render('adoptador/mostr...', Array, true)
#4 C:\Users\juanp\Desktop\exa_adopciones\app\Controllers\Adoptador.php(20): view('adoptador/mostr...', Array)
#5 C:\Users\juanp\Desktop\exa_adopciones\system\CodeIgniter.php(832): App\Controllers\Adoptador->mostrar()
#6 C:\Users\juanp\Desktop\exa_adopciones\system\CodeIgniter.php(419): CodeIgniter\CodeIgniter->runController(Object(App\Controllers\Adoptador))
#7 C:\Users\juanp\Desktop\exa_adopciones\system\CodeIgniter.php(326): CodeIgniter\CodeIgniter->handleRequest(NULL, Object(Config\Cache), false)
#8 C:\Users\juanp\Desktop\exa_adopciones\public\index.php(37): CodeIgniter\CodeIgniter->run()
#9 C:\Users\juanp\Desktop\exa_adopciones\system\Commands\Server\rewrite.php(43): require_once('C:\\Users\\juanp\\...')
#10 {main}
CRITICAL - 2023-10-25 21:03:42 --> Undefined property: stdClass::$id
#0 C:\Users\juanp\Desktop\exa_adopciones\app\Views\adoptador\mostrar.php(26): CodeIgniter\Debug\Exceptions->errorHandler(2, 'Undefined prope...', 'C:\\Users\\juanp\\...', 26)
#1 C:\Users\juanp\Desktop\exa_adopciones\system\View\View.php(210): include('C:\\Users\\juanp\\...')
#2 C:\Users\juanp\Desktop\exa_adopciones\system\View\View.php(213): CodeIgniter\View\View->CodeIgniter\View\{closure}()
#3 C:\Users\juanp\Desktop\exa_adopciones\system\Common.php(1089): CodeIgniter\View\View->render('adoptador/mostr...', Array, true)
#4 C:\Users\juanp\Desktop\exa_adopciones\app\Controllers\Adoptador.php(20): view('adoptador/mostr...', Array)
#5 C:\Users\juanp\Desktop\exa_adopciones\system\CodeIgniter.php(832): App\Controllers\Adoptador->mostrar()
#6 C:\Users\juanp\Desktop\exa_adopciones\system\CodeIgniter.php(419): CodeIgniter\CodeIgniter->runController(Object(App\Controllers\Adoptador))
#7 C:\Users\juanp\Desktop\exa_adopciones\system\CodeIgniter.php(326): CodeIgniter\CodeIgniter->handleRequest(NULL, Object(Config\Cache), false)
#8 C:\Users\juanp\Desktop\exa_adopciones\public\index.php(37): CodeIgniter\CodeIgniter->run()
#9 C:\Users\juanp\Desktop\exa_adopciones\system\Commands\Server\rewrite.php(43): require_once('C:\\Users\\juanp\\...')
#10 {main}
CRITICAL - 2023-10-25 21:03:42 --> Undefined property: stdClass::$id
#0 C:\Users\juanp\Desktop\exa_adopciones\app\Views\adoptador\mostrar.php(26): CodeIgniter\Debug\Exceptions->errorHandler(2, 'Undefined prope...', 'C:\\Users\\juanp\\...', 26)
#1 C:\Users\juanp\Desktop\exa_adopciones\system\View\View.php(210): include('C:\\Users\\juanp\\...')
#2 C:\Users\juanp\Desktop\exa_adopciones\system\View\View.php(213): CodeIgniter\View\View->CodeIgniter\View\{closure}()
#3 C:\Users\juanp\Desktop\exa_adopciones\system\Common.php(1089): CodeIgniter\View\View->render('adoptador/mostr...', Array, true)
#4 C:\Users\juanp\Desktop\exa_adopciones\app\Controllers\Adoptador.php(20): view('adoptador/mostr...', Array)
#5 C:\Users\juanp\Desktop\exa_adopciones\system\CodeIgniter.php(832): App\Controllers\Adoptador->mostrar()
#6 C:\Users\juanp\Desktop\exa_adopciones\system\CodeIgniter.php(419): CodeIgniter\CodeIgniter->runController(Object(App\Controllers\Adoptador))
#7 C:\Users\juanp\Desktop\exa_adopciones\system\CodeIgniter.php(326): CodeIgniter\CodeIgniter->handleRequest(NULL, Object(Config\Cache), false)
#8 C:\Users\juanp\Desktop\exa_adopciones\public\index.php(37): CodeIgniter\CodeIgniter->run()
#9 C:\Users\juanp\Desktop\exa_adopciones\system\Commands\Server\rewrite.php(43): require_once('C:\\Users\\juanp\\...')
#10 {main}
CRITICAL - 2023-10-25 21:03:42 --> Undefined property: stdClass::$id
#0 C:\Users\juanp\Desktop\exa_adopciones\app\Views\adoptador\mostrar.php(26): CodeIgniter\Debug\Exceptions->errorHandler(2, 'Undefined prope...', 'C:\\Users\\juanp\\...', 26)
#1 C:\Users\juanp\Desktop\exa_adopciones\system\View\View.php(210): include('C:\\Users\\juanp\\...')
#2 C:\Users\juanp\Desktop\exa_adopciones\system\View\View.php(213): CodeIgniter\View\View->CodeIgniter\View\{closure}()
#3 C:\Users\juanp\Desktop\exa_adopciones\system\Common.php(1089): CodeIgniter\View\View->render('adoptador/mostr...', Array, true)
#4 C:\Users\juanp\Desktop\exa_adopciones\app\Controllers\Adoptador.php(20): view('adoptador/mostr...', Array)
#5 C:\Users\juanp\Desktop\exa_adopciones\system\CodeIgniter.php(832): App\Controllers\Adoptador->mostrar()
#6 C:\Users\juanp\Desktop\exa_adopciones\system\CodeIgniter.php(419): CodeIgniter\CodeIgniter->runController(Object(App\Controllers\Adoptador))
#7 C:\Users\juanp\Desktop\exa_adopciones\system\CodeIgniter.php(326): CodeIgniter\CodeIgniter->handleRequest(NULL, Object(Config\Cache), false)
#8 C:\Users\juanp\Desktop\exa_adopciones\public\index.php(37): CodeIgniter\CodeIgniter->run()
#9 C:\Users\juanp\Desktop\exa_adopciones\system\Commands\Server\rewrite.php(43): require_once('C:\\Users\\juanp\\...')
#10 {main}
CRITICAL - 2023-10-25 21:10:37 --> Undefined property: stdClass::$id
#0 C:\Users\juanp\Desktop\exa_adopciones\app\Views\adoptador\mostrar.php(26): CodeIgniter\Debug\Exceptions->errorHandler(2, 'Undefined prope...', 'C:\\Users\\juanp\\...', 26)
#1 C:\Users\juanp\Desktop\exa_adopciones\system\View\View.php(210): include('C:\\Users\\juanp\\...')
#2 C:\Users\juanp\Desktop\exa_adopciones\system\View\View.php(213): CodeIgniter\View\View->CodeIgniter\View\{closure}()
#3 C:\Users\juanp\Desktop\exa_adopciones\system\Common.php(1089): CodeIgniter\View\View->render('adoptador/mostr...', Array, true)
#4 C:\Users\juanp\Desktop\exa_adopciones\app\Controllers\Adoptador.php(20): view('adoptador/mostr...', Array)
#5 C:\Users\juanp\Desktop\exa_adopciones\system\CodeIgniter.php(832): App\Controllers\Adoptador->mostrar()
#6 C:\Users\juanp\Desktop\exa_adopciones\system\CodeIgniter.php(419): CodeIgniter\CodeIgniter->runController(Object(App\Controllers\Adoptador))
#7 C:\Users\juanp\Desktop\exa_adopciones\system\CodeIgniter.php(326): CodeIgniter\CodeIgniter->handleRequest(NULL, Object(Config\Cache), false)
#8 C:\Users\juanp\Desktop\exa_adopciones\public\index.php(37): CodeIgniter\CodeIgniter->run()
#9 C:\Users\juanp\Desktop\exa_adopciones\system\Commands\Server\rewrite.php(43): require_once('C:\\Users\\juanp\\...')
#10 {main}
CRITICAL - 2023-10-25 21:10:39 --> Undefined property: stdClass::$id
#0 C:\Users\juanp\Desktop\exa_adopciones\app\Views\adoptador\mostrar.php(26): CodeIgniter\Debug\Exceptions->errorHandler(2, 'Undefined prope...', 'C:\\Users\\juanp\\...', 26)
#1 C:\Users\juanp\Desktop\exa_adopciones\system\View\View.php(210): include('C:\\Users\\juanp\\...')
#2 C:\Users\juanp\Desktop\exa_adopciones\system\View\View.php(213): CodeIgniter\View\View->CodeIgniter\View\{closure}()
#3 C:\Users\juanp\Desktop\exa_adopciones\system\Common.php(1089): CodeIgniter\View\View->render('adoptador/mostr...', Array, true)
#4 C:\Users\juanp\Desktop\exa_adopciones\app\Controllers\Adoptador.php(20): view('adoptador/mostr...', Array)
#5 C:\Users\juanp\Desktop\exa_adopciones\system\CodeIgniter.php(832): App\Controllers\Adoptador->mostrar()
#6 C:\Users\juanp\Desktop\exa_adopciones\system\CodeIgniter.php(419): CodeIgniter\CodeIgniter->runController(Object(App\Controllers\Adoptador))
#7 C:\Users\juanp\Desktop\exa_adopciones\system\CodeIgniter.php(326): CodeIgniter\CodeIgniter->handleRequest(NULL, Object(Config\Cache), false)
#8 C:\Users\juanp\Desktop\exa_adopciones\public\index.php(37): CodeIgniter\CodeIgniter->run()
#9 C:\Users\juanp\Desktop\exa_adopciones\system\Commands\Server\rewrite.php(43): require_once('C:\\Users\\juanp\\...')
#10 {main}
CRITICAL - 2023-10-25 21:10:39 --> Undefined property: stdClass::$id
#0 C:\Users\juanp\Desktop\exa_adopciones\app\Views\adoptador\mostrar.php(26): CodeIgniter\Debug\Exceptions->errorHandler(2, 'Undefined prope...', 'C:\\Users\\juanp\\...', 26)
#1 C:\Users\juanp\Desktop\exa_adopciones\system\View\View.php(210): include('C:\\Users\\juanp\\...')
#2 C:\Users\juanp\Desktop\exa_adopciones\system\View\View.php(213): CodeIgniter\View\View->CodeIgniter\View\{closure}()
#3 C:\Users\juanp\Desktop\exa_adopciones\system\Common.php(1089): CodeIgniter\View\View->render('adoptador/mostr...', Array, true)
#4 C:\Users\juanp\Desktop\exa_adopciones\app\Controllers\Adoptador.php(20): view('adoptador/mostr...', Array)
#5 C:\Users\juanp\Desktop\exa_adopciones\system\CodeIgniter.php(832): App\Controllers\Adoptador->mostrar()
#6 C:\Users\juanp\Desktop\exa_adopciones\system\CodeIgniter.php(419): CodeIgniter\CodeIgniter->runController(Object(App\Controllers\Adoptador))
#7 C:\Users\juanp\Desktop\exa_adopciones\system\CodeIgniter.php(326): CodeIgniter\CodeIgniter->handleRequest(NULL, Object(Config\Cache), false)
#8 C:\Users\juanp\Desktop\exa_adopciones\public\index.php(37): CodeIgniter\CodeIgniter->run()
#9 C:\Users\juanp\Desktop\exa_adopciones\system\Commands\Server\rewrite.php(43): require_once('C:\\Users\\juanp\\...')
#10 {main}
CRITICAL - 2023-10-25 21:18:43 --> Invalid file: adoptador/mostrar.php
#0 C:\Users\juanp\Desktop\exa_adopciones\system\View\View.php(198): CodeIgniter\Exceptions\FrameworkException::forInvalidFile('adoptador/mostr...')
#1 C:\Users\juanp\Desktop\exa_adopciones\system\Common.php(1089): CodeIgniter\View\View->render('adoptador/mostr...', Array, true)
#2 C:\Users\juanp\Desktop\exa_adopciones\app\Controllers\Adoptador.php(20): view('adoptador/mostr...', Array)
#3 C:\Users\juanp\Desktop\exa_adopciones\system\CodeIgniter.php(832): App\Controllers\Adoptador->mostrar()
#4 C:\Users\juanp\Desktop\exa_adopciones\system\CodeIgniter.php(419): CodeIgniter\CodeIgniter->runController(Object(App\Controllers\Adoptador))
#5 C:\Users\juanp\Desktop\exa_adopciones\system\CodeIgniter.php(326): CodeIgniter\CodeIgniter->handleRequest(NULL, Object(Config\Cache), false)
#6 C:\Users\juanp\Desktop\exa_adopciones\public\index.php(37): CodeIgniter\CodeIgniter->run()
#7 C:\Users\juanp\Desktop\exa_adopciones\system\Commands\Server\rewrite.php(43): require_once('C:\\Users\\juanp\\...')
#8 {main}
CRITICAL - 2023-10-25 21:41:56 --> Invalid file: adoptador/mostrar.php
#0 C:\Users\juanp\Desktop\exa_adopciones\system\View\View.php(198): CodeIgniter\Exceptions\FrameworkException::forInvalidFile('adoptador/mostr...')
#1 C:\Users\juanp\Desktop\exa_adopciones\system\Common.php(1089): CodeIgniter\View\View->render('adoptador/mostr...', Array, true)
#2 C:\Users\juanp\Desktop\exa_adopciones\app\Controllers\Adoptador.php(20): view('adoptador/mostr...', Array)
#3 C:\Users\juanp\Desktop\exa_adopciones\system\CodeIgniter.php(832): App\Controllers\Adoptador->mostrar()
#4 C:\Users\juanp\Desktop\exa_adopciones\system\CodeIgniter.php(419): CodeIgniter\CodeIgniter->runController(Object(App\Controllers\Adoptador))
#5 C:\Users\juanp\Desktop\exa_adopciones\system\CodeIgniter.php(326): CodeIgniter\CodeIgniter->handleRequest(NULL, Object(Config\Cache), false)
#6 C:\Users\juanp\Desktop\exa_adopciones\public\index.php(37): CodeIgniter\CodeIgniter->run()
#7 C:\Users\juanp\Desktop\exa_adopciones\system\Commands\Server\rewrite.php(43): require_once('C:\\Users\\juanp\\...')
#8 {main}
CRITICAL - 2023-10-25 21:52:34 --> Invalid file: adoptador/mostrar.php
#0 C:\Users\juanp\Desktop\exa_adopciones\system\View\View.php(198): CodeIgniter\Exceptions\FrameworkException::forInvalidFile('adoptador/mostr...')
#1 C:\Users\juanp\Desktop\exa_adopciones\system\Common.php(1089): CodeIgniter\View\View->render('adoptador/mostr...', Array, true)
#2 C:\Users\juanp\Desktop\exa_adopciones\app\Controllers\Adoptador.php(20): view('adoptador/mostr...', Array)
#3 C:\Users\juanp\Desktop\exa_adopciones\system\CodeIgniter.php(832): App\Controllers\Adoptador->mostrar()
#4 C:\Users\juanp\Desktop\exa_adopciones\system\CodeIgniter.php(419): CodeIgniter\CodeIgniter->runController(Object(App\Controllers\Adoptador))
#5 C:\Users\juanp\Desktop\exa_adopciones\system\CodeIgniter.php(326): CodeIgniter\CodeIgniter->handleRequest(NULL, Object(Config\Cache), false)
#6 C:\Users\juanp\Desktop\exa_adopciones\public\index.php(37): CodeIgniter\CodeIgniter->run()
#7 C:\Users\juanp\Desktop\exa_adopciones\system\Commands\Server\rewrite.php(43): require_once('C:\\Users\\juanp\\...')
#8 {main}
CRITICAL - 2023-10-25 21:52:35 --> Invalid file: adoptador/mostrar.php
#0 C:\Users\juanp\Desktop\exa_adopciones\system\View\View.php(198): CodeIgniter\Exceptions\FrameworkException::forInvalidFile('adoptador/mostr...')
#1 C:\Users\juanp\Desktop\exa_adopciones\system\Common.php(1089): CodeIgniter\View\View->render('adoptador/mostr...', Array, true)
#2 C:\Users\juanp\Desktop\exa_adopciones\app\Controllers\Adoptador.php(20): view('adoptador/mostr...', Array)
#3 C:\Users\juanp\Desktop\exa_adopciones\system\CodeIgniter.php(832): App\Controllers\Adoptador->mostrar()
#4 C:\Users\juanp\Desktop\exa_adopciones\system\CodeIgniter.php(419): CodeIgniter\CodeIgniter->runController(Object(App\Controllers\Adoptador))
#5 C:\Users\juanp\Desktop\exa_adopciones\system\CodeIgniter.php(326): CodeIgniter\CodeIgniter->handleRequest(NULL, Object(Config\Cache), false)
#6 C:\Users\juanp\Desktop\exa_adopciones\public\index.php(37): CodeIgniter\CodeIgniter->run()
#7 C:\Users\juanp\Desktop\exa_adopciones\system\Commands\Server\rewrite.php(43): require_once('C:\\Users\\juanp\\...')
#8 {main}
CRITICAL - 2023-10-25 21:52:35 --> Invalid file: adoptador/mostrar.php
#0 C:\Users\juanp\Desktop\exa_adopciones\system\View\View.php(198): CodeIgniter\Exceptions\FrameworkException::forInvalidFile('adoptador/mostr...')
#1 C:\Users\juanp\Desktop\exa_adopciones\system\Common.php(1089): CodeIgniter\View\View->render('adoptador/mostr...', Array, true)
#2 C:\Users\juanp\Desktop\exa_adopciones\app\Controllers\Adoptador.php(20): view('adoptador/mostr...', Array)
#3 C:\Users\juanp\Desktop\exa_adopciones\system\CodeIgniter.php(832): App\Controllers\Adoptador->mostrar()
#4 C:\Users\juanp\Desktop\exa_adopciones\system\CodeIgniter.php(419): CodeIgniter\CodeIgniter->runController(Object(App\Controllers\Adoptador))
#5 C:\Users\juanp\Desktop\exa_adopciones\system\CodeIgniter.php(326): CodeIgniter\CodeIgniter->handleRequest(NULL, Object(Config\Cache), false)
#6 C:\Users\juanp\Desktop\exa_adopciones\public\index.php(37): CodeIgniter\CodeIgniter->run()
#7 C:\Users\juanp\Desktop\exa_adopciones\system\Commands\Server\rewrite.php(43): require_once('C:\\Users\\juanp\\...')
#8 {main}
CRITICAL - 2023-10-25 21:52:35 --> Invalid file: adoptador/mostrar.php
#0 C:\Users\juanp\Desktop\exa_adopciones\system\View\View.php(198): CodeIgniter\Exceptions\FrameworkException::forInvalidFile('adoptador/mostr...')
#1 C:\Users\juanp\Desktop\exa_adopciones\system\Common.php(1089): CodeIgniter\View\View->render('adoptador/mostr...', Array, true)
#2 C:\Users\juanp\Desktop\exa_adopciones\app\Controllers\Adoptador.php(20): view('adoptador/mostr...', Array)
#3 C:\Users\juanp\Desktop\exa_adopciones\system\CodeIgniter.php(832): App\Controllers\Adoptador->mostrar()
#4 C:\Users\juanp\Desktop\exa_adopciones\system\CodeIgniter.php(419): CodeIgniter\CodeIgniter->runController(Object(App\Controllers\Adoptador))
#5 C:\Users\juanp\Desktop\exa_adopciones\system\CodeIgniter.php(326): CodeIgniter\CodeIgniter->handleRequest(NULL, Object(Config\Cache), false)
#6 C:\Users\juanp\Desktop\exa_adopciones\public\index.php(37): CodeIgniter\CodeIgniter->run()
#7 C:\Users\juanp\Desktop\exa_adopciones\system\Commands\Server\rewrite.php(43): require_once('C:\\Users\\juanp\\...')
#8 {main}
CRITICAL - 2023-10-25 21:55:57 --> Undefined property: stdClass::$id
#0 C:\Users\juanp\Desktop\exa_adopciones\app\Views\adoptador\mostrar.php(26): CodeIgniter\Debug\Exceptions->errorHandler(2, 'Undefined prope...', 'C:\\Users\\juanp\\...', 26)
#1 C:\Users\juanp\Desktop\exa_adopciones\system\View\View.php(210): include('C:\\Users\\juanp\\...')
#2 C:\Users\juanp\Desktop\exa_adopciones\system\View\View.php(213): CodeIgniter\View\View->CodeIgniter\View\{closure}()
#3 C:\Users\juanp\Desktop\exa_adopciones\system\Common.php(1089): CodeIgniter\View\View->render('adoptador/mostr...', Array, true)
#4 C:\Users\juanp\Desktop\exa_adopciones\app\Controllers\Adoptador.php(20): view('adoptador/mostr...', Array)
#5 C:\Users\juanp\Desktop\exa_adopciones\system\CodeIgniter.php(832): App\Controllers\Adoptador->mostrar()
#6 C:\Users\juanp\Desktop\exa_adopciones\system\CodeIgniter.php(419): CodeIgniter\CodeIgniter->runController(Object(App\Controllers\Adoptador))
#7 C:\Users\juanp\Desktop\exa_adopciones\system\CodeIgniter.php(326): CodeIgniter\CodeIgniter->handleRequest(NULL, Object(Config\Cache), false)
#8 C:\Users\juanp\Desktop\exa_adopciones\public\index.php(37): CodeIgniter\CodeIgniter->run()
#9 C:\Users\juanp\Desktop\exa_adopciones\system\Commands\Server\rewrite.php(43): require_once('C:\\Users\\juanp\\...')
#10 {main}
ERROR - 2023-10-25 22:35:55 --> Cannot add or update a child row: a foreign key constraint fails (`adopciones`.`adoptador`, CONSTRAINT `idDireccion` FOREIGN KEY (`direccion`) REFERENCES `direccion` (`idDireccion`))
ERROR - 2023-10-25 23:01:44 --> Cannot add or update a child row: a foreign key constraint fails (`adopciones`.`adoptador`, CONSTRAINT `idDireccion` FOREIGN KEY (`direccion`) REFERENCES `direccion` (`idDireccion`))
ERROR - 2023-10-25 23:06:15 --> Cannot add or update a child row: a foreign key constraint fails (`adopciones`.`adoptador`, CONSTRAINT `idDireccion` FOREIGN KEY (`direccion`) REFERENCES `direccion` (`idDireccion`))
ERROR - 2023-10-25 23:08:20 --> Cannot add or update a child row: a foreign key constraint fails (`adopciones`.`adoptador`, CONSTRAINT `idDireccion` FOREIGN KEY (`direccion`) REFERENCES `direccion` (`idDireccion`))
ERROR - 2023-10-25 23:09:18 --> Cannot add or update a child row: a foreign key constraint fails (`adopciones`.`adoptador`, CONSTRAINT `idDireccion` FOREIGN KEY (`direccion`) REFERENCES `direccion` (`idDireccion`))
