CRITICAL - 2023-11-27 19:36:00 -->  route cannot be found while reverse-routing.
#0 C:\xampp\htdocs\Amikos_\Proyecto_integrador\system\HTTP\RedirectResponse.php(56): CodeIgniter\HTTP\Exceptions\HTTPException::forInvalidRedirectRoute('')
#1 C:\xampp\htdocs\Amikos_\Proyecto_integrador\system\Common.php(832): CodeIgniter\HTTP\RedirectResponse->route(false)
#2 C:\xampp\htdocs\Amikos_\Proyecto_integrador\app\Controllers\Distribuidor.php(194): redirect('distribuidor/mo...')
#3 C:\xampp\htdocs\Amikos_\Proyecto_integrador\system\CodeIgniter.php(832): App\Controllers\Distribuidor->buscar()
#4 C:\xampp\htdocs\Amikos_\Proyecto_integrador\system\CodeIgniter.php(419): CodeIgniter\CodeIgniter->runController(Object(App\Controllers\Distribuidor))
#5 C:\xampp\htdocs\Amikos_\Proyecto_integrador\system\CodeIgniter.php(326): CodeIgniter\CodeIgniter->handleRequest(NULL, Object(Config\Cache), false)
#6 C:\xampp\htdocs\Amikos_\Proyecto_integrador\public\index.php(37): CodeIgniter\CodeIgniter->run()
#7 C:\xampp\htdocs\Amikos_\Proyecto_integrador\system\Commands\Server\rewrite.php(43): require_once('C:\\xampp\\htdocs...')
#8 {main}
CRITICAL - 2023-11-27 19:36:20 -->  route cannot be found while reverse-routing.
#0 C:\xampp\htdocs\Amikos_\Proyecto_integrador\system\HTTP\RedirectResponse.php(56): CodeIgniter\HTTP\Exceptions\HTTPException::forInvalidRedirectRoute('')
#1 C:\xampp\htdocs\Amikos_\Proyecto_integrador\system\Common.php(832): CodeIgniter\HTTP\RedirectResponse->route(false)
#2 C:\xampp\htdocs\Amikos_\Proyecto_integrador\app\Controllers\Distribuidor.php(194): redirect('distribuidor/mo...', Array)
#3 C:\xampp\htdocs\Amikos_\Proyecto_integrador\system\CodeIgniter.php(832): App\Controllers\Distribuidor->buscar()
#4 C:\xampp\htdocs\Amikos_\Proyecto_integrador\system\CodeIgniter.php(419): CodeIgniter\CodeIgniter->runController(Object(App\Controllers\Distribuidor))
#5 C:\xampp\htdocs\Amikos_\Proyecto_integrador\system\CodeIgniter.php(326): CodeIgniter\CodeIgniter->handleRequest(NULL, Object(Config\Cache), false)
#6 C:\xampp\htdocs\Amikos_\Proyecto_integrador\public\index.php(37): CodeIgniter\CodeIgniter->run()
#7 C:\xampp\htdocs\Amikos_\Proyecto_integrador\system\Commands\Server\rewrite.php(43): require_once('C:\\xampp\\htdocs...')
#8 {main}
CRITICAL - 2023-11-27 19:44:16 -->  route cannot be found while reverse-routing.
#0 C:\xampp\htdocs\Amikos_\Proyecto_integrador\system\HTTP\RedirectResponse.php(56): CodeIgniter\HTTP\Exceptions\HTTPException::forInvalidRedirectRoute('')
#1 C:\xampp\htdocs\Amikos_\Proyecto_integrador\system\Common.php(832): CodeIgniter\HTTP\RedirectResponse->route(false)
#2 C:\xampp\htdocs\Amikos_\Proyecto_integrador\app\Controllers\Distribuidor.php(62): redirect('distribuidor/mo...')
#3 C:\xampp\htdocs\Amikos_\Proyecto_integrador\system\CodeIgniter.php(832): App\Controllers\Distribuidor->agregar()
#4 C:\xampp\htdocs\Amikos_\Proyecto_integrador\system\CodeIgniter.php(419): CodeIgniter\CodeIgniter->runController(Object(App\Controllers\Distribuidor))
#5 C:\xampp\htdocs\Amikos_\Proyecto_integrador\system\CodeIgniter.php(326): CodeIgniter\CodeIgniter->handleRequest(NULL, Object(Config\Cache), false)
#6 C:\xampp\htdocs\Amikos_\Proyecto_integrador\public\index.php(37): CodeIgniter\CodeIgniter->run()
#7 C:\xampp\htdocs\Amikos_\Proyecto_integrador\system\Commands\Server\rewrite.php(43): require_once('C:\\xampp\\htdocs...')
#8 {main}
CRITICAL - 2023-11-27 19:44:17 -->  route cannot be found while reverse-routing.
#0 C:\xampp\htdocs\Amikos_\Proyecto_integrador\system\HTTP\RedirectResponse.php(56): CodeIgniter\HTTP\Exceptions\HTTPException::forInvalidRedirectRoute('')
#1 C:\xampp\htdocs\Amikos_\Proyecto_integrador\system\Common.php(832): CodeIgniter\HTTP\RedirectResponse->route(false)
#2 C:\xampp\htdocs\Amikos_\Proyecto_integrador\app\Controllers\Distribuidor.php(62): redirect('distribuidor/mo...')
#3 C:\xampp\htdocs\Amikos_\Proyecto_integrador\system\CodeIgniter.php(832): App\Controllers\Distribuidor->agregar()
#4 C:\xampp\htdocs\Amikos_\Proyecto_integrador\system\CodeIgniter.php(419): CodeIgniter\CodeIgniter->runController(Object(App\Controllers\Distribuidor))
#5 C:\xampp\htdocs\Amikos_\Proyecto_integrador\system\CodeIgniter.php(326): CodeIgniter\CodeIgniter->handleRequest(NULL, Object(Config\Cache), false)
#6 C:\xampp\htdocs\Amikos_\Proyecto_integrador\public\index.php(37): CodeIgniter\CodeIgniter->run()
#7 C:\xampp\htdocs\Amikos_\Proyecto_integrador\system\Commands\Server\rewrite.php(43): require_once('C:\\xampp\\htdocs...')
#8 {main}
CRITICAL - 2023-11-27 20:01:41 --> Class "App\Controllers\BaseController" not found
#0 C:\xampp\htdocs\Amikos_\Proyecto_integrador\system\Autoloader\Autoloader.php(264): include_once()
#1 C:\xampp\htdocs\Amikos_\Proyecto_integrador\system\Autoloader\Autoloader.php(241): CodeIgniter\Autoloader\Autoloader->includeFile('C:\\xampp\\htdocs...')
#2 C:\xampp\htdocs\Amikos_\Proyecto_integrador\system\Autoloader\Autoloader.php(219): CodeIgniter\Autoloader\Autoloader->loadInNamespace('App\\Controllers...')
#3 [internal function]: CodeIgniter\Autoloader\Autoloader->loadClass('App\\Controllers...')
#4 C:\xampp\htdocs\Amikos_\Proyecto_integrador\system\CodeIgniter.php(797): class_exists('\\App\\Controller...', true)
#5 C:\xampp\htdocs\Amikos_\Proyecto_integrador\system\CodeIgniter.php(406): CodeIgniter\CodeIgniter->startController()
#6 C:\xampp\htdocs\Amikos_\Proyecto_integrador\system\CodeIgniter.php(326): CodeIgniter\CodeIgniter->handleRequest(NULL, Object(Config\Cache), false)
#7 C:\xampp\htdocs\Amikos_\Proyecto_integrador\public\index.php(37): CodeIgniter\CodeIgniter->run()
#8 C:\xampp\htdocs\Amikos_\Proyecto_integrador\system\Commands\Server\rewrite.php(43): require_once('C:\\xampp\\htdocs...')
#9 {main}
CRITICAL - 2023-11-27 20:01:45 --> Class "App\Controllers\BaseController" not found
#0 C:\xampp\htdocs\Amikos_\Proyecto_integrador\system\Autoloader\Autoloader.php(264): include_once()
#1 C:\xampp\htdocs\Amikos_\Proyecto_integrador\system\Autoloader\Autoloader.php(241): CodeIgniter\Autoloader\Autoloader->includeFile('C:\\xampp\\htdocs...')
#2 C:\xampp\htdocs\Amikos_\Proyecto_integrador\system\Autoloader\Autoloader.php(219): CodeIgniter\Autoloader\Autoloader->loadInNamespace('App\\Controllers...')
#3 [internal function]: CodeIgniter\Autoloader\Autoloader->loadClass('App\\Controllers...')
#4 C:\xampp\htdocs\Amikos_\Proyecto_integrador\system\CodeIgniter.php(797): class_exists('\\App\\Controller...', true)
#5 C:\xampp\htdocs\Amikos_\Proyecto_integrador\system\CodeIgniter.php(406): CodeIgniter\CodeIgniter->startController()
#6 C:\xampp\htdocs\Amikos_\Proyecto_integrador\system\CodeIgniter.php(326): CodeIgniter\CodeIgniter->handleRequest(NULL, Object(Config\Cache), false)
#7 C:\xampp\htdocs\Amikos_\Proyecto_integrador\public\index.php(37): CodeIgniter\CodeIgniter->run()
#8 C:\xampp\htdocs\Amikos_\Proyecto_integrador\system\Commands\Server\rewrite.php(43): require_once('C:\\xampp\\htdocs...')
#9 {main}
CRITICAL - 2023-11-27 20:02:15 --> Class "App\Controllers\BaseController" not found
#0 C:\xampp\htdocs\Amikos_\Proyecto_integrador\system\Autoloader\Autoloader.php(264): include_once()
#1 C:\xampp\htdocs\Amikos_\Proyecto_integrador\system\Autoloader\Autoloader.php(241): CodeIgniter\Autoloader\Autoloader->includeFile('C:\\xampp\\htdocs...')
#2 C:\xampp\htdocs\Amikos_\Proyecto_integrador\system\Autoloader\Autoloader.php(219): CodeIgniter\Autoloader\Autoloader->loadInNamespace('App\\Controllers...')
#3 [internal function]: CodeIgniter\Autoloader\Autoloader->loadClass('App\\Controllers...')
#4 C:\xampp\htdocs\Amikos_\Proyecto_integrador\system\CodeIgniter.php(797): class_exists('\\App\\Controller...', true)
#5 C:\xampp\htdocs\Amikos_\Proyecto_integrador\system\CodeIgniter.php(406): CodeIgniter\CodeIgniter->startController()
#6 C:\xampp\htdocs\Amikos_\Proyecto_integrador\system\CodeIgniter.php(326): CodeIgniter\CodeIgniter->handleRequest(NULL, Object(Config\Cache), false)
#7 C:\xampp\htdocs\Amikos_\Proyecto_integrador\public\index.php(37): CodeIgniter\CodeIgniter->run()
#8 C:\xampp\htdocs\Amikos_\Proyecto_integrador\system\Commands\Server\rewrite.php(43): require_once('C:\\xampp\\htdocs...')
#9 {main}
CRITICAL - 2023-11-27 20:02:59 --> Undefined variable $historial_Medico
#0 C:\xampp\htdocs\Amikos_\Proyecto_integrador\app\Views\modelo\mostrar.php(24): CodeIgniter\Debug\Exceptions->errorHandler(2, 'Undefined varia...', 'C:\\xampp\\htdocs...', 24)
#1 C:\xampp\htdocs\Amikos_\Proyecto_integrador\system\View\View.php(210): include('C:\\xampp\\htdocs...')
#2 C:\xampp\htdocs\Amikos_\Proyecto_integrador\system\View\View.php(213): CodeIgniter\View\View->CodeIgniter\View\{closure}()
#3 C:\xampp\htdocs\Amikos_\Proyecto_integrador\system\Common.php(1089): CodeIgniter\View\View->render('modelo/mostrar', Array, true)
#4 C:\xampp\htdocs\Amikos_\Proyecto_integrador\app\Controllers\Modelo.php(20): view('modelo/mostrar', Array)
#5 C:\xampp\htdocs\Amikos_\Proyecto_integrador\system\CodeIgniter.php(832): App\Controllers\Modelo->mostrar()
#6 C:\xampp\htdocs\Amikos_\Proyecto_integrador\system\CodeIgniter.php(419): CodeIgniter\CodeIgniter->runController(Object(App\Controllers\Modelo))
#7 C:\xampp\htdocs\Amikos_\Proyecto_integrador\system\CodeIgniter.php(326): CodeIgniter\CodeIgniter->handleRequest(NULL, Object(Config\Cache), false)
#8 C:\xampp\htdocs\Amikos_\Proyecto_integrador\public\index.php(37): CodeIgniter\CodeIgniter->run()
#9 C:\xampp\htdocs\Amikos_\Proyecto_integrador\system\Commands\Server\rewrite.php(43): require_once('C:\\xampp\\htdocs...')
#10 {main}
CRITICAL - 2023-11-27 20:05:39 --> Call to a member function findAll() on null
#0 C:\xampp\htdocs\Amikos_\Proyecto_integrador\system\CodeIgniter.php(832): App\Controllers\Componentes->mostrar()
#1 C:\xampp\htdocs\Amikos_\Proyecto_integrador\system\CodeIgniter.php(419): CodeIgniter\CodeIgniter->runController(Object(App\Controllers\Componentes))
#2 C:\xampp\htdocs\Amikos_\Proyecto_integrador\system\CodeIgniter.php(326): CodeIgniter\CodeIgniter->handleRequest(NULL, Object(Config\Cache), false)
#3 C:\xampp\htdocs\Amikos_\Proyecto_integrador\public\index.php(37): CodeIgniter\CodeIgniter->run()
#4 C:\xampp\htdocs\Amikos_\Proyecto_integrador\system\Commands\Server\rewrite.php(43): require_once('C:\\xampp\\htdocs...')
#5 {main}
CRITICAL - 2023-11-27 20:08:03 --> Undefined variable $compontes
#0 C:\xampp\htdocs\Amikos_\Proyecto_integrador\app\Views\componentes\mostrar.php(12): CodeIgniter\Debug\Exceptions->errorHandler(2, 'Undefined varia...', 'C:\\xampp\\htdocs...', 12)
#1 C:\xampp\htdocs\Amikos_\Proyecto_integrador\system\View\View.php(210): include('C:\\xampp\\htdocs...')
#2 C:\xampp\htdocs\Amikos_\Proyecto_integrador\system\View\View.php(213): CodeIgniter\View\View->CodeIgniter\View\{closure}()
#3 C:\xampp\htdocs\Amikos_\Proyecto_integrador\system\Common.php(1089): CodeIgniter\View\View->render('componentes/mos...', Array, true)
#4 C:\xampp\htdocs\Amikos_\Proyecto_integrador\app\Controllers\Componentes.php(20): view('componentes/mos...', Array)
#5 C:\xampp\htdocs\Amikos_\Proyecto_integrador\system\CodeIgniter.php(832): App\Controllers\Componentes->mostrar()
#6 C:\xampp\htdocs\Amikos_\Proyecto_integrador\system\CodeIgniter.php(419): CodeIgniter\CodeIgniter->runController(Object(App\Controllers\Componentes))
#7 C:\xampp\htdocs\Amikos_\Proyecto_integrador\system\CodeIgniter.php(326): CodeIgniter\CodeIgniter->handleRequest(NULL, Object(Config\Cache), false)
#8 C:\xampp\htdocs\Amikos_\Proyecto_integrador\public\index.php(37): CodeIgniter\CodeIgniter->run()
#9 C:\xampp\htdocs\Amikos_\Proyecto_integrador\system\Commands\Server\rewrite.php(43): require_once('C:\\xampp\\htdocs...')
#10 {main}
CRITICAL - 2023-11-27 20:10:39 --> Undefined property: stdClass::$trasero
#0 C:\xampp\htdocs\Amikos_\Proyecto_integrador\app\Views\componentes\mostrar.php(27): CodeIgniter\Debug\Exceptions->errorHandler(2, 'Undefined prope...', 'C:\\xampp\\htdocs...', 27)
#1 C:\xampp\htdocs\Amikos_\Proyecto_integrador\system\View\View.php(210): include('C:\\xampp\\htdocs...')
#2 C:\xampp\htdocs\Amikos_\Proyecto_integrador\system\View\View.php(213): CodeIgniter\View\View->CodeIgniter\View\{closure}()
#3 C:\xampp\htdocs\Amikos_\Proyecto_integrador\system\Common.php(1089): CodeIgniter\View\View->render('componentes/mos...', Array, true)
#4 C:\xampp\htdocs\Amikos_\Proyecto_integrador\app\Controllers\Componentes.php(20): view('componentes/mos...', Array)
#5 C:\xampp\htdocs\Amikos_\Proyecto_integrador\system\CodeIgniter.php(832): App\Controllers\Componentes->mostrar()
#6 C:\xampp\htdocs\Amikos_\Proyecto_integrador\system\CodeIgniter.php(419): CodeIgniter\CodeIgniter->runController(Object(App\Controllers\Componentes))
#7 C:\xampp\htdocs\Amikos_\Proyecto_integrador\system\CodeIgniter.php(326): CodeIgniter\CodeIgniter->handleRequest(NULL, Object(Config\Cache), false)
#8 C:\xampp\htdocs\Amikos_\Proyecto_integrador\public\index.php(37): CodeIgniter\CodeIgniter->run()
#9 C:\xampp\htdocs\Amikos_\Proyecto_integrador\system\Commands\Server\rewrite.php(43): require_once('C:\\xampp\\htdocs...')
#10 {main}
CRITICAL - 2023-11-27 20:19:59 --> Undefined property: stdClass::$idCaracteristica
#0 C:\xampp\htdocs\Amikos_\Proyecto_integrador\app\Views\caracteristicas\mostrar.php(17): CodeIgniter\Debug\Exceptions->errorHandler(2, 'Undefined prope...', 'C:\\xampp\\htdocs...', 17)
#1 C:\xampp\htdocs\Amikos_\Proyecto_integrador\system\View\View.php(210): include('C:\\xampp\\htdocs...')
#2 C:\xampp\htdocs\Amikos_\Proyecto_integrador\system\View\View.php(213): CodeIgniter\View\View->CodeIgniter\View\{closure}()
#3 C:\xampp\htdocs\Amikos_\Proyecto_integrador\system\Common.php(1089): CodeIgniter\View\View->render('caracteristicas...', Array, true)
#4 C:\xampp\htdocs\Amikos_\Proyecto_integrador\app\Controllers\Caracteristicas.php(20): view('caracteristicas...', Array)
#5 C:\xampp\htdocs\Amikos_\Proyecto_integrador\system\CodeIgniter.php(832): App\Controllers\Caracteristicas->mostrar()
#6 C:\xampp\htdocs\Amikos_\Proyecto_integrador\system\CodeIgniter.php(419): CodeIgniter\CodeIgniter->runController(Object(App\Controllers\Caracteristicas))
#7 C:\xampp\htdocs\Amikos_\Proyecto_integrador\system\CodeIgniter.php(326): CodeIgniter\CodeIgniter->handleRequest(NULL, Object(Config\Cache), false)
#8 C:\xampp\htdocs\Amikos_\Proyecto_integrador\public\index.php(37): CodeIgniter\CodeIgniter->run()
#9 C:\xampp\htdocs\Amikos_\Proyecto_integrador\system\Commands\Server\rewrite.php(43): require_once('C:\\xampp\\htdocs...')
#10 {main}
CRITICAL - 2023-11-27 20:20:05 --> Undefined property: stdClass::$idCaracteristica
#0 C:\xampp\htdocs\Amikos_\Proyecto_integrador\app\Views\caracteristicas\mostrar.php(24): CodeIgniter\Debug\Exceptions->errorHandler(2, 'Undefined prope...', 'C:\\xampp\\htdocs...', 24)
#1 C:\xampp\htdocs\Amikos_\Proyecto_integrador\system\View\View.php(210): include('C:\\xampp\\htdocs...')
#2 C:\xampp\htdocs\Amikos_\Proyecto_integrador\system\View\View.php(213): CodeIgniter\View\View->CodeIgniter\View\{closure}()
#3 C:\xampp\htdocs\Amikos_\Proyecto_integrador\system\Common.php(1089): CodeIgniter\View\View->render('caracteristicas...', Array, true)
#4 C:\xampp\htdocs\Amikos_\Proyecto_integrador\app\Controllers\Caracteristicas.php(20): view('caracteristicas...', Array)
#5 C:\xampp\htdocs\Amikos_\Proyecto_integrador\system\CodeIgniter.php(832): App\Controllers\Caracteristicas->mostrar()
#6 C:\xampp\htdocs\Amikos_\Proyecto_integrador\system\CodeIgniter.php(419): CodeIgniter\CodeIgniter->runController(Object(App\Controllers\Caracteristicas))
#7 C:\xampp\htdocs\Amikos_\Proyecto_integrador\system\CodeIgniter.php(326): CodeIgniter\CodeIgniter->handleRequest(NULL, Object(Config\Cache), false)
#8 C:\xampp\htdocs\Amikos_\Proyecto_integrador\public\index.php(37): CodeIgniter\CodeIgniter->run()
#9 C:\xampp\htdocs\Amikos_\Proyecto_integrador\system\Commands\Server\rewrite.php(43): require_once('C:\\xampp\\htdocs...')
#10 {main}
CRITICAL - 2023-11-27 20:26:57 --> Undefined variable $bicileta
#0 C:\xampp\htdocs\Amikos_\Proyecto_integrador\app\Views\bicicleta\mostrar.php(19): CodeIgniter\Debug\Exceptions->errorHandler(2, 'Undefined varia...', 'C:\\xampp\\htdocs...', 19)
#1 C:\xampp\htdocs\Amikos_\Proyecto_integrador\system\View\View.php(210): include('C:\\xampp\\htdocs...')
#2 C:\xampp\htdocs\Amikos_\Proyecto_integrador\system\View\View.php(213): CodeIgniter\View\View->CodeIgniter\View\{closure}()
#3 C:\xampp\htdocs\Amikos_\Proyecto_integrador\system\Common.php(1089): CodeIgniter\View\View->render('bicicleta/mostr...', Array, true)
#4 C:\xampp\htdocs\Amikos_\Proyecto_integrador\app\Controllers\Bicicleta.php(20): view('bicicleta/mostr...', Array)
#5 C:\xampp\htdocs\Amikos_\Proyecto_integrador\system\CodeIgniter.php(832): App\Controllers\Bicicleta->mostrar()
#6 C:\xampp\htdocs\Amikos_\Proyecto_integrador\system\CodeIgniter.php(419): CodeIgniter\CodeIgniter->runController(Object(App\Controllers\Bicicleta))
#7 C:\xampp\htdocs\Amikos_\Proyecto_integrador\system\CodeIgniter.php(326): CodeIgniter\CodeIgniter->handleRequest(NULL, Object(Config\Cache), false)
#8 C:\xampp\htdocs\Amikos_\Proyecto_integrador\public\index.php(37): CodeIgniter\CodeIgniter->run()
#9 C:\xampp\htdocs\Amikos_\Proyecto_integrador\system\Commands\Server\rewrite.php(43): require_once('C:\\xampp\\htdocs...')
#10 {main}
CRITICAL - 2023-11-27 20:33:55 --> Undefined property: stdClass::$marca
#0 C:\xampp\htdocs\Amikos_\Proyecto_integrador\app\Views\bicicleta\mostrar.php(20): CodeIgniter\Debug\Exceptions->errorHandler(2, 'Undefined prope...', 'C:\\xampp\\htdocs...', 20)
#1 C:\xampp\htdocs\Amikos_\Proyecto_integrador\system\View\View.php(210): include('C:\\xampp\\htdocs...')
#2 C:\xampp\htdocs\Amikos_\Proyecto_integrador\system\View\View.php(213): CodeIgniter\View\View->CodeIgniter\View\{closure}()
#3 C:\xampp\htdocs\Amikos_\Proyecto_integrador\system\Common.php(1089): CodeIgniter\View\View->render('bicicleta/mostr...', Array, true)
#4 C:\xampp\htdocs\Amikos_\Proyecto_integrador\app\Controllers\Bicicleta.php(33): view('bicicleta/mostr...', Array)
#5 C:\xampp\htdocs\Amikos_\Proyecto_integrador\system\CodeIgniter.php(832): App\Controllers\Bicicleta->mostrar()
#6 C:\xampp\htdocs\Amikos_\Proyecto_integrador\system\CodeIgniter.php(419): CodeIgniter\CodeIgniter->runController(Object(App\Controllers\Bicicleta))
#7 C:\xampp\htdocs\Amikos_\Proyecto_integrador\system\CodeIgniter.php(326): CodeIgniter\CodeIgniter->handleRequest(NULL, Object(Config\Cache), false)
#8 C:\xampp\htdocs\Amikos_\Proyecto_integrador\public\index.php(37): CodeIgniter\CodeIgniter->run()
#9 C:\xampp\htdocs\Amikos_\Proyecto_integrador\system\Commands\Server\rewrite.php(43): require_once('C:\\xampp\\htdocs...')
#10 {main}
CRITICAL - 2023-11-27 20:34:06 --> Undefined property: stdClass::$Nombre
#0 C:\xampp\htdocs\Amikos_\Proyecto_integrador\app\Views\bicicleta\mostrar.php(21): CodeIgniter\Debug\Exceptions->errorHandler(2, 'Undefined prope...', 'C:\\xampp\\htdocs...', 21)
#1 C:\xampp\htdocs\Amikos_\Proyecto_integrador\system\View\View.php(210): include('C:\\xampp\\htdocs...')
#2 C:\xampp\htdocs\Amikos_\Proyecto_integrador\system\View\View.php(213): CodeIgniter\View\View->CodeIgniter\View\{closure}()
#3 C:\xampp\htdocs\Amikos_\Proyecto_integrador\system\Common.php(1089): CodeIgniter\View\View->render('bicicleta/mostr...', Array, true)
#4 C:\xampp\htdocs\Amikos_\Proyecto_integrador\app\Controllers\Bicicleta.php(33): view('bicicleta/mostr...', Array)
#5 C:\xampp\htdocs\Amikos_\Proyecto_integrador\system\CodeIgniter.php(832): App\Controllers\Bicicleta->mostrar()
#6 C:\xampp\htdocs\Amikos_\Proyecto_integrador\system\CodeIgniter.php(419): CodeIgniter\CodeIgniter->runController(Object(App\Controllers\Bicicleta))
#7 C:\xampp\htdocs\Amikos_\Proyecto_integrador\system\CodeIgniter.php(326): CodeIgniter\CodeIgniter->handleRequest(NULL, Object(Config\Cache), false)
#8 C:\xampp\htdocs\Amikos_\Proyecto_integrador\public\index.php(37): CodeIgniter\CodeIgniter->run()
#9 C:\xampp\htdocs\Amikos_\Proyecto_integrador\system\Commands\Server\rewrite.php(43): require_once('C:\\xampp\\htdocs...')
#10 {main}
CRITICAL - 2023-11-27 20:41:59 --> Undefined property: stdClass::$Componente
#0 C:\xampp\htdocs\Amikos_\Proyecto_integrador\app\Views\bicicleta\mostrar.php(32): CodeIgniter\Debug\Exceptions->errorHandler(2, 'Undefined prope...', 'C:\\xampp\\htdocs...', 32)
#1 C:\xampp\htdocs\Amikos_\Proyecto_integrador\system\View\View.php(210): include('C:\\xampp\\htdocs...')
#2 C:\xampp\htdocs\Amikos_\Proyecto_integrador\system\View\View.php(213): CodeIgniter\View\View->CodeIgniter\View\{closure}()
#3 C:\xampp\htdocs\Amikos_\Proyecto_integrador\system\Common.php(1089): CodeIgniter\View\View->render('bicicleta/mostr...', Array, true)
#4 C:\xampp\htdocs\Amikos_\Proyecto_integrador\app\Controllers\Bicicleta.php(33): view('bicicleta/mostr...', Array)
#5 C:\xampp\htdocs\Amikos_\Proyecto_integrador\system\CodeIgniter.php(832): App\Controllers\Bicicleta->mostrar()
#6 C:\xampp\htdocs\Amikos_\Proyecto_integrador\system\CodeIgniter.php(419): CodeIgniter\CodeIgniter->runController(Object(App\Controllers\Bicicleta))
#7 C:\xampp\htdocs\Amikos_\Proyecto_integrador\system\CodeIgniter.php(326): CodeIgniter\CodeIgniter->handleRequest(NULL, Object(Config\Cache), false)
#8 C:\xampp\htdocs\Amikos_\Proyecto_integrador\public\index.php(37): CodeIgniter\CodeIgniter->run()
#9 C:\xampp\htdocs\Amikos_\Proyecto_integrador\system\Commands\Server\rewrite.php(43): require_once('C:\\xampp\\htdocs...')
#10 {main}
CRITICAL - 2023-11-27 20:42:22 --> Undefined variable $caracteriscticas
#0 C:\xampp\htdocs\Amikos_\Proyecto_integrador\app\Views\bicicleta\mostrar.php(49): CodeIgniter\Debug\Exceptions->errorHandler(2, 'Undefined varia...', 'C:\\xampp\\htdocs...', 49)
#1 C:\xampp\htdocs\Amikos_\Proyecto_integrador\system\View\View.php(210): include('C:\\xampp\\htdocs...')
#2 C:\xampp\htdocs\Amikos_\Proyecto_integrador\system\View\View.php(213): CodeIgniter\View\View->CodeIgniter\View\{closure}()
#3 C:\xampp\htdocs\Amikos_\Proyecto_integrador\system\Common.php(1089): CodeIgniter\View\View->render('bicicleta/mostr...', Array, true)
#4 C:\xampp\htdocs\Amikos_\Proyecto_integrador\app\Controllers\Bicicleta.php(33): view('bicicleta/mostr...', Array)
#5 C:\xampp\htdocs\Amikos_\Proyecto_integrador\system\CodeIgniter.php(832): App\Controllers\Bicicleta->mostrar()
#6 C:\xampp\htdocs\Amikos_\Proyecto_integrador\system\CodeIgniter.php(419): CodeIgniter\CodeIgniter->runController(Object(App\Controllers\Bicicleta))
#7 C:\xampp\htdocs\Amikos_\Proyecto_integrador\system\CodeIgniter.php(326): CodeIgniter\CodeIgniter->handleRequest(NULL, Object(Config\Cache), false)
#8 C:\xampp\htdocs\Amikos_\Proyecto_integrador\public\index.php(37): CodeIgniter\CodeIgniter->run()
#9 C:\xampp\htdocs\Amikos_\Proyecto_integrador\system\Commands\Server\rewrite.php(43): require_once('C:\\xampp\\htdocs...')
#10 {main}
CRITICAL - 2023-11-27 20:42:42 --> Undefined variable $caracteristica
#0 C:\xampp\htdocs\Amikos_\Proyecto_integrador\app\Views\bicicleta\mostrar.php(52): CodeIgniter\Debug\Exceptions->errorHandler(2, 'Undefined varia...', 'C:\\xampp\\htdocs...', 52)
#1 C:\xampp\htdocs\Amikos_\Proyecto_integrador\system\View\View.php(210): include('C:\\xampp\\htdocs...')
#2 C:\xampp\htdocs\Amikos_\Proyecto_integrador\system\View\View.php(213): CodeIgniter\View\View->CodeIgniter\View\{closure}()
#3 C:\xampp\htdocs\Amikos_\Proyecto_integrador\system\Common.php(1089): CodeIgniter\View\View->render('bicicleta/mostr...', Array, true)
#4 C:\xampp\htdocs\Amikos_\Proyecto_integrador\app\Controllers\Bicicleta.php(33): view('bicicleta/mostr...', Array)
#5 C:\xampp\htdocs\Amikos_\Proyecto_integrador\system\CodeIgniter.php(832): App\Controllers\Bicicleta->mostrar()
#6 C:\xampp\htdocs\Amikos_\Proyecto_integrador\system\CodeIgniter.php(419): CodeIgniter\CodeIgniter->runController(Object(App\Controllers\Bicicleta))
#7 C:\xampp\htdocs\Amikos_\Proyecto_integrador\system\CodeIgniter.php(326): CodeIgniter\CodeIgniter->handleRequest(NULL, Object(Config\Cache), false)
#8 C:\xampp\htdocs\Amikos_\Proyecto_integrador\public\index.php(37): CodeIgniter\CodeIgniter->run()
#9 C:\xampp\htdocs\Amikos_\Proyecto_integrador\system\Commands\Server\rewrite.php(43): require_once('C:\\xampp\\htdocs...')
#10 {main}
ERROR - 2023-11-27 21:56:08 --> Error connecting to the database: Unknown database 'proyecto_bd'
CRITICAL - 2023-11-27 21:56:08 --> Unable to connect to the database.
Main connection [MySQLi]: Unknown database 'proyecto_bd'
#0 C:\Users\Moisés David\Desktop\Amikos_\Proyecto_integrador\system\Database\BaseConnection.php(577): CodeIgniter\Database\BaseConnection->initialize()
#1 C:\Users\Moisés David\Desktop\Amikos_\Proyecto_integrador\system\Database\BaseBuilder.php(1455): CodeIgniter\Database\BaseConnection->query('SELECT *\nFROM `...', Array, false)
#2 C:\Users\Moisés David\Desktop\Amikos_\Proyecto_integrador\system\Model.php(183): CodeIgniter\Database\BaseBuilder->get()
#3 C:\Users\Moisés David\Desktop\Amikos_\Proyecto_integrador\system\BaseModel.php(584): CodeIgniter\Model->doFindAll(0, 0)
#4 C:\Users\Moisés David\Desktop\Amikos_\Proyecto_integrador\app\Controllers\Usuario.php(22): CodeIgniter\BaseModel->findAll()
#5 C:\Users\Moisés David\Desktop\Amikos_\Proyecto_integrador\system\CodeIgniter.php(832): App\Controllers\Usuario->mostrar()
#6 C:\Users\Moisés David\Desktop\Amikos_\Proyecto_integrador\system\CodeIgniter.php(419): CodeIgniter\CodeIgniter->runController(Object(App\Controllers\Usuario))
#7 C:\Users\Moisés David\Desktop\Amikos_\Proyecto_integrador\system\CodeIgniter.php(326): CodeIgniter\CodeIgniter->handleRequest(NULL, Object(Config\Cache), false)
#8 C:\Users\Moisés David\Desktop\Amikos_\Proyecto_integrador\public\index.php(37): CodeIgniter\CodeIgniter->run()
#9 C:\Users\Moisés David\Desktop\Amikos_\Proyecto_integrador\system\Commands\Server\rewrite.php(43): require_once('C:\\Users\\Mois\xC3\xA9...')
#10 {main}
CRITICAL - 2023-11-27 22:05:40 -->  route cannot be found while reverse-routing.
#0 C:\Users\Moisés David\Desktop\Amikos_\Proyecto_integrador\system\HTTP\RedirectResponse.php(56): CodeIgniter\HTTP\Exceptions\HTTPException::forInvalidRedirectRoute('')
#1 C:\Users\Moisés David\Desktop\Amikos_\Proyecto_integrador\system\Common.php(832): CodeIgniter\HTTP\RedirectResponse->route(false)
#2 C:\Users\Moisés David\Desktop\Amikos_\Proyecto_integrador\app\Controllers\Usuario.php(63): redirect('usuario/mostrar')
#3 C:\Users\Moisés David\Desktop\Amikos_\Proyecto_integrador\system\CodeIgniter.php(832): App\Controllers\Usuario->agregar()
#4 C:\Users\Moisés David\Desktop\Amikos_\Proyecto_integrador\system\CodeIgniter.php(419): CodeIgniter\CodeIgniter->runController(Object(App\Controllers\Usuario))
#5 C:\Users\Moisés David\Desktop\Amikos_\Proyecto_integrador\system\CodeIgniter.php(326): CodeIgniter\CodeIgniter->handleRequest(NULL, Object(Config\Cache), false)
#6 C:\Users\Moisés David\Desktop\Amikos_\Proyecto_integrador\public\index.php(37): CodeIgniter\CodeIgniter->run()
#7 C:\Users\Moisés David\Desktop\Amikos_\Proyecto_integrador\system\Commands\Server\rewrite.php(43): require_once('C:\\Users\\Mois\xC3\xA9...')
#8 {main}
ERROR - 2023-11-27 22:06:02 --> Duplicate entry 'David' for key 'Nombre'
CRITICAL - 2023-11-27 22:06:02 --> Duplicate entry 'David' for key 'Nombre'
#0 C:\Users\Moisés David\Desktop\Amikos_\Proyecto_integrador\system\Database\MySQLi\Connection.php(292): mysqli->query('INSERT INTO `Us...', 0)
#1 C:\Users\Moisés David\Desktop\Amikos_\Proyecto_integrador\system\Database\BaseConnection.php(670): CodeIgniter\Database\MySQLi\Connection->execute('INSERT INTO `Us...')
#2 C:\Users\Moisés David\Desktop\Amikos_\Proyecto_integrador\system\Database\BaseConnection.php(598): CodeIgniter\Database\BaseConnection->simpleQuery('INSERT INTO `Us...')
#3 C:\Users\Moisés David\Desktop\Amikos_\Proyecto_integrador\system\Database\BaseBuilder.php(1771): CodeIgniter\Database\BaseConnection->query('INSERT INTO `Us...', Array, false)
#4 C:\Users\Moisés David\Desktop\Amikos_\Proyecto_integrador\system\Model.php(239): CodeIgniter\Database\BaseBuilder->insert()
#5 C:\Users\Moisés David\Desktop\Amikos_\Proyecto_integrador\system\BaseModel.php(738): CodeIgniter\Model->doInsert(Array)
#6 C:\Users\Moisés David\Desktop\Amikos_\Proyecto_integrador\system\Model.php(625): CodeIgniter\BaseModel->insert(Array, false)
#7 C:\Users\Moisés David\Desktop\Amikos_\Proyecto_integrador\app\Controllers\Usuario.php(84): CodeIgniter\Model->insert(Array, false)
#8 C:\Users\Moisés David\Desktop\Amikos_\Proyecto_integrador\app\Controllers\Usuario.php(62): App\Controllers\Usuario->insert()
#9 C:\Users\Moisés David\Desktop\Amikos_\Proyecto_integrador\system\CodeIgniter.php(832): App\Controllers\Usuario->agregar()
#10 C:\Users\Moisés David\Desktop\Amikos_\Proyecto_integrador\system\CodeIgniter.php(419): CodeIgniter\CodeIgniter->runController(Object(App\Controllers\Usuario))
#11 C:\Users\Moisés David\Desktop\Amikos_\Proyecto_integrador\system\CodeIgniter.php(326): CodeIgniter\CodeIgniter->handleRequest(NULL, Object(Config\Cache), false)
#12 C:\Users\Moisés David\Desktop\Amikos_\Proyecto_integrador\public\index.php(37): CodeIgniter\CodeIgniter->run()
#13 C:\Users\Moisés David\Desktop\Amikos_\Proyecto_integrador\system\Commands\Server\rewrite.php(43): require_once('C:\\Users\\Mois\xC3\xA9...')
#14 {main}
CRITICAL - 2023-11-27 22:06:42 -->  route cannot be found while reverse-routing.
#0 C:\Users\Moisés David\Desktop\Amikos_\Proyecto_integrador\system\HTTP\RedirectResponse.php(56): CodeIgniter\HTTP\Exceptions\HTTPException::forInvalidRedirectRoute('')
#1 C:\Users\Moisés David\Desktop\Amikos_\Proyecto_integrador\system\Common.php(832): CodeIgniter\HTTP\RedirectResponse->route(false)
#2 C:\Users\Moisés David\Desktop\Amikos_\Proyecto_integrador\app\Controllers\Usuario.php(141): redirect('usuario/mostrar')
#3 C:\Users\Moisés David\Desktop\Amikos_\Proyecto_integrador\system\CodeIgniter.php(832): App\Controllers\Usuario->update()
#4 C:\Users\Moisés David\Desktop\Amikos_\Proyecto_integrador\system\CodeIgniter.php(419): CodeIgniter\CodeIgniter->runController(Object(App\Controllers\Usuario))
#5 C:\Users\Moisés David\Desktop\Amikos_\Proyecto_integrador\system\CodeIgniter.php(326): CodeIgniter\CodeIgniter->handleRequest(NULL, Object(Config\Cache), false)
#6 C:\Users\Moisés David\Desktop\Amikos_\Proyecto_integrador\public\index.php(37): CodeIgniter\CodeIgniter->run()
#7 C:\Users\Moisés David\Desktop\Amikos_\Proyecto_integrador\system\Commands\Server\rewrite.php(43): require_once('C:\\Users\\Mois\xC3\xA9...')
#8 {main}
CRITICAL - 2023-11-27 22:20:47 -->  route cannot be found while reverse-routing.
#0 C:\Users\Moisés David\Desktop\Amikos_\Proyecto_integrador\system\HTTP\RedirectResponse.php(56): CodeIgniter\HTTP\Exceptions\HTTPException::forInvalidRedirectRoute('')
#1 C:\Users\Moisés David\Desktop\Amikos_\Proyecto_integrador\system\Common.php(832): CodeIgniter\HTTP\RedirectResponse->route(false)
#2 C:\Users\Moisés David\Desktop\Amikos_\Proyecto_integrador\app\Controllers\Usuario.php(61): redirect('usuario/mostrar')
#3 C:\Users\Moisés David\Desktop\Amikos_\Proyecto_integrador\system\CodeIgniter.php(832): App\Controllers\Usuario->agregar()
#4 C:\Users\Moisés David\Desktop\Amikos_\Proyecto_integrador\system\CodeIgniter.php(419): CodeIgniter\CodeIgniter->runController(Object(App\Controllers\Usuario))
#5 C:\Users\Moisés David\Desktop\Amikos_\Proyecto_integrador\system\CodeIgniter.php(326): CodeIgniter\CodeIgniter->handleRequest(NULL, Object(Config\Cache), false)
#6 C:\Users\Moisés David\Desktop\Amikos_\Proyecto_integrador\public\index.php(37): CodeIgniter\CodeIgniter->run()
#7 C:\Users\Moisés David\Desktop\Amikos_\Proyecto_integrador\system\Commands\Server\rewrite.php(43): require_once('C:\\Users\\Mois\xC3\xA9...')
#8 {main}
ERROR - 2023-11-27 22:21:19 --> Duplicate entry 'Miguel Ángel' for key 'Nombre'
CRITICAL - 2023-11-27 22:21:19 --> Duplicate entry 'Miguel Ángel' for key 'Nombre'
#0 C:\Users\Moisés David\Desktop\Amikos_\Proyecto_integrador\system\Database\MySQLi\Connection.php(292): mysqli->query('INSERT INTO `Us...', 0)
#1 C:\Users\Moisés David\Desktop\Amikos_\Proyecto_integrador\system\Database\BaseConnection.php(670): CodeIgniter\Database\MySQLi\Connection->execute('INSERT INTO `Us...')
#2 C:\Users\Moisés David\Desktop\Amikos_\Proyecto_integrador\system\Database\BaseConnection.php(598): CodeIgniter\Database\BaseConnection->simpleQuery('INSERT INTO `Us...')
#3 C:\Users\Moisés David\Desktop\Amikos_\Proyecto_integrador\system\Database\BaseBuilder.php(1771): CodeIgniter\Database\BaseConnection->query('INSERT INTO `Us...', Array, false)
#4 C:\Users\Moisés David\Desktop\Amikos_\Proyecto_integrador\system\Model.php(239): CodeIgniter\Database\BaseBuilder->insert()
#5 C:\Users\Moisés David\Desktop\Amikos_\Proyecto_integrador\system\BaseModel.php(738): CodeIgniter\Model->doInsert(Array)
#6 C:\Users\Moisés David\Desktop\Amikos_\Proyecto_integrador\system\Model.php(625): CodeIgniter\BaseModel->insert(Array, false)
#7 C:\Users\Moisés David\Desktop\Amikos_\Proyecto_integrador\app\Controllers\Usuario.php(82): CodeIgniter\Model->insert(Array, false)
#8 C:\Users\Moisés David\Desktop\Amikos_\Proyecto_integrador\app\Controllers\Usuario.php(60): App\Controllers\Usuario->insert()
#9 C:\Users\Moisés David\Desktop\Amikos_\Proyecto_integrador\system\CodeIgniter.php(832): App\Controllers\Usuario->agregar()
#10 C:\Users\Moisés David\Desktop\Amikos_\Proyecto_integrador\system\CodeIgniter.php(419): CodeIgniter\CodeIgniter->runController(Object(App\Controllers\Usuario))
#11 C:\Users\Moisés David\Desktop\Amikos_\Proyecto_integrador\system\CodeIgniter.php(326): CodeIgniter\CodeIgniter->handleRequest(NULL, Object(Config\Cache), false)
#12 C:\Users\Moisés David\Desktop\Amikos_\Proyecto_integrador\public\index.php(37): CodeIgniter\CodeIgniter->run()
#13 C:\Users\Moisés David\Desktop\Amikos_\Proyecto_integrador\system\Commands\Server\rewrite.php(43): require_once('C:\\Users\\Mois\xC3\xA9...')
#14 {main}
ERROR - 2023-11-27 22:22:35 --> Duplicate entry 'Miguel Ángel' for key 'Nombre'
CRITICAL - 2023-11-27 22:22:35 --> Duplicate entry 'Miguel Ángel' for key 'Nombre'
#0 C:\Users\Moisés David\Desktop\Amikos_\Proyecto_integrador\system\Database\MySQLi\Connection.php(292): mysqli->query('INSERT INTO `Us...', 0)
#1 C:\Users\Moisés David\Desktop\Amikos_\Proyecto_integrador\system\Database\BaseConnection.php(670): CodeIgniter\Database\MySQLi\Connection->execute('INSERT INTO `Us...')
#2 C:\Users\Moisés David\Desktop\Amikos_\Proyecto_integrador\system\Database\BaseConnection.php(598): CodeIgniter\Database\BaseConnection->simpleQuery('INSERT INTO `Us...')
#3 C:\Users\Moisés David\Desktop\Amikos_\Proyecto_integrador\system\Database\BaseBuilder.php(1771): CodeIgniter\Database\BaseConnection->query('INSERT INTO `Us...', Array, false)
#4 C:\Users\Moisés David\Desktop\Amikos_\Proyecto_integrador\system\Model.php(239): CodeIgniter\Database\BaseBuilder->insert()
#5 C:\Users\Moisés David\Desktop\Amikos_\Proyecto_integrador\system\BaseModel.php(738): CodeIgniter\Model->doInsert(Array)
#6 C:\Users\Moisés David\Desktop\Amikos_\Proyecto_integrador\system\Model.php(625): CodeIgniter\BaseModel->insert(Array, false)
#7 C:\Users\Moisés David\Desktop\Amikos_\Proyecto_integrador\app\Controllers\Usuario.php(82): CodeIgniter\Model->insert(Array, false)
#8 C:\Users\Moisés David\Desktop\Amikos_\Proyecto_integrador\app\Controllers\Usuario.php(60): App\Controllers\Usuario->insert()
#9 C:\Users\Moisés David\Desktop\Amikos_\Proyecto_integrador\system\CodeIgniter.php(832): App\Controllers\Usuario->agregar()
#10 C:\Users\Moisés David\Desktop\Amikos_\Proyecto_integrador\system\CodeIgniter.php(419): CodeIgniter\CodeIgniter->runController(Object(App\Controllers\Usuario))
#11 C:\Users\Moisés David\Desktop\Amikos_\Proyecto_integrador\system\CodeIgniter.php(326): CodeIgniter\CodeIgniter->handleRequest(NULL, Object(Config\Cache), false)
#12 C:\Users\Moisés David\Desktop\Amikos_\Proyecto_integrador\public\index.php(37): CodeIgniter\CodeIgniter->run()
#13 C:\Users\Moisés David\Desktop\Amikos_\Proyecto_integrador\system\Commands\Server\rewrite.php(43): require_once('C:\\Users\\Mois\xC3\xA9...')
#14 {main}
CRITICAL - 2023-11-27 22:22:45 -->  route cannot be found while reverse-routing.
#0 C:\Users\Moisés David\Desktop\Amikos_\Proyecto_integrador\system\HTTP\RedirectResponse.php(56): CodeIgniter\HTTP\Exceptions\HTTPException::forInvalidRedirectRoute('')
#1 C:\Users\Moisés David\Desktop\Amikos_\Proyecto_integrador\system\Common.php(832): CodeIgniter\HTTP\RedirectResponse->route(false)
#2 C:\Users\Moisés David\Desktop\Amikos_\Proyecto_integrador\app\Controllers\Usuario.php(61): redirect('/usuario/mostra...')
#3 C:\Users\Moisés David\Desktop\Amikos_\Proyecto_integrador\system\CodeIgniter.php(832): App\Controllers\Usuario->agregar()
#4 C:\Users\Moisés David\Desktop\Amikos_\Proyecto_integrador\system\CodeIgniter.php(419): CodeIgniter\CodeIgniter->runController(Object(App\Controllers\Usuario))
#5 C:\Users\Moisés David\Desktop\Amikos_\Proyecto_integrador\system\CodeIgniter.php(326): CodeIgniter\CodeIgniter->handleRequest(NULL, Object(Config\Cache), false)
#6 C:\Users\Moisés David\Desktop\Amikos_\Proyecto_integrador\public\index.php(37): CodeIgniter\CodeIgniter->run()
#7 C:\Users\Moisés David\Desktop\Amikos_\Proyecto_integrador\system\Commands\Server\rewrite.php(43): require_once('C:\\Users\\Mois\xC3\xA9...')
#8 {main}
CRITICAL - 2023-11-27 22:24:08 -->  route cannot be found while reverse-routing.
#0 C:\Users\Moisés David\Desktop\Amikos_\Proyecto_integrador\system\HTTP\RedirectResponse.php(56): CodeIgniter\HTTP\Exceptions\HTTPException::forInvalidRedirectRoute('')
#1 C:\Users\Moisés David\Desktop\Amikos_\Proyecto_integrador\system\Common.php(832): CodeIgniter\HTTP\RedirectResponse->route(false)
#2 C:\Users\Moisés David\Desktop\Amikos_\Proyecto_integrador\app\Controllers\Usuario.php(61): redirect('/administrador/...')
#3 C:\Users\Moisés David\Desktop\Amikos_\Proyecto_integrador\system\CodeIgniter.php(832): App\Controllers\Usuario->agregar()
#4 C:\Users\Moisés David\Desktop\Amikos_\Proyecto_integrador\system\CodeIgniter.php(419): CodeIgniter\CodeIgniter->runController(Object(App\Controllers\Usuario))
#5 C:\Users\Moisés David\Desktop\Amikos_\Proyecto_integrador\system\CodeIgniter.php(326): CodeIgniter\CodeIgniter->handleRequest(NULL, Object(Config\Cache), false)
#6 C:\Users\Moisés David\Desktop\Amikos_\Proyecto_integrador\public\index.php(37): CodeIgniter\CodeIgniter->run()
#7 C:\Users\Moisés David\Desktop\Amikos_\Proyecto_integrador\system\Commands\Server\rewrite.php(43): require_once('C:\\Users\\Mois\xC3\xA9...')
#8 {main}
