CRITICAL - 2023-11-28 13:43:33 -->  route cannot be found while reverse-routing.
#0 C:\Users\Moisés David\Desktop\Amikos_\Proyecto_integrador\system\HTTP\RedirectResponse.php(56): CodeIgniter\HTTP\Exceptions\HTTPException::forInvalidRedirectRoute('')
#1 C:\Users\Moisés David\Desktop\Amikos_\Proyecto_integrador\system\Common.php(832): CodeIgniter\HTTP\RedirectResponse->route(false)
#2 C:\Users\Moisés David\Desktop\Amikos_\Proyecto_integrador\app\Controllers\Usuario.php(139): redirect('usuario/mostrar')
#3 C:\Users\Moisés David\Desktop\Amikos_\Proyecto_integrador\system\CodeIgniter.php(832): App\Controllers\Usuario->update()
#4 C:\Users\Moisés David\Desktop\Amikos_\Proyecto_integrador\system\CodeIgniter.php(419): CodeIgniter\CodeIgniter->runController(Object(App\Controllers\Usuario))
#5 C:\Users\Moisés David\Desktop\Amikos_\Proyecto_integrador\system\CodeIgniter.php(326): CodeIgniter\CodeIgniter->handleRequest(NULL, Object(Config\Cache), false)
#6 C:\Users\Moisés David\Desktop\Amikos_\Proyecto_integrador\public\index.php(37): CodeIgniter\CodeIgniter->run()
#7 C:\Users\Moisés David\Desktop\Amikos_\Proyecto_integrador\system\Commands\Server\rewrite.php(43): require_once('C:\\Users\\Mois\xC3\xA9...')
#8 {main}
CRITICAL - 2023-11-28 13:44:20 --> Undefined array key "idDistribuidor"
#0 C:\Users\Moisés David\Desktop\Amikos_\Proyecto_integrador\app\Controllers\Distribuidor.php(149): CodeIgniter\Debug\Exceptions->errorHandler(2, 'Undefined array...', 'C:\\Users\\Mois\xC3\xA9...', 149)
#1 C:\Users\Moisés David\Desktop\Amikos_\Proyecto_integrador\system\CodeIgniter.php(832): App\Controllers\Distribuidor->update()
#2 C:\Users\Moisés David\Desktop\Amikos_\Proyecto_integrador\system\CodeIgniter.php(419): CodeIgniter\CodeIgniter->runController(Object(App\Controllers\Distribuidor))
#3 C:\Users\Moisés David\Desktop\Amikos_\Proyecto_integrador\system\CodeIgniter.php(326): CodeIgniter\CodeIgniter->handleRequest(NULL, Object(Config\Cache), false)
#4 C:\Users\Moisés David\Desktop\Amikos_\Proyecto_integrador\public\index.php(37): CodeIgniter\CodeIgniter->run()
#5 C:\Users\Moisés David\Desktop\Amikos_\Proyecto_integrador\system\Commands\Server\rewrite.php(43): require_once('C:\\Users\\Mois\xC3\xA9...')
#6 {main}
CRITICAL - 2023-11-28 13:44:44 -->  route cannot be found while reverse-routing.
#0 C:\Users\Moisés David\Desktop\Amikos_\Proyecto_integrador\system\HTTP\RedirectResponse.php(56): CodeIgniter\HTTP\Exceptions\HTTPException::forInvalidRedirectRoute('')
#1 C:\Users\Moisés David\Desktop\Amikos_\Proyecto_integrador\system\Common.php(832): CodeIgniter\HTTP\RedirectResponse->route(false)
#2 C:\Users\Moisés David\Desktop\Amikos_\Proyecto_integrador\app\Controllers\Marca.php(64): redirect('marca/mostrar')
#3 C:\Users\Moisés David\Desktop\Amikos_\Proyecto_integrador\system\CodeIgniter.php(832): App\Controllers\Marca->agregar()
#4 C:\Users\Moisés David\Desktop\Amikos_\Proyecto_integrador\system\CodeIgniter.php(419): CodeIgniter\CodeIgniter->runController(Object(App\Controllers\Marca))
#5 C:\Users\Moisés David\Desktop\Amikos_\Proyecto_integrador\system\CodeIgniter.php(326): CodeIgniter\CodeIgniter->handleRequest(NULL, Object(Config\Cache), false)
#6 C:\Users\Moisés David\Desktop\Amikos_\Proyecto_integrador\public\index.php(37): CodeIgniter\CodeIgniter->run()
#7 C:\Users\Moisés David\Desktop\Amikos_\Proyecto_integrador\system\Commands\Server\rewrite.php(43): require_once('C:\\Users\\Mois\xC3\xA9...')
#8 {main}
ERROR - 2023-11-28 13:51:11 --> Duplicate entry 'Miguel Ángel' for key 'Nombre'
CRITICAL - 2023-11-28 13:51:11 --> Duplicate entry 'Miguel Ángel' for key 'Nombre'
#0 C:\Users\Moisés David\Desktop\Amikos_\Proyecto_integrador\system\Database\MySQLi\Connection.php(292): mysqli->query('INSERT INTO `Us...', 0)
#1 C:\Users\Moisés David\Desktop\Amikos_\Proyecto_integrador\system\Database\BaseConnection.php(670): CodeIgniter\Database\MySQLi\Connection->execute('INSERT INTO `Us...')
#2 C:\Users\Moisés David\Desktop\Amikos_\Proyecto_integrador\system\Database\BaseConnection.php(598): CodeIgniter\Database\BaseConnection->simpleQuery('INSERT INTO `Us...')
#3 C:\Users\Moisés David\Desktop\Amikos_\Proyecto_integrador\system\Database\BaseBuilder.php(1771): CodeIgniter\Database\BaseConnection->query('INSERT INTO `Us...', Array, false)
#4 C:\Users\Moisés David\Desktop\Amikos_\Proyecto_integrador\system\Model.php(239): CodeIgniter\Database\BaseBuilder->insert()
#5 C:\Users\Moisés David\Desktop\Amikos_\Proyecto_integrador\system\BaseModel.php(738): CodeIgniter\Model->doInsert(Array)
#6 C:\Users\Moisés David\Desktop\Amikos_\Proyecto_integrador\system\Model.php(625): CodeIgniter\BaseModel->insert(Array, false)
#7 C:\Users\Moisés David\Desktop\Amikos_\Proyecto_integrador\app\Controllers\Usuario.php(82): CodeIgniter\Model->insert(Array, false)
#8 C:\Users\Moisés David\Desktop\Amikos_\Proyecto_integrador\app\Controllers\Usuario.php(60): App\Controllers\Usuario->insert()
#9 C:\Users\Moisés David\Desktop\Amikos_\Proyecto_integrador\system\CodeIgniter.php(832): App\Controllers\Usuario->agregar()
#10 C:\Users\Moisés David\Desktop\Amikos_\Proyecto_integrador\system\CodeIgniter.php(419): CodeIgniter\CodeIgniter->runController(Object(App\Controllers\Usuario))
#11 C:\Users\Moisés David\Desktop\Amikos_\Proyecto_integrador\system\CodeIgniter.php(326): CodeIgniter\CodeIgniter->handleRequest(NULL, Object(Config\Cache), false)
#12 C:\Users\Moisés David\Desktop\Amikos_\Proyecto_integrador\public\index.php(37): CodeIgniter\CodeIgniter->run()
#13 C:\Users\Moisés David\Desktop\Amikos_\Proyecto_integrador\system\Commands\Server\rewrite.php(43): require_once('C:\\Users\\Mois\xC3\xA9...')
#14 {main}
CRITICAL - 2023-11-28 13:51:23 -->  route cannot be found while reverse-routing.
#0 C:\Users\Moisés David\Desktop\Amikos_\Proyecto_integrador\system\HTTP\RedirectResponse.php(56): CodeIgniter\HTTP\Exceptions\HTTPException::forInvalidRedirectRoute('')
#1 C:\Users\Moisés David\Desktop\Amikos_\Proyecto_integrador\system\Common.php(832): CodeIgniter\HTTP\RedirectResponse->route(false)
#2 C:\Users\Moisés David\Desktop\Amikos_\Proyecto_integrador\app\Controllers\Usuario.php(61): redirect('/administrador/...')
#3 C:\Users\Moisés David\Desktop\Amikos_\Proyecto_integrador\system\CodeIgniter.php(832): App\Controllers\Usuario->agregar()
#4 C:\Users\Moisés David\Desktop\Amikos_\Proyecto_integrador\system\CodeIgniter.php(419): CodeIgniter\CodeIgniter->runController(Object(App\Controllers\Usuario))
#5 C:\Users\Moisés David\Desktop\Amikos_\Proyecto_integrador\system\CodeIgniter.php(326): CodeIgniter\CodeIgniter->handleRequest(NULL, Object(Config\Cache), false)
#6 C:\Users\Moisés David\Desktop\Amikos_\Proyecto_integrador\public\index.php(37): CodeIgniter\CodeIgniter->run()
#7 C:\Users\Moisés David\Desktop\Amikos_\Proyecto_integrador\system\Commands\Server\rewrite.php(43): require_once('C:\\Users\\Mois\xC3\xA9...')
#8 {main}
CRITICAL - 2023-11-28 13:52:21 -->  route cannot be found while reverse-routing.
#0 C:\Users\Moisés David\Desktop\Amikos_\Proyecto_integrador\system\HTTP\RedirectResponse.php(56): CodeIgniter\HTTP\Exceptions\HTTPException::forInvalidRedirectRoute('')
#1 C:\Users\Moisés David\Desktop\Amikos_\Proyecto_integrador\system\Common.php(832): CodeIgniter\HTTP\RedirectResponse->route(false)
#2 C:\Users\Moisés David\Desktop\Amikos_\Proyecto_integrador\app\Controllers\Marca.php(64): redirect('marca/mostrar')
#3 C:\Users\Moisés David\Desktop\Amikos_\Proyecto_integrador\system\CodeIgniter.php(832): App\Controllers\Marca->agregar()
#4 C:\Users\Moisés David\Desktop\Amikos_\Proyecto_integrador\system\CodeIgniter.php(419): CodeIgniter\CodeIgniter->runController(Object(App\Controllers\Marca))
#5 C:\Users\Moisés David\Desktop\Amikos_\Proyecto_integrador\system\CodeIgniter.php(326): CodeIgniter\CodeIgniter->handleRequest(NULL, Object(Config\Cache), false)
#6 C:\Users\Moisés David\Desktop\Amikos_\Proyecto_integrador\public\index.php(37): CodeIgniter\CodeIgniter->run()
#7 C:\Users\Moisés David\Desktop\Amikos_\Proyecto_integrador\system\Commands\Server\rewrite.php(43): require_once('C:\\Users\\Mois\xC3\xA9...')
#8 {main}
CRITICAL - 2023-11-28 13:54:06 -->  route cannot be found while reverse-routing.
#0 C:\Users\Moisés David\Desktop\Amikos_\Proyecto_integrador\system\HTTP\RedirectResponse.php(56): CodeIgniter\HTTP\Exceptions\HTTPException::forInvalidRedirectRoute('')
#1 C:\Users\Moisés David\Desktop\Amikos_\Proyecto_integrador\system\Common.php(832): CodeIgniter\HTTP\RedirectResponse->route(false)
#2 C:\Users\Moisés David\Desktop\Amikos_\Proyecto_integrador\app\Controllers\Usuario.php(61): redirect('/administrador/...')
#3 C:\Users\Moisés David\Desktop\Amikos_\Proyecto_integrador\system\CodeIgniter.php(832): App\Controllers\Usuario->agregar()
#4 C:\Users\Moisés David\Desktop\Amikos_\Proyecto_integrador\system\CodeIgniter.php(419): CodeIgniter\CodeIgniter->runController(Object(App\Controllers\Usuario))
#5 C:\Users\Moisés David\Desktop\Amikos_\Proyecto_integrador\system\CodeIgniter.php(326): CodeIgniter\CodeIgniter->handleRequest(NULL, Object(Config\Cache), false)
#6 C:\Users\Moisés David\Desktop\Amikos_\Proyecto_integrador\public\index.php(37): CodeIgniter\CodeIgniter->run()
#7 C:\Users\Moisés David\Desktop\Amikos_\Proyecto_integrador\system\Commands\Server\rewrite.php(43): require_once('C:\\Users\\Mois\xC3\xA9...')
#8 {main}
CRITICAL - 2023-11-28 13:55:30 -->  route cannot be found while reverse-routing.
#0 C:\Users\Moisés David\Desktop\Amikos_\Proyecto_integrador\system\HTTP\RedirectResponse.php(56): CodeIgniter\HTTP\Exceptions\HTTPException::forInvalidRedirectRoute('')
#1 C:\Users\Moisés David\Desktop\Amikos_\Proyecto_integrador\system\Common.php(832): CodeIgniter\HTTP\RedirectResponse->route(false)
#2 C:\Users\Moisés David\Desktop\Amikos_\Proyecto_integrador\app\Controllers\Usuario.php(61): redirect('usuario/mostrar')
#3 C:\Users\Moisés David\Desktop\Amikos_\Proyecto_integrador\system\CodeIgniter.php(832): App\Controllers\Usuario->agregar()
#4 C:\Users\Moisés David\Desktop\Amikos_\Proyecto_integrador\system\CodeIgniter.php(419): CodeIgniter\CodeIgniter->runController(Object(App\Controllers\Usuario))
#5 C:\Users\Moisés David\Desktop\Amikos_\Proyecto_integrador\system\CodeIgniter.php(326): CodeIgniter\CodeIgniter->handleRequest(NULL, Object(Config\Cache), false)
#6 C:\Users\Moisés David\Desktop\Amikos_\Proyecto_integrador\public\index.php(37): CodeIgniter\CodeIgniter->run()
#7 C:\Users\Moisés David\Desktop\Amikos_\Proyecto_integrador\system\Commands\Server\rewrite.php(43): require_once('C:\\Users\\Mois\xC3\xA9...')
#8 {main}
ERROR - 2023-11-28 13:57:30 --> Duplicate entry 'yuiokjn' for key 'Nombre'
CRITICAL - 2023-11-28 13:57:30 --> Duplicate entry 'yuiokjn' for key 'Nombre'
#0 C:\Users\Moisés David\Desktop\Amikos_\Proyecto_integrador\system\Database\MySQLi\Connection.php(292): mysqli->query('INSERT INTO `Us...', 0)
#1 C:\Users\Moisés David\Desktop\Amikos_\Proyecto_integrador\system\Database\BaseConnection.php(670): CodeIgniter\Database\MySQLi\Connection->execute('INSERT INTO `Us...')
#2 C:\Users\Moisés David\Desktop\Amikos_\Proyecto_integrador\system\Database\BaseConnection.php(598): CodeIgniter\Database\BaseConnection->simpleQuery('INSERT INTO `Us...')
#3 C:\Users\Moisés David\Desktop\Amikos_\Proyecto_integrador\system\Database\BaseBuilder.php(1771): CodeIgniter\Database\BaseConnection->query('INSERT INTO `Us...', Array, false)
#4 C:\Users\Moisés David\Desktop\Amikos_\Proyecto_integrador\system\Model.php(239): CodeIgniter\Database\BaseBuilder->insert()
#5 C:\Users\Moisés David\Desktop\Amikos_\Proyecto_integrador\system\BaseModel.php(738): CodeIgniter\Model->doInsert(Array)
#6 C:\Users\Moisés David\Desktop\Amikos_\Proyecto_integrador\system\Model.php(625): CodeIgniter\BaseModel->insert(Array, false)
#7 C:\Users\Moisés David\Desktop\Amikos_\Proyecto_integrador\app\Controllers\Usuario.php(82): CodeIgniter\Model->insert(Array, false)
#8 C:\Users\Moisés David\Desktop\Amikos_\Proyecto_integrador\app\Controllers\Usuario.php(60): App\Controllers\Usuario->insert()
#9 C:\Users\Moisés David\Desktop\Amikos_\Proyecto_integrador\system\CodeIgniter.php(832): App\Controllers\Usuario->agregar()
#10 C:\Users\Moisés David\Desktop\Amikos_\Proyecto_integrador\system\CodeIgniter.php(419): CodeIgniter\CodeIgniter->runController(Object(App\Controllers\Usuario))
#11 C:\Users\Moisés David\Desktop\Amikos_\Proyecto_integrador\system\CodeIgniter.php(326): CodeIgniter\CodeIgniter->handleRequest(NULL, Object(Config\Cache), false)
#12 C:\Users\Moisés David\Desktop\Amikos_\Proyecto_integrador\public\index.php(37): CodeIgniter\CodeIgniter->run()
#13 C:\Users\Moisés David\Desktop\Amikos_\Proyecto_integrador\system\Commands\Server\rewrite.php(43): require_once('C:\\Users\\Mois\xC3\xA9...')
#14 {main}
CRITICAL - 2023-11-28 14:03:43 --> Undefined property: stdClass::$Correo_Elec
#0 C:\Users\Moisés David\Desktop\Amikos_\Proyecto_integrador\app\Views\usuario\mostrar.php(383): CodeIgniter\Debug\Exceptions->errorHandler(2, 'Undefined prope...', 'C:\\Users\\Mois\xC3\xA9...', 383)
#1 C:\Users\Moisés David\Desktop\Amikos_\Proyecto_integrador\system\View\View.php(210): include('C:\\Users\\Mois\xC3\xA9...')
#2 C:\Users\Moisés David\Desktop\Amikos_\Proyecto_integrador\system\View\View.php(213): CodeIgniter\View\View->CodeIgniter\View\{closure}()
#3 C:\Users\Moisés David\Desktop\Amikos_\Proyecto_integrador\system\Common.php(1089): CodeIgniter\View\View->render('usuario/mostrar', Array, true)
#4 C:\Users\Moisés David\Desktop\Amikos_\Proyecto_integrador\app\Controllers\Usuario.php(26): view('usuario/mostrar', Array)
#5 C:\Users\Moisés David\Desktop\Amikos_\Proyecto_integrador\system\CodeIgniter.php(832): App\Controllers\Usuario->mostrar()
#6 C:\Users\Moisés David\Desktop\Amikos_\Proyecto_integrador\system\CodeIgniter.php(419): CodeIgniter\CodeIgniter->runController(Object(App\Controllers\Usuario))
#7 C:\Users\Moisés David\Desktop\Amikos_\Proyecto_integrador\system\CodeIgniter.php(326): CodeIgniter\CodeIgniter->handleRequest(NULL, Object(Config\Cache), false)
#8 C:\Users\Moisés David\Desktop\Amikos_\Proyecto_integrador\public\index.php(37): CodeIgniter\CodeIgniter->run()
#9 C:\Users\Moisés David\Desktop\Amikos_\Proyecto_integrador\system\Commands\Server\rewrite.php(43): require_once('C:\\Users\\Mois\xC3\xA9...')
#10 {main}
CRITICAL - 2023-11-28 14:04:36 -->  route cannot be found while reverse-routing.
#0 C:\Users\Moisés David\Desktop\Amikos_\Proyecto_integrador\system\HTTP\RedirectResponse.php(56): CodeIgniter\HTTP\Exceptions\HTTPException::forInvalidRedirectRoute('')
#1 C:\Users\Moisés David\Desktop\Amikos_\Proyecto_integrador\system\Common.php(832): CodeIgniter\HTTP\RedirectResponse->route(false)
#2 C:\Users\Moisés David\Desktop\Amikos_\Proyecto_integrador\app\Controllers\Usuario.php(95): redirect('usuario/mostrar')
#3 C:\Users\Moisés David\Desktop\Amikos_\Proyecto_integrador\system\CodeIgniter.php(832): App\Controllers\Usuario->delete('35')
#4 C:\Users\Moisés David\Desktop\Amikos_\Proyecto_integrador\system\CodeIgniter.php(419): CodeIgniter\CodeIgniter->runController(Object(App\Controllers\Usuario))
#5 C:\Users\Moisés David\Desktop\Amikos_\Proyecto_integrador\system\CodeIgniter.php(326): CodeIgniter\CodeIgniter->handleRequest(NULL, Object(Config\Cache), false)
#6 C:\Users\Moisés David\Desktop\Amikos_\Proyecto_integrador\public\index.php(37): CodeIgniter\CodeIgniter->run()
#7 C:\Users\Moisés David\Desktop\Amikos_\Proyecto_integrador\system\Commands\Server\rewrite.php(43): require_once('C:\\Users\\Mois\xC3\xA9...')
#8 {main}
CRITICAL - 2023-11-28 14:05:46 --> Undefined property: stdClass::$Correo_Elec
#0 C:\Users\Moisés David\Desktop\Amikos_\Proyecto_integrador\app\Views\usuario\editar.php(31): CodeIgniter\Debug\Exceptions->errorHandler(2, 'Undefined prope...', 'C:\\Users\\Mois\xC3\xA9...', 31)
#1 C:\Users\Moisés David\Desktop\Amikos_\Proyecto_integrador\system\View\View.php(210): include('C:\\Users\\Mois\xC3\xA9...')
#2 C:\Users\Moisés David\Desktop\Amikos_\Proyecto_integrador\system\View\View.php(213): CodeIgniter\View\View->CodeIgniter\View\{closure}()
#3 C:\Users\Moisés David\Desktop\Amikos_\Proyecto_integrador\system\Common.php(1089): CodeIgniter\View\View->render('usuario/editar', Array, true)
#4 C:\Users\Moisés David\Desktop\Amikos_\Proyecto_integrador\app\Controllers\Usuario.php(110): view('usuario/editar', Array)
#5 C:\Users\Moisés David\Desktop\Amikos_\Proyecto_integrador\system\CodeIgniter.php(832): App\Controllers\Usuario->editar('21')
#6 C:\Users\Moisés David\Desktop\Amikos_\Proyecto_integrador\system\CodeIgniter.php(419): CodeIgniter\CodeIgniter->runController(Object(App\Controllers\Usuario))
#7 C:\Users\Moisés David\Desktop\Amikos_\Proyecto_integrador\system\CodeIgniter.php(326): CodeIgniter\CodeIgniter->handleRequest(NULL, Object(Config\Cache), false)
#8 C:\Users\Moisés David\Desktop\Amikos_\Proyecto_integrador\public\index.php(37): CodeIgniter\CodeIgniter->run()
#9 C:\Users\Moisés David\Desktop\Amikos_\Proyecto_integrador\system\Commands\Server\rewrite.php(43): require_once('C:\\Users\\Mois\xC3\xA9...')
#10 {main}
CRITICAL - 2023-11-28 14:06:32 --> Undefined property: stdClass::$Correo_Elec
#0 C:\Users\Moisés David\Desktop\Amikos_\Proyecto_integrador\app\Views\usuario\mostrar.php(383): CodeIgniter\Debug\Exceptions->errorHandler(2, 'Undefined prope...', 'C:\\Users\\Mois\xC3\xA9...', 383)
#1 C:\Users\Moisés David\Desktop\Amikos_\Proyecto_integrador\system\View\View.php(210): include('C:\\Users\\Mois\xC3\xA9...')
#2 C:\Users\Moisés David\Desktop\Amikos_\Proyecto_integrador\system\View\View.php(213): CodeIgniter\View\View->CodeIgniter\View\{closure}()
#3 C:\Users\Moisés David\Desktop\Amikos_\Proyecto_integrador\system\Common.php(1089): CodeIgniter\View\View->render('usuario/mostrar', Array, true)
#4 C:\Users\Moisés David\Desktop\Amikos_\Proyecto_integrador\app\Controllers\Usuario.php(26): view('usuario/mostrar', Array)
#5 C:\Users\Moisés David\Desktop\Amikos_\Proyecto_integrador\system\CodeIgniter.php(832): App\Controllers\Usuario->mostrar()
#6 C:\Users\Moisés David\Desktop\Amikos_\Proyecto_integrador\system\CodeIgniter.php(419): CodeIgniter\CodeIgniter->runController(Object(App\Controllers\Usuario))
#7 C:\Users\Moisés David\Desktop\Amikos_\Proyecto_integrador\system\CodeIgniter.php(326): CodeIgniter\CodeIgniter->handleRequest(NULL, Object(Config\Cache), false)
#8 C:\Users\Moisés David\Desktop\Amikos_\Proyecto_integrador\public\index.php(37): CodeIgniter\CodeIgniter->run()
#9 C:\Users\Moisés David\Desktop\Amikos_\Proyecto_integrador\system\Commands\Server\rewrite.php(43): require_once('C:\\Users\\Mois\xC3\xA9...')
#10 {main}
CRITICAL - 2023-11-28 14:07:47 -->  route cannot be found while reverse-routing.
#0 C:\Users\Moisés David\Desktop\Amikos_\Proyecto_integrador\system\HTTP\RedirectResponse.php(56): CodeIgniter\HTTP\Exceptions\HTTPException::forInvalidRedirectRoute('')
#1 C:\Users\Moisés David\Desktop\Amikos_\Proyecto_integrador\system\Common.php(832): CodeIgniter\HTTP\RedirectResponse->route(false)
#2 C:\Users\Moisés David\Desktop\Amikos_\Proyecto_integrador\app\Controllers\Usuario.php(139): redirect('usuario/mostrar')
#3 C:\Users\Moisés David\Desktop\Amikos_\Proyecto_integrador\system\CodeIgniter.php(832): App\Controllers\Usuario->update()
#4 C:\Users\Moisés David\Desktop\Amikos_\Proyecto_integrador\system\CodeIgniter.php(419): CodeIgniter\CodeIgniter->runController(Object(App\Controllers\Usuario))
#5 C:\Users\Moisés David\Desktop\Amikos_\Proyecto_integrador\system\CodeIgniter.php(326): CodeIgniter\CodeIgniter->handleRequest(NULL, Object(Config\Cache), false)
#6 C:\Users\Moisés David\Desktop\Amikos_\Proyecto_integrador\public\index.php(37): CodeIgniter\CodeIgniter->run()
#7 C:\Users\Moisés David\Desktop\Amikos_\Proyecto_integrador\system\Commands\Server\rewrite.php(43): require_once('C:\\Users\\Mois\xC3\xA9...')
#8 {main}
CRITICAL - 2023-11-28 14:44:42 --> Undefined property: stdClass::$nombre
#0 C:\Users\Moisés David\Desktop\Amikos_\Proyecto_integrador\app\Views\bicicleta\agregar.php(16): CodeIgniter\Debug\Exceptions->errorHandler(2, 'Undefined prope...', 'C:\\Users\\Mois\xC3\xA9...', 16)
#1 C:\Users\Moisés David\Desktop\Amikos_\Proyecto_integrador\system\View\View.php(210): include('C:\\Users\\Mois\xC3\xA9...')
#2 C:\Users\Moisés David\Desktop\Amikos_\Proyecto_integrador\system\View\View.php(213): CodeIgniter\View\View->CodeIgniter\View\{closure}()
#3 C:\Users\Moisés David\Desktop\Amikos_\Proyecto_integrador\system\Common.php(1089): CodeIgniter\View\View->render('bicicleta/agreg...', Array, true)
#4 C:\Users\Moisés David\Desktop\Amikos_\Proyecto_integrador\app\Controllers\Bicicleta.php(53): view('bicicleta/agreg...', Array)
#5 C:\Users\Moisés David\Desktop\Amikos_\Proyecto_integrador\system\CodeIgniter.php(832): App\Controllers\Bicicleta->agregar()
#6 C:\Users\Moisés David\Desktop\Amikos_\Proyecto_integrador\system\CodeIgniter.php(419): CodeIgniter\CodeIgniter->runController(Object(App\Controllers\Bicicleta))
#7 C:\Users\Moisés David\Desktop\Amikos_\Proyecto_integrador\system\CodeIgniter.php(326): CodeIgniter\CodeIgniter->handleRequest(NULL, Object(Config\Cache), false)
#8 C:\Users\Moisés David\Desktop\Amikos_\Proyecto_integrador\public\index.php(37): CodeIgniter\CodeIgniter->run()
#9 C:\Users\Moisés David\Desktop\Amikos_\Proyecto_integrador\system\Commands\Server\rewrite.php(43): require_once('C:\\Users\\Mois\xC3\xA9...')
#10 {main}
CRITICAL - 2023-11-28 14:56:51 --> Undefined property: stdClass::$idComponente
#0 C:\Users\Moisés David\Desktop\Amikos_\Proyecto_integrador\app\Views\bicicleta\agregar.php(34): CodeIgniter\Debug\Exceptions->errorHandler(2, 'Undefined prope...', 'C:\\Users\\Mois\xC3\xA9...', 34)
#1 C:\Users\Moisés David\Desktop\Amikos_\Proyecto_integrador\system\View\View.php(210): include('C:\\Users\\Mois\xC3\xA9...')
#2 C:\Users\Moisés David\Desktop\Amikos_\Proyecto_integrador\system\View\View.php(213): CodeIgniter\View\View->CodeIgniter\View\{closure}()
#3 C:\Users\Moisés David\Desktop\Amikos_\Proyecto_integrador\system\Common.php(1089): CodeIgniter\View\View->render('bicicleta/agreg...', Array, true)
#4 C:\Users\Moisés David\Desktop\Amikos_\Proyecto_integrador\app\Controllers\Bicicleta.php(53): view('bicicleta/agreg...', Array)
#5 C:\Users\Moisés David\Desktop\Amikos_\Proyecto_integrador\system\CodeIgniter.php(832): App\Controllers\Bicicleta->agregar()
#6 C:\Users\Moisés David\Desktop\Amikos_\Proyecto_integrador\system\CodeIgniter.php(419): CodeIgniter\CodeIgniter->runController(Object(App\Controllers\Bicicleta))
#7 C:\Users\Moisés David\Desktop\Amikos_\Proyecto_integrador\system\CodeIgniter.php(326): CodeIgniter\CodeIgniter->handleRequest(NULL, Object(Config\Cache), false)
#8 C:\Users\Moisés David\Desktop\Amikos_\Proyecto_integrador\public\index.php(37): CodeIgniter\CodeIgniter->run()
#9 C:\Users\Moisés David\Desktop\Amikos_\Proyecto_integrador\system\Commands\Server\rewrite.php(43): require_once('C:\\Users\\Mois\xC3\xA9...')
#10 {main}
CRITICAL - 2023-11-28 14:58:14 --> Attempt to read property "Frenos" on array
#0 C:\Users\Moisés David\Desktop\Amikos_\Proyecto_integrador\app\Views\bicicleta\agregar.php(34): CodeIgniter\Debug\Exceptions->errorHandler(2, 'Attempt to read...', 'C:\\Users\\Mois\xC3\xA9...', 34)
#1 C:\Users\Moisés David\Desktop\Amikos_\Proyecto_integrador\system\View\View.php(210): include('C:\\Users\\Mois\xC3\xA9...')
#2 C:\Users\Moisés David\Desktop\Amikos_\Proyecto_integrador\system\View\View.php(213): CodeIgniter\View\View->CodeIgniter\View\{closure}()
#3 C:\Users\Moisés David\Desktop\Amikos_\Proyecto_integrador\system\Common.php(1089): CodeIgniter\View\View->render('bicicleta/agreg...', Array, true)
#4 C:\Users\Moisés David\Desktop\Amikos_\Proyecto_integrador\app\Controllers\Bicicleta.php(53): view('bicicleta/agreg...', Array)
#5 C:\Users\Moisés David\Desktop\Amikos_\Proyecto_integrador\system\CodeIgniter.php(832): App\Controllers\Bicicleta->agregar()
#6 C:\Users\Moisés David\Desktop\Amikos_\Proyecto_integrador\system\CodeIgniter.php(419): CodeIgniter\CodeIgniter->runController(Object(App\Controllers\Bicicleta))
#7 C:\Users\Moisés David\Desktop\Amikos_\Proyecto_integrador\system\CodeIgniter.php(326): CodeIgniter\CodeIgniter->handleRequest(NULL, Object(Config\Cache), false)
#8 C:\Users\Moisés David\Desktop\Amikos_\Proyecto_integrador\public\index.php(37): CodeIgniter\CodeIgniter->run()
#9 C:\Users\Moisés David\Desktop\Amikos_\Proyecto_integrador\system\Commands\Server\rewrite.php(43): require_once('C:\\Users\\Mois\xC3\xA9...')
#10 {main}
CRITICAL - 2023-11-28 14:58:44 --> Attempt to read property "Frenos" on array
#0 C:\Users\Moisés David\Desktop\Amikos_\Proyecto_integrador\app\Views\bicicleta\agregar.php(34): CodeIgniter\Debug\Exceptions->errorHandler(2, 'Attempt to read...', 'C:\\Users\\Mois\xC3\xA9...', 34)
#1 C:\Users\Moisés David\Desktop\Amikos_\Proyecto_integrador\system\View\View.php(210): include('C:\\Users\\Mois\xC3\xA9...')
#2 C:\Users\Moisés David\Desktop\Amikos_\Proyecto_integrador\system\View\View.php(213): CodeIgniter\View\View->CodeIgniter\View\{closure}()
#3 C:\Users\Moisés David\Desktop\Amikos_\Proyecto_integrador\system\Common.php(1089): CodeIgniter\View\View->render('bicicleta/agreg...', Array, true)
#4 C:\Users\Moisés David\Desktop\Amikos_\Proyecto_integrador\app\Controllers\Bicicleta.php(53): view('bicicleta/agreg...', Array)
#5 C:\Users\Moisés David\Desktop\Amikos_\Proyecto_integrador\system\CodeIgniter.php(832): App\Controllers\Bicicleta->agregar()
#6 C:\Users\Moisés David\Desktop\Amikos_\Proyecto_integrador\system\CodeIgniter.php(419): CodeIgniter\CodeIgniter->runController(Object(App\Controllers\Bicicleta))
#7 C:\Users\Moisés David\Desktop\Amikos_\Proyecto_integrador\system\CodeIgniter.php(326): CodeIgniter\CodeIgniter->handleRequest(NULL, Object(Config\Cache), false)
#8 C:\Users\Moisés David\Desktop\Amikos_\Proyecto_integrador\public\index.php(37): CodeIgniter\CodeIgniter->run()
#9 C:\Users\Moisés David\Desktop\Amikos_\Proyecto_integrador\system\Commands\Server\rewrite.php(43): require_once('C:\\Users\\Mois\xC3\xA9...')
#10 {main}
CRITICAL - 2023-11-28 14:59:03 --> Attempt to read property "Bielas" on array
#0 C:\Users\Moisés David\Desktop\Amikos_\Proyecto_integrador\app\Views\bicicleta\agregar.php(34): CodeIgniter\Debug\Exceptions->errorHandler(2, 'Attempt to read...', 'C:\\Users\\Mois\xC3\xA9...', 34)
#1 C:\Users\Moisés David\Desktop\Amikos_\Proyecto_integrador\system\View\View.php(210): include('C:\\Users\\Mois\xC3\xA9...')
#2 C:\Users\Moisés David\Desktop\Amikos_\Proyecto_integrador\system\View\View.php(213): CodeIgniter\View\View->CodeIgniter\View\{closure}()
#3 C:\Users\Moisés David\Desktop\Amikos_\Proyecto_integrador\system\Common.php(1089): CodeIgniter\View\View->render('bicicleta/agreg...', Array, true)
#4 C:\Users\Moisés David\Desktop\Amikos_\Proyecto_integrador\app\Controllers\Bicicleta.php(53): view('bicicleta/agreg...', Array)
#5 C:\Users\Moisés David\Desktop\Amikos_\Proyecto_integrador\system\CodeIgniter.php(832): App\Controllers\Bicicleta->agregar()
#6 C:\Users\Moisés David\Desktop\Amikos_\Proyecto_integrador\system\CodeIgniter.php(419): CodeIgniter\CodeIgniter->runController(Object(App\Controllers\Bicicleta))
#7 C:\Users\Moisés David\Desktop\Amikos_\Proyecto_integrador\system\CodeIgniter.php(326): CodeIgniter\CodeIgniter->handleRequest(NULL, Object(Config\Cache), false)
#8 C:\Users\Moisés David\Desktop\Amikos_\Proyecto_integrador\public\index.php(37): CodeIgniter\CodeIgniter->run()
#9 C:\Users\Moisés David\Desktop\Amikos_\Proyecto_integrador\system\Commands\Server\rewrite.php(43): require_once('C:\\Users\\Mois\xC3\xA9...')
#10 {main}
ERROR - 2023-11-28 15:21:59 --> Cannot add or update a child row: a foreign key constraint fails (`proyecto_bd`.`bicicleta`, CONSTRAINT `idComponentes` FOREIGN KEY (`Componentes`) REFERENCES `componentes` (`idComponentes`))
CRITICAL - 2023-11-28 15:21:59 --> Cannot add or update a child row: a foreign key constraint fails (`proyecto_bd`.`bicicleta`, CONSTRAINT `idComponentes` FOREIGN KEY (`Componentes`) REFERENCES `componentes` (`idComponentes`))
#0 C:\Users\Moisés David\Desktop\Amikos_\Proyecto_integrador\system\Database\MySQLi\Connection.php(292): mysqli->query('INSERT INTO `Bi...', 0)
#1 C:\Users\Moisés David\Desktop\Amikos_\Proyecto_integrador\system\Database\BaseConnection.php(670): CodeIgniter\Database\MySQLi\Connection->execute('INSERT INTO `Bi...')
#2 C:\Users\Moisés David\Desktop\Amikos_\Proyecto_integrador\system\Database\BaseConnection.php(598): CodeIgniter\Database\BaseConnection->simpleQuery('INSERT INTO `Bi...')
#3 C:\Users\Moisés David\Desktop\Amikos_\Proyecto_integrador\system\Database\BaseBuilder.php(1771): CodeIgniter\Database\BaseConnection->query('INSERT INTO `Bi...', Array, false)
#4 C:\Users\Moisés David\Desktop\Amikos_\Proyecto_integrador\system\Model.php(239): CodeIgniter\Database\BaseBuilder->insert()
#5 C:\Users\Moisés David\Desktop\Amikos_\Proyecto_integrador\system\BaseModel.php(738): CodeIgniter\Model->doInsert(Array)
#6 C:\Users\Moisés David\Desktop\Amikos_\Proyecto_integrador\system\Model.php(625): CodeIgniter\BaseModel->insert(Array, false)
#7 C:\Users\Moisés David\Desktop\Amikos_\Proyecto_integrador\app\Controllers\Bicicleta.php(88): CodeIgniter\Model->insert(Array, false)
#8 C:\Users\Moisés David\Desktop\Amikos_\Proyecto_integrador\app\Controllers\Bicicleta.php(72): App\Controllers\Bicicleta->insert()
#9 C:\Users\Moisés David\Desktop\Amikos_\Proyecto_integrador\system\CodeIgniter.php(832): App\Controllers\Bicicleta->agregar()
#10 C:\Users\Moisés David\Desktop\Amikos_\Proyecto_integrador\system\CodeIgniter.php(419): CodeIgniter\CodeIgniter->runController(Object(App\Controllers\Bicicleta))
#11 C:\Users\Moisés David\Desktop\Amikos_\Proyecto_integrador\system\CodeIgniter.php(326): CodeIgniter\CodeIgniter->handleRequest(NULL, Object(Config\Cache), false)
#12 C:\Users\Moisés David\Desktop\Amikos_\Proyecto_integrador\public\index.php(37): CodeIgniter\CodeIgniter->run()
#13 C:\Users\Moisés David\Desktop\Amikos_\Proyecto_integrador\system\Commands\Server\rewrite.php(43): require_once('C:\\Users\\Mois\xC3\xA9...')
#14 {main}
ERROR - 2023-11-28 15:26:11 --> Cannot add or update a child row: a foreign key constraint fails (`proyecto_bd`.`bicicleta`, CONSTRAINT `idComponentes` FOREIGN KEY (`Componentes`) REFERENCES `componentes` (`idComponentes`))
CRITICAL - 2023-11-28 15:26:11 --> Cannot add or update a child row: a foreign key constraint fails (`proyecto_bd`.`bicicleta`, CONSTRAINT `idComponentes` FOREIGN KEY (`Componentes`) REFERENCES `componentes` (`idComponentes`))
#0 C:\Users\Moisés David\Desktop\Amikos_\Proyecto_integrador\system\Database\MySQLi\Connection.php(292): mysqli->query('INSERT INTO `Bi...', 0)
#1 C:\Users\Moisés David\Desktop\Amikos_\Proyecto_integrador\system\Database\BaseConnection.php(670): CodeIgniter\Database\MySQLi\Connection->execute('INSERT INTO `Bi...')
#2 C:\Users\Moisés David\Desktop\Amikos_\Proyecto_integrador\system\Database\BaseConnection.php(598): CodeIgniter\Database\BaseConnection->simpleQuery('INSERT INTO `Bi...')
#3 C:\Users\Moisés David\Desktop\Amikos_\Proyecto_integrador\system\Database\BaseBuilder.php(1771): CodeIgniter\Database\BaseConnection->query('INSERT INTO `Bi...', Array, false)
#4 C:\Users\Moisés David\Desktop\Amikos_\Proyecto_integrador\system\Model.php(239): CodeIgniter\Database\BaseBuilder->insert()
#5 C:\Users\Moisés David\Desktop\Amikos_\Proyecto_integrador\system\BaseModel.php(738): CodeIgniter\Model->doInsert(Array)
#6 C:\Users\Moisés David\Desktop\Amikos_\Proyecto_integrador\system\Model.php(625): CodeIgniter\BaseModel->insert(Array, false)
#7 C:\Users\Moisés David\Desktop\Amikos_\Proyecto_integrador\app\Controllers\Bicicleta.php(88): CodeIgniter\Model->insert(Array, false)
#8 C:\Users\Moisés David\Desktop\Amikos_\Proyecto_integrador\app\Controllers\Bicicleta.php(72): App\Controllers\Bicicleta->insert()
#9 C:\Users\Moisés David\Desktop\Amikos_\Proyecto_integrador\system\CodeIgniter.php(832): App\Controllers\Bicicleta->agregar()
#10 C:\Users\Moisés David\Desktop\Amikos_\Proyecto_integrador\system\CodeIgniter.php(419): CodeIgniter\CodeIgniter->runController(Object(App\Controllers\Bicicleta))
#11 C:\Users\Moisés David\Desktop\Amikos_\Proyecto_integrador\system\CodeIgniter.php(326): CodeIgniter\CodeIgniter->handleRequest(NULL, Object(Config\Cache), false)
#12 C:\Users\Moisés David\Desktop\Amikos_\Proyecto_integrador\public\index.php(37): CodeIgniter\CodeIgniter->run()
#13 C:\Users\Moisés David\Desktop\Amikos_\Proyecto_integrador\system\Commands\Server\rewrite.php(43): require_once('C:\\Users\\Mois\xC3\xA9...')
#14 {main}
ERROR - 2023-11-28 15:40:20 --> Cannot add or update a child row: a foreign key constraint fails (`proyecto_bd`.`bicicleta`, CONSTRAINT `idComponentes` FOREIGN KEY (`Componentes`) REFERENCES `componentes` (`idComponentes`))
CRITICAL - 2023-11-28 15:40:20 --> Cannot add or update a child row: a foreign key constraint fails (`proyecto_bd`.`bicicleta`, CONSTRAINT `idComponentes` FOREIGN KEY (`Componentes`) REFERENCES `componentes` (`idComponentes`))
#0 C:\Users\Moisés David\Desktop\Amikos_\Proyecto_integrador\system\Database\MySQLi\Connection.php(292): mysqli->query('INSERT INTO `Bi...', 0)
#1 C:\Users\Moisés David\Desktop\Amikos_\Proyecto_integrador\system\Database\BaseConnection.php(670): CodeIgniter\Database\MySQLi\Connection->execute('INSERT INTO `Bi...')
#2 C:\Users\Moisés David\Desktop\Amikos_\Proyecto_integrador\system\Database\BaseConnection.php(598): CodeIgniter\Database\BaseConnection->simpleQuery('INSERT INTO `Bi...')
#3 C:\Users\Moisés David\Desktop\Amikos_\Proyecto_integrador\system\Database\BaseBuilder.php(1771): CodeIgniter\Database\BaseConnection->query('INSERT INTO `Bi...', Array, false)
#4 C:\Users\Moisés David\Desktop\Amikos_\Proyecto_integrador\system\Model.php(239): CodeIgniter\Database\BaseBuilder->insert()
#5 C:\Users\Moisés David\Desktop\Amikos_\Proyecto_integrador\system\BaseModel.php(738): CodeIgniter\Model->doInsert(Array)
#6 C:\Users\Moisés David\Desktop\Amikos_\Proyecto_integrador\system\Model.php(625): CodeIgniter\BaseModel->insert(Array, false)
#7 C:\Users\Moisés David\Desktop\Amikos_\Proyecto_integrador\app\Controllers\Bicicleta.php(88): CodeIgniter\Model->insert(Array, false)
#8 C:\Users\Moisés David\Desktop\Amikos_\Proyecto_integrador\app\Controllers\Bicicleta.php(72): App\Controllers\Bicicleta->insert()
#9 C:\Users\Moisés David\Desktop\Amikos_\Proyecto_integrador\system\CodeIgniter.php(832): App\Controllers\Bicicleta->agregar()
#10 C:\Users\Moisés David\Desktop\Amikos_\Proyecto_integrador\system\CodeIgniter.php(419): CodeIgniter\CodeIgniter->runController(Object(App\Controllers\Bicicleta))
#11 C:\Users\Moisés David\Desktop\Amikos_\Proyecto_integrador\system\CodeIgniter.php(326): CodeIgniter\CodeIgniter->handleRequest(NULL, Object(Config\Cache), false)
#12 C:\Users\Moisés David\Desktop\Amikos_\Proyecto_integrador\public\index.php(37): CodeIgniter\CodeIgniter->run()
#13 C:\Users\Moisés David\Desktop\Amikos_\Proyecto_integrador\system\Commands\Server\rewrite.php(43): require_once('C:\\Users\\Mois\xC3\xA9...')
#14 {main}
ERROR - 2023-11-28 15:40:29 --> Cannot add or update a child row: a foreign key constraint fails (`proyecto_bd`.`bicicleta`, CONSTRAINT `idComponentes` FOREIGN KEY (`Componentes`) REFERENCES `componentes` (`idComponentes`))
CRITICAL - 2023-11-28 15:40:29 --> Cannot add or update a child row: a foreign key constraint fails (`proyecto_bd`.`bicicleta`, CONSTRAINT `idComponentes` FOREIGN KEY (`Componentes`) REFERENCES `componentes` (`idComponentes`))
#0 C:\Users\Moisés David\Desktop\Amikos_\Proyecto_integrador\system\Database\MySQLi\Connection.php(292): mysqli->query('INSERT INTO `Bi...', 0)
#1 C:\Users\Moisés David\Desktop\Amikos_\Proyecto_integrador\system\Database\BaseConnection.php(670): CodeIgniter\Database\MySQLi\Connection->execute('INSERT INTO `Bi...')
#2 C:\Users\Moisés David\Desktop\Amikos_\Proyecto_integrador\system\Database\BaseConnection.php(598): CodeIgniter\Database\BaseConnection->simpleQuery('INSERT INTO `Bi...')
#3 C:\Users\Moisés David\Desktop\Amikos_\Proyecto_integrador\system\Database\BaseBuilder.php(1771): CodeIgniter\Database\BaseConnection->query('INSERT INTO `Bi...', Array, false)
#4 C:\Users\Moisés David\Desktop\Amikos_\Proyecto_integrador\system\Model.php(239): CodeIgniter\Database\BaseBuilder->insert()
#5 C:\Users\Moisés David\Desktop\Amikos_\Proyecto_integrador\system\BaseModel.php(738): CodeIgniter\Model->doInsert(Array)
#6 C:\Users\Moisés David\Desktop\Amikos_\Proyecto_integrador\system\Model.php(625): CodeIgniter\BaseModel->insert(Array, false)
#7 C:\Users\Moisés David\Desktop\Amikos_\Proyecto_integrador\app\Controllers\Bicicleta.php(88): CodeIgniter\Model->insert(Array, false)
#8 C:\Users\Moisés David\Desktop\Amikos_\Proyecto_integrador\app\Controllers\Bicicleta.php(72): App\Controllers\Bicicleta->insert()
#9 C:\Users\Moisés David\Desktop\Amikos_\Proyecto_integrador\system\CodeIgniter.php(832): App\Controllers\Bicicleta->agregar()
#10 C:\Users\Moisés David\Desktop\Amikos_\Proyecto_integrador\system\CodeIgniter.php(419): CodeIgniter\CodeIgniter->runController(Object(App\Controllers\Bicicleta))
#11 C:\Users\Moisés David\Desktop\Amikos_\Proyecto_integrador\system\CodeIgniter.php(326): CodeIgniter\CodeIgniter->handleRequest(NULL, Object(Config\Cache), false)
#12 C:\Users\Moisés David\Desktop\Amikos_\Proyecto_integrador\public\index.php(37): CodeIgniter\CodeIgniter->run()
#13 C:\Users\Moisés David\Desktop\Amikos_\Proyecto_integrador\system\Commands\Server\rewrite.php(43): require_once('C:\\Users\\Mois\xC3\xA9...')
#14 {main}
ERROR - 2023-11-28 19:05:18 --> Cannot add or update a child row: a foreign key constraint fails (`proyecto_bd`.`bicicleta`, CONSTRAINT `idComponentes` FOREIGN KEY (`Componentes`) REFERENCES `componentes` (`idComponentes`))
CRITICAL - 2023-11-28 19:05:18 --> Cannot add or update a child row: a foreign key constraint fails (`proyecto_bd`.`bicicleta`, CONSTRAINT `idComponentes` FOREIGN KEY (`Componentes`) REFERENCES `componentes` (`idComponentes`))
#0 C:\Users\Moisés David\Desktop\Amikos_\Proyecto_integrador\system\Database\MySQLi\Connection.php(292): mysqli->query('INSERT INTO `Bi...', 0)
#1 C:\Users\Moisés David\Desktop\Amikos_\Proyecto_integrador\system\Database\BaseConnection.php(670): CodeIgniter\Database\MySQLi\Connection->execute('INSERT INTO `Bi...')
#2 C:\Users\Moisés David\Desktop\Amikos_\Proyecto_integrador\system\Database\BaseConnection.php(598): CodeIgniter\Database\BaseConnection->simpleQuery('INSERT INTO `Bi...')
#3 C:\Users\Moisés David\Desktop\Amikos_\Proyecto_integrador\system\Database\BaseBuilder.php(1771): CodeIgniter\Database\BaseConnection->query('INSERT INTO `Bi...', Array, false)
#4 C:\Users\Moisés David\Desktop\Amikos_\Proyecto_integrador\system\Model.php(239): CodeIgniter\Database\BaseBuilder->insert()
#5 C:\Users\Moisés David\Desktop\Amikos_\Proyecto_integrador\system\BaseModel.php(738): CodeIgniter\Model->doInsert(Array)
#6 C:\Users\Moisés David\Desktop\Amikos_\Proyecto_integrador\system\Model.php(625): CodeIgniter\BaseModel->insert(Array, false)
#7 C:\Users\Moisés David\Desktop\Amikos_\Proyecto_integrador\app\Controllers\Bicicleta.php(88): CodeIgniter\Model->insert(Array, false)
#8 C:\Users\Moisés David\Desktop\Amikos_\Proyecto_integrador\app\Controllers\Bicicleta.php(72): App\Controllers\Bicicleta->insert()
#9 C:\Users\Moisés David\Desktop\Amikos_\Proyecto_integrador\system\CodeIgniter.php(832): App\Controllers\Bicicleta->agregar()
#10 C:\Users\Moisés David\Desktop\Amikos_\Proyecto_integrador\system\CodeIgniter.php(419): CodeIgniter\CodeIgniter->runController(Object(App\Controllers\Bicicleta))
#11 C:\Users\Moisés David\Desktop\Amikos_\Proyecto_integrador\system\CodeIgniter.php(326): CodeIgniter\CodeIgniter->handleRequest(NULL, Object(Config\Cache), false)
#12 C:\Users\Moisés David\Desktop\Amikos_\Proyecto_integrador\public\index.php(37): CodeIgniter\CodeIgniter->run()
#13 C:\Users\Moisés David\Desktop\Amikos_\Proyecto_integrador\system\Commands\Server\rewrite.php(43): require_once('C:\\Users\\Mois\xC3\xA9...')
#14 {main}
ERROR - 2023-11-28 19:09:08 --> Cannot add or update a child row: a foreign key constraint fails (`proyecto_bd`.`bicicleta`, CONSTRAINT `idComponentes` FOREIGN KEY (`Componentes`) REFERENCES `componentes` (`idComponentes`))
CRITICAL - 2023-11-28 19:09:08 --> Cannot add or update a child row: a foreign key constraint fails (`proyecto_bd`.`bicicleta`, CONSTRAINT `idComponentes` FOREIGN KEY (`Componentes`) REFERENCES `componentes` (`idComponentes`))
#0 C:\Users\Moisés David\Desktop\Amikos_\Proyecto_integrador\system\Database\MySQLi\Connection.php(292): mysqli->query('INSERT INTO `Bi...', 0)
#1 C:\Users\Moisés David\Desktop\Amikos_\Proyecto_integrador\system\Database\BaseConnection.php(670): CodeIgniter\Database\MySQLi\Connection->execute('INSERT INTO `Bi...')
#2 C:\Users\Moisés David\Desktop\Amikos_\Proyecto_integrador\system\Database\BaseConnection.php(598): CodeIgniter\Database\BaseConnection->simpleQuery('INSERT INTO `Bi...')
#3 C:\Users\Moisés David\Desktop\Amikos_\Proyecto_integrador\system\Database\BaseBuilder.php(1771): CodeIgniter\Database\BaseConnection->query('INSERT INTO `Bi...', Array, false)
#4 C:\Users\Moisés David\Desktop\Amikos_\Proyecto_integrador\system\Model.php(239): CodeIgniter\Database\BaseBuilder->insert()
#5 C:\Users\Moisés David\Desktop\Amikos_\Proyecto_integrador\system\BaseModel.php(738): CodeIgniter\Model->doInsert(Array)
#6 C:\Users\Moisés David\Desktop\Amikos_\Proyecto_integrador\system\Model.php(625): CodeIgniter\BaseModel->insert(Array, false)
#7 C:\Users\Moisés David\Desktop\Amikos_\Proyecto_integrador\app\Controllers\Bicicleta.php(88): CodeIgniter\Model->insert(Array, false)
#8 C:\Users\Moisés David\Desktop\Amikos_\Proyecto_integrador\app\Controllers\Bicicleta.php(72): App\Controllers\Bicicleta->insert()
#9 C:\Users\Moisés David\Desktop\Amikos_\Proyecto_integrador\system\CodeIgniter.php(832): App\Controllers\Bicicleta->agregar()
#10 C:\Users\Moisés David\Desktop\Amikos_\Proyecto_integrador\system\CodeIgniter.php(419): CodeIgniter\CodeIgniter->runController(Object(App\Controllers\Bicicleta))
#11 C:\Users\Moisés David\Desktop\Amikos_\Proyecto_integrador\system\CodeIgniter.php(326): CodeIgniter\CodeIgniter->handleRequest(NULL, Object(Config\Cache), false)
#12 C:\Users\Moisés David\Desktop\Amikos_\Proyecto_integrador\public\index.php(37): CodeIgniter\CodeIgniter->run()
#13 C:\Users\Moisés David\Desktop\Amikos_\Proyecto_integrador\system\Commands\Server\rewrite.php(43): require_once('C:\\Users\\Mois\xC3\xA9...')
#14 {main}
ERROR - 2023-11-28 19:10:55 --> Cannot add or update a child row: a foreign key constraint fails (`proyecto_bd`.`bicicleta`, CONSTRAINT `idComponentes` FOREIGN KEY (`Componentes`) REFERENCES `componentes` (`idComponentes`))
CRITICAL - 2023-11-28 19:10:55 --> Cannot add or update a child row: a foreign key constraint fails (`proyecto_bd`.`bicicleta`, CONSTRAINT `idComponentes` FOREIGN KEY (`Componentes`) REFERENCES `componentes` (`idComponentes`))
#0 C:\Users\Moisés David\Desktop\Amikos_\Proyecto_integrador\system\Database\MySQLi\Connection.php(292): mysqli->query('INSERT INTO `Bi...', 0)
#1 C:\Users\Moisés David\Desktop\Amikos_\Proyecto_integrador\system\Database\BaseConnection.php(670): CodeIgniter\Database\MySQLi\Connection->execute('INSERT INTO `Bi...')
#2 C:\Users\Moisés David\Desktop\Amikos_\Proyecto_integrador\system\Database\BaseConnection.php(598): CodeIgniter\Database\BaseConnection->simpleQuery('INSERT INTO `Bi...')
#3 C:\Users\Moisés David\Desktop\Amikos_\Proyecto_integrador\system\Database\BaseBuilder.php(1771): CodeIgniter\Database\BaseConnection->query('INSERT INTO `Bi...', Array, false)
#4 C:\Users\Moisés David\Desktop\Amikos_\Proyecto_integrador\system\Model.php(239): CodeIgniter\Database\BaseBuilder->insert()
#5 C:\Users\Moisés David\Desktop\Amikos_\Proyecto_integrador\system\BaseModel.php(738): CodeIgniter\Model->doInsert(Array)
#6 C:\Users\Moisés David\Desktop\Amikos_\Proyecto_integrador\system\Model.php(625): CodeIgniter\BaseModel->insert(Array, false)
#7 C:\Users\Moisés David\Desktop\Amikos_\Proyecto_integrador\app\Controllers\Bicicleta.php(88): CodeIgniter\Model->insert(Array, false)
#8 C:\Users\Moisés David\Desktop\Amikos_\Proyecto_integrador\app\Controllers\Bicicleta.php(72): App\Controllers\Bicicleta->insert()
#9 C:\Users\Moisés David\Desktop\Amikos_\Proyecto_integrador\system\CodeIgniter.php(832): App\Controllers\Bicicleta->agregar()
#10 C:\Users\Moisés David\Desktop\Amikos_\Proyecto_integrador\system\CodeIgniter.php(419): CodeIgniter\CodeIgniter->runController(Object(App\Controllers\Bicicleta))
#11 C:\Users\Moisés David\Desktop\Amikos_\Proyecto_integrador\system\CodeIgniter.php(326): CodeIgniter\CodeIgniter->handleRequest(NULL, Object(Config\Cache), false)
#12 C:\Users\Moisés David\Desktop\Amikos_\Proyecto_integrador\public\index.php(37): CodeIgniter\CodeIgniter->run()
#13 C:\Users\Moisés David\Desktop\Amikos_\Proyecto_integrador\system\Commands\Server\rewrite.php(43): require_once('C:\\Users\\Mois\xC3\xA9...')
#14 {main}
ERROR - 2023-11-28 19:11:37 --> Cannot add or update a child row: a foreign key constraint fails (`proyecto_bd`.`bicicleta`, CONSTRAINT `idComponentes` FOREIGN KEY (`Componentes`) REFERENCES `componentes` (`idComponentes`))
CRITICAL - 2023-11-28 19:11:37 --> Cannot add or update a child row: a foreign key constraint fails (`proyecto_bd`.`bicicleta`, CONSTRAINT `idComponentes` FOREIGN KEY (`Componentes`) REFERENCES `componentes` (`idComponentes`))
#0 C:\Users\Moisés David\Desktop\Amikos_\Proyecto_integrador\system\Database\MySQLi\Connection.php(292): mysqli->query('INSERT INTO `Bi...', 0)
#1 C:\Users\Moisés David\Desktop\Amikos_\Proyecto_integrador\system\Database\BaseConnection.php(670): CodeIgniter\Database\MySQLi\Connection->execute('INSERT INTO `Bi...')
#2 C:\Users\Moisés David\Desktop\Amikos_\Proyecto_integrador\system\Database\BaseConnection.php(598): CodeIgniter\Database\BaseConnection->simpleQuery('INSERT INTO `Bi...')
#3 C:\Users\Moisés David\Desktop\Amikos_\Proyecto_integrador\system\Database\BaseBuilder.php(1771): CodeIgniter\Database\BaseConnection->query('INSERT INTO `Bi...', Array, false)
#4 C:\Users\Moisés David\Desktop\Amikos_\Proyecto_integrador\system\Model.php(239): CodeIgniter\Database\BaseBuilder->insert()
#5 C:\Users\Moisés David\Desktop\Amikos_\Proyecto_integrador\system\BaseModel.php(738): CodeIgniter\Model->doInsert(Array)
#6 C:\Users\Moisés David\Desktop\Amikos_\Proyecto_integrador\system\Model.php(625): CodeIgniter\BaseModel->insert(Array, false)
#7 C:\Users\Moisés David\Desktop\Amikos_\Proyecto_integrador\app\Controllers\Bicicleta.php(88): CodeIgniter\Model->insert(Array, false)
#8 C:\Users\Moisés David\Desktop\Amikos_\Proyecto_integrador\app\Controllers\Bicicleta.php(72): App\Controllers\Bicicleta->insert()
#9 C:\Users\Moisés David\Desktop\Amikos_\Proyecto_integrador\system\CodeIgniter.php(832): App\Controllers\Bicicleta->agregar()
#10 C:\Users\Moisés David\Desktop\Amikos_\Proyecto_integrador\system\CodeIgniter.php(419): CodeIgniter\CodeIgniter->runController(Object(App\Controllers\Bicicleta))
#11 C:\Users\Moisés David\Desktop\Amikos_\Proyecto_integrador\system\CodeIgniter.php(326): CodeIgniter\CodeIgniter->handleRequest(NULL, Object(Config\Cache), false)
#12 C:\Users\Moisés David\Desktop\Amikos_\Proyecto_integrador\public\index.php(37): CodeIgniter\CodeIgniter->run()
#13 C:\Users\Moisés David\Desktop\Amikos_\Proyecto_integrador\system\Commands\Server\rewrite.php(43): require_once('C:\\Users\\Mois\xC3\xA9...')
#14 {main}
CRITICAL - 2023-11-28 19:30:38 -->  route cannot be found while reverse-routing.
#0 C:\Users\Moisés David\Desktop\Amikos_\Proyecto_integrador\system\HTTP\RedirectResponse.php(56): CodeIgniter\HTTP\Exceptions\HTTPException::forInvalidRedirectRoute('')
#1 C:\Users\Moisés David\Desktop\Amikos_\Proyecto_integrador\system\Common.php(832): CodeIgniter\HTTP\RedirectResponse->route(false)
#2 C:\Users\Moisés David\Desktop\Amikos_\Proyecto_integrador\app\Controllers\Componentes.php(58): redirect('componentes/mos...')
#3 C:\Users\Moisés David\Desktop\Amikos_\Proyecto_integrador\system\CodeIgniter.php(832): App\Controllers\Componentes->agregar()
#4 C:\Users\Moisés David\Desktop\Amikos_\Proyecto_integrador\system\CodeIgniter.php(419): CodeIgniter\CodeIgniter->runController(Object(App\Controllers\Componentes))
#5 C:\Users\Moisés David\Desktop\Amikos_\Proyecto_integrador\system\CodeIgniter.php(326): CodeIgniter\CodeIgniter->handleRequest(NULL, Object(Config\Cache), false)
#6 C:\Users\Moisés David\Desktop\Amikos_\Proyecto_integrador\public\index.php(37): CodeIgniter\CodeIgniter->run()
#7 C:\Users\Moisés David\Desktop\Amikos_\Proyecto_integrador\system\Commands\Server\rewrite.php(43): require_once('C:\\Users\\Mois\xC3\xA9...')
#8 {main}
CRITICAL - 2023-11-28 19:43:02 --> Undefined variable $componentes
#0 C:\Users\Moisés David\Desktop\Amikos_\Proyecto_integrador\app\Views\componentes\editar.php(12): CodeIgniter\Debug\Exceptions->errorHandler(2, 'Undefined varia...', 'C:\\Users\\Mois\xC3\xA9...', 12)
#1 C:\Users\Moisés David\Desktop\Amikos_\Proyecto_integrador\system\View\View.php(210): include('C:\\Users\\Mois\xC3\xA9...')
#2 C:\Users\Moisés David\Desktop\Amikos_\Proyecto_integrador\system\View\View.php(213): CodeIgniter\View\View->CodeIgniter\View\{closure}()
#3 C:\Users\Moisés David\Desktop\Amikos_\Proyecto_integrador\system\Common.php(1089): CodeIgniter\View\View->render('componentes/edi...', Array, true)
#4 C:\Users\Moisés David\Desktop\Amikos_\Proyecto_integrador\app\Controllers\Componentes.php(103): view('componentes/edi...', Array)
#5 C:\Users\Moisés David\Desktop\Amikos_\Proyecto_integrador\system\CodeIgniter.php(832): App\Controllers\Componentes->editar('16')
#6 C:\Users\Moisés David\Desktop\Amikos_\Proyecto_integrador\system\CodeIgniter.php(419): CodeIgniter\CodeIgniter->runController(Object(App\Controllers\Componentes))
#7 C:\Users\Moisés David\Desktop\Amikos_\Proyecto_integrador\system\CodeIgniter.php(326): CodeIgniter\CodeIgniter->handleRequest(NULL, Object(Config\Cache), false)
#8 C:\Users\Moisés David\Desktop\Amikos_\Proyecto_integrador\public\index.php(37): CodeIgniter\CodeIgniter->run()
#9 C:\Users\Moisés David\Desktop\Amikos_\Proyecto_integrador\system\Commands\Server\rewrite.php(43): require_once('C:\\Users\\Mois\xC3\xA9...')
#10 {main}
CRITICAL - 2023-11-28 19:43:28 --> Too few arguments to function App\Controllers\Componentes::editar(), 0 passed in C:\Users\Moisés David\Desktop\Amikos_\Proyecto_integrador\system\CodeIgniter.php on line 832 and exactly 1 expected
#0 C:\Users\Moisés David\Desktop\Amikos_\Proyecto_integrador\system\CodeIgniter.php(832): App\Controllers\Componentes->editar()
#1 C:\Users\Moisés David\Desktop\Amikos_\Proyecto_integrador\system\CodeIgniter.php(419): CodeIgniter\CodeIgniter->runController(Object(App\Controllers\Componentes))
#2 C:\Users\Moisés David\Desktop\Amikos_\Proyecto_integrador\system\CodeIgniter.php(326): CodeIgniter\CodeIgniter->handleRequest(NULL, Object(Config\Cache), false)
#3 C:\Users\Moisés David\Desktop\Amikos_\Proyecto_integrador\public\index.php(37): CodeIgniter\CodeIgniter->run()
#4 C:\Users\Moisés David\Desktop\Amikos_\Proyecto_integrador\system\Commands\Server\rewrite.php(43): require_once('C:\\Users\\Mois\xC3\xA9...')
#5 {main}
CRITICAL - 2023-11-28 19:43:41 --> Too few arguments to function App\Controllers\Componentes::editar(), 0 passed in C:\Users\Moisés David\Desktop\Amikos_\Proyecto_integrador\system\CodeIgniter.php on line 832 and exactly 1 expected
#0 C:\Users\Moisés David\Desktop\Amikos_\Proyecto_integrador\system\CodeIgniter.php(832): App\Controllers\Componentes->editar()
#1 C:\Users\Moisés David\Desktop\Amikos_\Proyecto_integrador\system\CodeIgniter.php(419): CodeIgniter\CodeIgniter->runController(Object(App\Controllers\Componentes))
#2 C:\Users\Moisés David\Desktop\Amikos_\Proyecto_integrador\system\CodeIgniter.php(326): CodeIgniter\CodeIgniter->handleRequest(NULL, Object(Config\Cache), false)
#3 C:\Users\Moisés David\Desktop\Amikos_\Proyecto_integrador\public\index.php(37): CodeIgniter\CodeIgniter->run()
#4 C:\Users\Moisés David\Desktop\Amikos_\Proyecto_integrador\system\Commands\Server\rewrite.php(43): require_once('C:\\Users\\Mois\xC3\xA9...')
#5 {main}
CRITICAL - 2023-11-28 19:46:20 --> Too few arguments to function App\Controllers\Componentes::editar(), 0 passed in C:\Users\Moisés David\Desktop\Amikos_\Proyecto_integrador\system\CodeIgniter.php on line 832 and exactly 1 expected
#0 C:\Users\Moisés David\Desktop\Amikos_\Proyecto_integrador\system\CodeIgniter.php(832): App\Controllers\Componentes->editar()
#1 C:\Users\Moisés David\Desktop\Amikos_\Proyecto_integrador\system\CodeIgniter.php(419): CodeIgniter\CodeIgniter->runController(Object(App\Controllers\Componentes))
#2 C:\Users\Moisés David\Desktop\Amikos_\Proyecto_integrador\system\CodeIgniter.php(326): CodeIgniter\CodeIgniter->handleRequest(NULL, Object(Config\Cache), false)
#3 C:\Users\Moisés David\Desktop\Amikos_\Proyecto_integrador\public\index.php(37): CodeIgniter\CodeIgniter->run()
#4 C:\Users\Moisés David\Desktop\Amikos_\Proyecto_integrador\system\Commands\Server\rewrite.php(43): require_once('C:\\Users\\Mois\xC3\xA9...')
#5 {main}
CRITICAL - 2023-11-28 19:46:22 --> Too few arguments to function App\Controllers\Componentes::editar(), 0 passed in C:\Users\Moisés David\Desktop\Amikos_\Proyecto_integrador\system\CodeIgniter.php on line 832 and exactly 1 expected
#0 C:\Users\Moisés David\Desktop\Amikos_\Proyecto_integrador\system\CodeIgniter.php(832): App\Controllers\Componentes->editar()
#1 C:\Users\Moisés David\Desktop\Amikos_\Proyecto_integrador\system\CodeIgniter.php(419): CodeIgniter\CodeIgniter->runController(Object(App\Controllers\Componentes))
#2 C:\Users\Moisés David\Desktop\Amikos_\Proyecto_integrador\system\CodeIgniter.php(326): CodeIgniter\CodeIgniter->handleRequest(NULL, Object(Config\Cache), false)
#3 C:\Users\Moisés David\Desktop\Amikos_\Proyecto_integrador\public\index.php(37): CodeIgniter\CodeIgniter->run()
#4 C:\Users\Moisés David\Desktop\Amikos_\Proyecto_integrador\system\Commands\Server\rewrite.php(43): require_once('C:\\Users\\Mois\xC3\xA9...')
#5 {main}
ERROR - 2023-11-28 19:47:34 --> Cannot add or update a child row: a foreign key constraint fails (`proyecto_bd`.`bicicleta`, CONSTRAINT `idComponentes` FOREIGN KEY (`Componentes`) REFERENCES `componentes` (`idComponentes`))
CRITICAL - 2023-11-28 19:47:34 --> Cannot add or update a child row: a foreign key constraint fails (`proyecto_bd`.`bicicleta`, CONSTRAINT `idComponentes` FOREIGN KEY (`Componentes`) REFERENCES `componentes` (`idComponentes`))
#0 C:\Users\Moisés David\Desktop\Amikos_\Proyecto_integrador\system\Database\MySQLi\Connection.php(292): mysqli->query('INSERT INTO `Bi...', 0)
#1 C:\Users\Moisés David\Desktop\Amikos_\Proyecto_integrador\system\Database\BaseConnection.php(670): CodeIgniter\Database\MySQLi\Connection->execute('INSERT INTO `Bi...')
#2 C:\Users\Moisés David\Desktop\Amikos_\Proyecto_integrador\system\Database\BaseConnection.php(598): CodeIgniter\Database\BaseConnection->simpleQuery('INSERT INTO `Bi...')
#3 C:\Users\Moisés David\Desktop\Amikos_\Proyecto_integrador\system\Database\BaseBuilder.php(1771): CodeIgniter\Database\BaseConnection->query('INSERT INTO `Bi...', Array, false)
#4 C:\Users\Moisés David\Desktop\Amikos_\Proyecto_integrador\system\Model.php(239): CodeIgniter\Database\BaseBuilder->insert()
#5 C:\Users\Moisés David\Desktop\Amikos_\Proyecto_integrador\system\BaseModel.php(738): CodeIgniter\Model->doInsert(Array)
#6 C:\Users\Moisés David\Desktop\Amikos_\Proyecto_integrador\system\Model.php(625): CodeIgniter\BaseModel->insert(Array, false)
#7 C:\Users\Moisés David\Desktop\Amikos_\Proyecto_integrador\app\Controllers\Bicicleta.php(88): CodeIgniter\Model->insert(Array, false)
#8 C:\Users\Moisés David\Desktop\Amikos_\Proyecto_integrador\app\Controllers\Bicicleta.php(72): App\Controllers\Bicicleta->insert()
#9 C:\Users\Moisés David\Desktop\Amikos_\Proyecto_integrador\system\CodeIgniter.php(832): App\Controllers\Bicicleta->agregar()
#10 C:\Users\Moisés David\Desktop\Amikos_\Proyecto_integrador\system\CodeIgniter.php(419): CodeIgniter\CodeIgniter->runController(Object(App\Controllers\Bicicleta))
#11 C:\Users\Moisés David\Desktop\Amikos_\Proyecto_integrador\system\CodeIgniter.php(326): CodeIgniter\CodeIgniter->handleRequest(NULL, Object(Config\Cache), false)
#12 C:\Users\Moisés David\Desktop\Amikos_\Proyecto_integrador\public\index.php(37): CodeIgniter\CodeIgniter->run()
#13 C:\Users\Moisés David\Desktop\Amikos_\Proyecto_integrador\system\Commands\Server\rewrite.php(43): require_once('C:\\Users\\Mois\xC3\xA9...')
#14 {main}
ERROR - 2023-11-28 21:23:49 --> Error connecting to the database: No se puede establecer una conexión ya que el equipo de destino denegó expresamente dicha conexión
CRITICAL - 2023-11-28 21:23:49 --> Unable to connect to the database.
Main connection [MySQLi]: No se puede establecer una conexión ya que el equipo de destino denegó expresamente dicha conexión
#0 C:\Users\Moisés David\Desktop\Amikos_\Proyecto_integrador\system\Database\BaseConnection.php(577): CodeIgniter\Database\BaseConnection->initialize()
#1 C:\Users\Moisés David\Desktop\Amikos_\Proyecto_integrador\system\Database\BaseBuilder.php(1455): CodeIgniter\Database\BaseConnection->query('SELECT *\nFROM `...', Array, false)
#2 C:\Users\Moisés David\Desktop\Amikos_\Proyecto_integrador\system\Model.php(183): CodeIgniter\Database\BaseBuilder->get()
#3 C:\Users\Moisés David\Desktop\Amikos_\Proyecto_integrador\system\BaseModel.php(584): CodeIgniter\Model->doFindAll(0, 0)
#4 C:\Users\Moisés David\Desktop\Amikos_\Proyecto_integrador\app\Controllers\Modelo.php(16): CodeIgniter\BaseModel->findAll()
#5 C:\Users\Moisés David\Desktop\Amikos_\Proyecto_integrador\system\CodeIgniter.php(832): App\Controllers\Modelo->mostrar()
#6 C:\Users\Moisés David\Desktop\Amikos_\Proyecto_integrador\system\CodeIgniter.php(419): CodeIgniter\CodeIgniter->runController(Object(App\Controllers\Modelo))
#7 C:\Users\Moisés David\Desktop\Amikos_\Proyecto_integrador\system\CodeIgniter.php(326): CodeIgniter\CodeIgniter->handleRequest(NULL, Object(Config\Cache), false)
#8 C:\Users\Moisés David\Desktop\Amikos_\Proyecto_integrador\public\index.php(37): CodeIgniter\CodeIgniter->run()
#9 C:\Users\Moisés David\Desktop\Amikos_\Proyecto_integrador\system\Commands\Server\rewrite.php(43): require_once('C:\\Users\\Mois\xC3\xA9...')
#10 {main}
CRITICAL - 2023-11-28 21:44:18 -->  route cannot be found while reverse-routing.
#0 C:\Users\Moisés David\Desktop\Amikos_\Proyecto_integrador\system\HTTP\RedirectResponse.php(56): CodeIgniter\HTTP\Exceptions\HTTPException::forInvalidRedirectRoute('')
#1 C:\Users\Moisés David\Desktop\Amikos_\Proyecto_integrador\system\Common.php(832): CodeIgniter\HTTP\RedirectResponse->route(false)
#2 C:\Users\Moisés David\Desktop\Amikos_\Proyecto_integrador\app\Controllers\Marca.php(64): redirect('marca/mostrar')
#3 C:\Users\Moisés David\Desktop\Amikos_\Proyecto_integrador\system\CodeIgniter.php(832): App\Controllers\Marca->agregar()
#4 C:\Users\Moisés David\Desktop\Amikos_\Proyecto_integrador\system\CodeIgniter.php(419): CodeIgniter\CodeIgniter->runController(Object(App\Controllers\Marca))
#5 C:\Users\Moisés David\Desktop\Amikos_\Proyecto_integrador\system\CodeIgniter.php(326): CodeIgniter\CodeIgniter->handleRequest(NULL, Object(Config\Cache), false)
#6 C:\Users\Moisés David\Desktop\Amikos_\Proyecto_integrador\public\index.php(37): CodeIgniter\CodeIgniter->run()
#7 C:\Users\Moisés David\Desktop\Amikos_\Proyecto_integrador\system\Commands\Server\rewrite.php(43): require_once('C:\\Users\\Mois\xC3\xA9...')
#8 {main}
CRITICAL - 2023-11-28 21:44:58 --> Undefined variable $distribuidores
#0 C:\Users\Moisés David\Desktop\Amikos_\Proyecto_integrador\app\Views\marca\editar.php(37): CodeIgniter\Debug\Exceptions->errorHandler(2, 'Undefined varia...', 'C:\\Users\\Mois\xC3\xA9...', 37)
#1 C:\Users\Moisés David\Desktop\Amikos_\Proyecto_integrador\system\View\View.php(210): include('C:\\Users\\Mois\xC3\xA9...')
#2 C:\Users\Moisés David\Desktop\Amikos_\Proyecto_integrador\system\View\View.php(213): CodeIgniter\View\View->CodeIgniter\View\{closure}()
#3 C:\Users\Moisés David\Desktop\Amikos_\Proyecto_integrador\system\Common.php(1089): CodeIgniter\View\View->render('marca/editar', Array, true)
#4 C:\Users\Moisés David\Desktop\Amikos_\Proyecto_integrador\app\Controllers\Marca.php(113): view('marca/editar', Array)
#5 C:\Users\Moisés David\Desktop\Amikos_\Proyecto_integrador\system\CodeIgniter.php(832): App\Controllers\Marca->editar('28')
#6 C:\Users\Moisés David\Desktop\Amikos_\Proyecto_integrador\system\CodeIgniter.php(419): CodeIgniter\CodeIgniter->runController(Object(App\Controllers\Marca))
#7 C:\Users\Moisés David\Desktop\Amikos_\Proyecto_integrador\system\CodeIgniter.php(326): CodeIgniter\CodeIgniter->handleRequest(NULL, Object(Config\Cache), false)
#8 C:\Users\Moisés David\Desktop\Amikos_\Proyecto_integrador\public\index.php(37): CodeIgniter\CodeIgniter->run()
#9 C:\Users\Moisés David\Desktop\Amikos_\Proyecto_integrador\system\Commands\Server\rewrite.php(43): require_once('C:\\Users\\Mois\xC3\xA9...')
#10 {main}
CRITICAL - 2023-11-28 21:50:22 --> Undefined array key "nombre"
#0 C:\Users\Moisés David\Desktop\Amikos_\Proyecto_integrador\app\Views\marca\editar.php(40): CodeIgniter\Debug\Exceptions->errorHandler(2, 'Undefined array...', 'C:\\Users\\Mois\xC3\xA9...', 40)
#1 C:\Users\Moisés David\Desktop\Amikos_\Proyecto_integrador\system\View\View.php(210): include('C:\\Users\\Mois\xC3\xA9...')
#2 C:\Users\Moisés David\Desktop\Amikos_\Proyecto_integrador\system\View\View.php(213): CodeIgniter\View\View->CodeIgniter\View\{closure}()
#3 C:\Users\Moisés David\Desktop\Amikos_\Proyecto_integrador\system\Common.php(1089): CodeIgniter\View\View->render('marca/editar', Array, true)
#4 C:\Users\Moisés David\Desktop\Amikos_\Proyecto_integrador\app\Controllers\Marca.php(115): view('marca/editar', Array)
#5 C:\Users\Moisés David\Desktop\Amikos_\Proyecto_integrador\system\CodeIgniter.php(832): App\Controllers\Marca->editar('29')
#6 C:\Users\Moisés David\Desktop\Amikos_\Proyecto_integrador\system\CodeIgniter.php(419): CodeIgniter\CodeIgniter->runController(Object(App\Controllers\Marca))
#7 C:\Users\Moisés David\Desktop\Amikos_\Proyecto_integrador\system\CodeIgniter.php(326): CodeIgniter\CodeIgniter->handleRequest(NULL, Object(Config\Cache), false)
#8 C:\Users\Moisés David\Desktop\Amikos_\Proyecto_integrador\public\index.php(37): CodeIgniter\CodeIgniter->run()
#9 C:\Users\Moisés David\Desktop\Amikos_\Proyecto_integrador\system\Commands\Server\rewrite.php(43): require_once('C:\\Users\\Mois\xC3\xA9...')
#10 {main}
CRITICAL - 2023-11-28 21:51:55 --> Undefined array key "idModelo"
#0 C:\Users\Moisés David\Desktop\Amikos_\Proyecto_integrador\app\Controllers\Modelo.php(123): CodeIgniter\Debug\Exceptions->errorHandler(2, 'Undefined array...', 'C:\\Users\\Mois\xC3\xA9...', 123)
#1 C:\Users\Moisés David\Desktop\Amikos_\Proyecto_integrador\app\Controllers\Modelo.php(105): App\Controllers\Modelo->update()
#2 C:\Users\Moisés David\Desktop\Amikos_\Proyecto_integrador\system\CodeIgniter.php(832): App\Controllers\Modelo->editar('20')
#3 C:\Users\Moisés David\Desktop\Amikos_\Proyecto_integrador\system\CodeIgniter.php(419): CodeIgniter\CodeIgniter->runController(Object(App\Controllers\Modelo))
#4 C:\Users\Moisés David\Desktop\Amikos_\Proyecto_integrador\system\CodeIgniter.php(326): CodeIgniter\CodeIgniter->handleRequest(NULL, Object(Config\Cache), false)
#5 C:\Users\Moisés David\Desktop\Amikos_\Proyecto_integrador\public\index.php(37): CodeIgniter\CodeIgniter->run()
#6 C:\Users\Moisés David\Desktop\Amikos_\Proyecto_integrador\system\Commands\Server\rewrite.php(43): require_once('C:\\Users\\Mois\xC3\xA9...')
#7 {main}
CRITICAL - 2023-11-28 21:52:17 --> Undefined array key "idModelo"
#0 C:\Users\Moisés David\Desktop\Amikos_\Proyecto_integrador\app\Controllers\Modelo.php(123): CodeIgniter\Debug\Exceptions->errorHandler(2, 'Undefined array...', 'C:\\Users\\Mois\xC3\xA9...', 123)
#1 C:\Users\Moisés David\Desktop\Amikos_\Proyecto_integrador\app\Controllers\Modelo.php(105): App\Controllers\Modelo->update()
#2 C:\Users\Moisés David\Desktop\Amikos_\Proyecto_integrador\system\CodeIgniter.php(832): App\Controllers\Modelo->editar('20')
#3 C:\Users\Moisés David\Desktop\Amikos_\Proyecto_integrador\system\CodeIgniter.php(419): CodeIgniter\CodeIgniter->runController(Object(App\Controllers\Modelo))
#4 C:\Users\Moisés David\Desktop\Amikos_\Proyecto_integrador\system\CodeIgniter.php(326): CodeIgniter\CodeIgniter->handleRequest(NULL, Object(Config\Cache), false)
#5 C:\Users\Moisés David\Desktop\Amikos_\Proyecto_integrador\public\index.php(37): CodeIgniter\CodeIgniter->run()
#6 C:\Users\Moisés David\Desktop\Amikos_\Proyecto_integrador\system\Commands\Server\rewrite.php(43): require_once('C:\\Users\\Mois\xC3\xA9...')
#7 {main}
