CRITICAL - 2023-10-16 22:07:42 --> Undefined variable $totalCarreras
#0 C:\Users\juanp\Desktop\estudiantec\app\Views\carrera\mostrar.php(41): CodeIgniter\Debug\Exceptions->errorHandler(2, 'Undefined varia...', 'C:\\Users\\juanp\\...', 41)
#1 C:\Users\juanp\Desktop\estudiantec\system\View\View.php(210): include('C:\\Users\\juanp\\...')
#2 C:\Users\juanp\Desktop\estudiantec\system\View\View.php(213): CodeIgniter\View\View->CodeIgniter\View\{closure}()
#3 C:\Users\juanp\Desktop\estudiantec\system\Common.php(1089): CodeIgniter\View\View->render('carrera/mostrar', Array, true)
#4 C:\Users\juanp\Desktop\estudiantec\app\Controllers\Carrera.php(20): view('carrera/mostrar', Array)
#5 C:\Users\juanp\Desktop\estudiantec\system\CodeIgniter.php(832): App\Controllers\Carrera->mostrar()
#6 C:\Users\juanp\Desktop\estudiantec\system\CodeIgniter.php(419): CodeIgniter\CodeIgniter->runController(Object(App\Controllers\Carrera))
#7 C:\Users\juanp\Desktop\estudiantec\system\CodeIgniter.php(326): CodeIgniter\CodeIgniter->handleRequest(NULL, Object(Config\Cache), false)
#8 C:\Users\juanp\Desktop\estudiantec\public\index.php(37): CodeIgniter\CodeIgniter->run()
#9 C:\Users\juanp\Desktop\estudiantec\system\Commands\Server\rewrite.php(43): require_once('C:\\Users\\juanp\\...')
#10 {main}
CRITICAL - 2023-10-16 22:15:05 --> Undefined property: stdClass::$carrera
#0 C:\Users\juanp\Desktop\estudiantec\app\Views\carrera\mostrar.php(13): CodeIgniter\Debug\Exceptions->errorHandler(2, 'Undefined prope...', 'C:\\Users\\juanp\\...', 13)
#1 C:\Users\juanp\Desktop\estudiantec\system\View\View.php(210): include('C:\\Users\\juanp\\...')
#2 C:\Users\juanp\Desktop\estudiantec\system\View\View.php(213): CodeIgniter\View\View->CodeIgniter\View\{closure}()
#3 C:\Users\juanp\Desktop\estudiantec\system\Common.php(1089): CodeIgniter\View\View->render('carrera/mostrar', Array, true)
#4 C:\Users\juanp\Desktop\estudiantec\app\Controllers\Carrera.php(20): view('carrera/mostrar', Array)
#5 C:\Users\juanp\Desktop\estudiantec\system\CodeIgniter.php(832): App\Controllers\Carrera->mostrar()
#6 C:\Users\juanp\Desktop\estudiantec\system\CodeIgniter.php(419): CodeIgniter\CodeIgniter->runController(Object(App\Controllers\Carrera))
#7 C:\Users\juanp\Desktop\estudiantec\system\CodeIgniter.php(326): CodeIgniter\CodeIgniter->handleRequest(NULL, Object(Config\Cache), false)
#8 C:\Users\juanp\Desktop\estudiantec\public\index.php(37): CodeIgniter\CodeIgniter->run()
#9 C:\Users\juanp\Desktop\estudiantec\system\Commands\Server\rewrite.php(43): require_once('C:\\Users\\juanp\\...')
#10 {main}
CRITICAL - 2023-10-16 22:15:06 --> Undefined property: stdClass::$carrera
#0 C:\Users\juanp\Desktop\estudiantec\app\Views\carrera\mostrar.php(13): CodeIgniter\Debug\Exceptions->errorHandler(2, 'Undefined prope...', 'C:\\Users\\juanp\\...', 13)
#1 C:\Users\juanp\Desktop\estudiantec\system\View\View.php(210): include('C:\\Users\\juanp\\...')
#2 C:\Users\juanp\Desktop\estudiantec\system\View\View.php(213): CodeIgniter\View\View->CodeIgniter\View\{closure}()
#3 C:\Users\juanp\Desktop\estudiantec\system\Common.php(1089): CodeIgniter\View\View->render('carrera/mostrar', Array, true)
#4 C:\Users\juanp\Desktop\estudiantec\app\Controllers\Carrera.php(20): view('carrera/mostrar', Array)
#5 C:\Users\juanp\Desktop\estudiantec\system\CodeIgniter.php(832): App\Controllers\Carrera->mostrar()
#6 C:\Users\juanp\Desktop\estudiantec\system\CodeIgniter.php(419): CodeIgniter\CodeIgniter->runController(Object(App\Controllers\Carrera))
#7 C:\Users\juanp\Desktop\estudiantec\system\CodeIgniter.php(326): CodeIgniter\CodeIgniter->handleRequest(NULL, Object(Config\Cache), false)
#8 C:\Users\juanp\Desktop\estudiantec\public\index.php(37): CodeIgniter\CodeIgniter->run()
#9 C:\Users\juanp\Desktop\estudiantec\system\Commands\Server\rewrite.php(43): require_once('C:\\Users\\juanp\\...')
#10 {main}
CRITICAL - 2023-10-16 22:15:07 --> Undefined property: stdClass::$carrera
#0 C:\Users\juanp\Desktop\estudiantec\app\Views\carrera\mostrar.php(13): CodeIgniter\Debug\Exceptions->errorHandler(2, 'Undefined prope...', 'C:\\Users\\juanp\\...', 13)
#1 C:\Users\juanp\Desktop\estudiantec\system\View\View.php(210): include('C:\\Users\\juanp\\...')
#2 C:\Users\juanp\Desktop\estudiantec\system\View\View.php(213): CodeIgniter\View\View->CodeIgniter\View\{closure}()
#3 C:\Users\juanp\Desktop\estudiantec\system\Common.php(1089): CodeIgniter\View\View->render('carrera/mostrar', Array, true)
#4 C:\Users\juanp\Desktop\estudiantec\app\Controllers\Carrera.php(20): view('carrera/mostrar', Array)
#5 C:\Users\juanp\Desktop\estudiantec\system\CodeIgniter.php(832): App\Controllers\Carrera->mostrar()
#6 C:\Users\juanp\Desktop\estudiantec\system\CodeIgniter.php(419): CodeIgniter\CodeIgniter->runController(Object(App\Controllers\Carrera))
#7 C:\Users\juanp\Desktop\estudiantec\system\CodeIgniter.php(326): CodeIgniter\CodeIgniter->handleRequest(NULL, Object(Config\Cache), false)
#8 C:\Users\juanp\Desktop\estudiantec\public\index.php(37): CodeIgniter\CodeIgniter->run()
#9 C:\Users\juanp\Desktop\estudiantec\system\Commands\Server\rewrite.php(43): require_once('C:\\Users\\juanp\\...')
#10 {main}
CRITICAL - 2023-10-16 22:15:07 --> Undefined property: stdClass::$carrera
#0 C:\Users\juanp\Desktop\estudiantec\app\Views\carrera\mostrar.php(13): CodeIgniter\Debug\Exceptions->errorHandler(2, 'Undefined prope...', 'C:\\Users\\juanp\\...', 13)
#1 C:\Users\juanp\Desktop\estudiantec\system\View\View.php(210): include('C:\\Users\\juanp\\...')
#2 C:\Users\juanp\Desktop\estudiantec\system\View\View.php(213): CodeIgniter\View\View->CodeIgniter\View\{closure}()
#3 C:\Users\juanp\Desktop\estudiantec\system\Common.php(1089): CodeIgniter\View\View->render('carrera/mostrar', Array, true)
#4 C:\Users\juanp\Desktop\estudiantec\app\Controllers\Carrera.php(20): view('carrera/mostrar', Array)
#5 C:\Users\juanp\Desktop\estudiantec\system\CodeIgniter.php(832): App\Controllers\Carrera->mostrar()
#6 C:\Users\juanp\Desktop\estudiantec\system\CodeIgniter.php(419): CodeIgniter\CodeIgniter->runController(Object(App\Controllers\Carrera))
#7 C:\Users\juanp\Desktop\estudiantec\system\CodeIgniter.php(326): CodeIgniter\CodeIgniter->handleRequest(NULL, Object(Config\Cache), false)
#8 C:\Users\juanp\Desktop\estudiantec\public\index.php(37): CodeIgniter\CodeIgniter->run()
#9 C:\Users\juanp\Desktop\estudiantec\system\Commands\Server\rewrite.php(43): require_once('C:\\Users\\juanp\\...')
#10 {main}
CRITICAL - 2023-10-16 22:15:07 --> Undefined property: stdClass::$carrera
#0 C:\Users\juanp\Desktop\estudiantec\app\Views\carrera\mostrar.php(13): CodeIgniter\Debug\Exceptions->errorHandler(2, 'Undefined prope...', 'C:\\Users\\juanp\\...', 13)
#1 C:\Users\juanp\Desktop\estudiantec\system\View\View.php(210): include('C:\\Users\\juanp\\...')
#2 C:\Users\juanp\Desktop\estudiantec\system\View\View.php(213): CodeIgniter\View\View->CodeIgniter\View\{closure}()
#3 C:\Users\juanp\Desktop\estudiantec\system\Common.php(1089): CodeIgniter\View\View->render('carrera/mostrar', Array, true)
#4 C:\Users\juanp\Desktop\estudiantec\app\Controllers\Carrera.php(20): view('carrera/mostrar', Array)
#5 C:\Users\juanp\Desktop\estudiantec\system\CodeIgniter.php(832): App\Controllers\Carrera->mostrar()
#6 C:\Users\juanp\Desktop\estudiantec\system\CodeIgniter.php(419): CodeIgniter\CodeIgniter->runController(Object(App\Controllers\Carrera))
#7 C:\Users\juanp\Desktop\estudiantec\system\CodeIgniter.php(326): CodeIgniter\CodeIgniter->handleRequest(NULL, Object(Config\Cache), false)
#8 C:\Users\juanp\Desktop\estudiantec\public\index.php(37): CodeIgniter\CodeIgniter->run()
#9 C:\Users\juanp\Desktop\estudiantec\system\Commands\Server\rewrite.php(43): require_once('C:\\Users\\juanp\\...')
#10 {main}
CRITICAL - 2023-10-16 22:16:33 --> Undefined property: stdClass::$carrera
#0 C:\Users\juanp\Desktop\estudiantec\app\Views\carrera\mostrar.php(13): CodeIgniter\Debug\Exceptions->errorHandler(2, 'Undefined prope...', 'C:\\Users\\juanp\\...', 13)
#1 C:\Users\juanp\Desktop\estudiantec\system\View\View.php(210): include('C:\\Users\\juanp\\...')
#2 C:\Users\juanp\Desktop\estudiantec\system\View\View.php(213): CodeIgniter\View\View->CodeIgniter\View\{closure}()
#3 C:\Users\juanp\Desktop\estudiantec\system\Common.php(1089): CodeIgniter\View\View->render('carrera/mostrar', Array, true)
#4 C:\Users\juanp\Desktop\estudiantec\app\Controllers\Carrera.php(20): view('carrera/mostrar', Array)
#5 C:\Users\juanp\Desktop\estudiantec\system\CodeIgniter.php(832): App\Controllers\Carrera->mostrar()
#6 C:\Users\juanp\Desktop\estudiantec\system\CodeIgniter.php(419): CodeIgniter\CodeIgniter->runController(Object(App\Controllers\Carrera))
#7 C:\Users\juanp\Desktop\estudiantec\system\CodeIgniter.php(326): CodeIgniter\CodeIgniter->handleRequest(NULL, Object(Config\Cache), false)
#8 C:\Users\juanp\Desktop\estudiantec\public\index.php(37): CodeIgniter\CodeIgniter->run()
#9 C:\Users\juanp\Desktop\estudiantec\system\Commands\Server\rewrite.php(43): require_once('C:\\Users\\juanp\\...')
#10 {main}
